<?xml version="1.0"?>
<testsuites>
  <testsuite name="Chrome 32.0.1700 (Mac OS X 10.9.1)" package="" timestamp="2014-01-31T14:46:37" id="0" hostname="pivanovmac.local" tests="5292" errors="0" failures="80" time="85.481">
    <properties>
      <property name="browser.fullName" value="Mozilla/5.0 (Macintosh; Intel Mac OS X 10_9_1) AppleWebKit/537.36 (KHTML, like Gecko) Chrome/32.0.1700.102 Safari/537.36"/>
    </properties>
    <testcase name="AutoComplete adds ARIA role=&apos;textbox&apos;" time="0.017" classname="Chrome 32.0.1700 (Mac OS X 10.9.1).autocomplete ARIA"/>
    <testcase name="AutoComplete adds aria-haspopup" time="0.006" classname="Chrome 32.0.1700 (Mac OS X 10.9.1).autocomplete ARIA"/>
    <testcase name="AutoComplete adds aria-owns" time="0.004" classname="Chrome 32.0.1700 (Mac OS X 10.9.1).autocomplete ARIA"/>
    <testcase name="AutoComplete adds aria-autocomplete=&apos;both&apos;" time="0.003" classname="Chrome 32.0.1700 (Mac OS X 10.9.1).autocomplete ARIA"/>
    <testcase name="AutoComplete adds aria-autocomplete=&apos;list&apos; if no suggest" time="0.003" classname="Chrome 32.0.1700 (Mac OS X 10.9.1).autocomplete ARIA"/>
    <testcase name="Autocomplete sets tabindex" time="0.003" classname="Chrome 32.0.1700 (Mac OS X 10.9.1).autocomplete ARIA"/>
    <testcase name="Autocomplete preserves tab order" time="0.004" classname="Chrome 32.0.1700 (Mac OS X 10.9.1).autocomplete ARIA"/>
    <testcase name="Autocomplete adds aria-disabled=false" time="0.004" classname="Chrome 32.0.1700 (Mac OS X 10.9.1).autocomplete ARIA"/>
    <testcase name="Autocomplete adds aria-disabled=true" time="0.003" classname="Chrome 32.0.1700 (Mac OS X 10.9.1).autocomplete ARIA"/>
    <testcase name="Autocomplete adds aria-expanded" time="0.023" classname="Chrome 32.0.1700 (Mac OS X 10.9.1).autocomplete ARIA"/>
    <testcase name="_blur calls _change" time="0.004" classname="Chrome 32.0.1700 (Mac OS X 10.9.1).kendo_ui_AutoComplete events"/>
    <testcase name="value set with value method does not trigger change event" time="0.008" classname="Chrome 32.0.1700 (Mac OS X 10.9.1).kendo_ui_AutoComplete events"/>
    <testcase name="raise change after search()" time="0.121" classname="Chrome 32.0.1700 (Mac OS X 10.9.1).kendo_ui_AutoComplete events"/>
    <testcase name="_change raises the change event if value has changed" time="0.003" classname="Chrome 32.0.1700 (Mac OS X 10.9.1).kendo_ui_AutoComplete events"/>
    <testcase name="_change is not raised initially" time="0.006" classname="Chrome 32.0.1700 (Mac OS X 10.9.1).kendo_ui_AutoComplete events"/>
    <testcase name="_change does not raise change event if value has&apos;t changed" time="0.003" classname="Chrome 32.0.1700 (Mac OS X 10.9.1).kendo_ui_AutoComplete events"/>
    <testcase name="_prev is initialzed on focus" time="0.01" classname="Chrome 32.0.1700 (Mac OS X 10.9.1).kendo_ui_AutoComplete events"/>
    <testcase name="select does not raise the change event" time="0.01" classname="Chrome 32.0.1700 (Mac OS X 10.9.1).kendo_ui_AutoComplete events"/>
    <testcase name="clicking an item raises the change event" time="0.021" classname="Chrome 32.0.1700 (Mac OS X 10.9.1).kendo_ui_AutoComplete events"/>
    <testcase name="clicking an item raises the change event of the dom element" time="0.019" classname="Chrome 32.0.1700 (Mac OS X 10.9.1).kendo_ui_AutoComplete events"/>
    <testcase name="open event when open popup on search" time="0.015" classname="Chrome 32.0.1700 (Mac OS X 10.9.1).kendo_ui_AutoComplete events"/>
    <testcase name="open event should be cancellable" time="0.228" classname="Chrome 32.0.1700 (Mac OS X 10.9.1).kendo_ui_AutoComplete events"/>
    <testcase name="close event when popup close on click" time="0.017" classname="Chrome 32.0.1700 (Mac OS X 10.9.1).kendo_ui_AutoComplete events"/>
    <testcase name="click item raises select event" time="0.017" classname="Chrome 32.0.1700 (Mac OS X 10.9.1).kendo_ui_AutoComplete events"/>
    <testcase name="prevent select event should only close the popup" time="0.017" classname="Chrome 32.0.1700 (Mac OS X 10.9.1).kendo_ui_AutoComplete events"/>
    <testcase name="select event is not raised when custom value is entered" time="0.103" classname="Chrome 32.0.1700 (Mac OS X 10.9.1).kendo_ui_AutoComplete events"/>
    <testcase name="typing minLenght number of characters filters the datasource" time="0.235" classname="Chrome 32.0.1700 (Mac OS X 10.9.1).kendo_ui_AutoComplete filtering"/>
    <testcase name="popup is opened if there are results returned from the filter" time="0.236" classname="Chrome 32.0.1700 (Mac OS X 10.9.1).kendo_ui_AutoComplete filtering"/>
    <testcase name="popup should close if input is empty" time="0.306" classname="Chrome 32.0.1700 (Mac OS X 10.9.1).kendo_ui_AutoComplete filtering"/>
    <testcase name="search method supports case sensitive filtering" time="0.108" classname="Chrome 32.0.1700 (Mac OS X 10.9.1).kendo_ui_AutoComplete filtering"/>
    <testcase name="search method lowers case of the filter value when ignoreCase true" time="0.006" classname="Chrome 32.0.1700 (Mac OS X 10.9.1).kendo_ui_AutoComplete filtering"/>
    <testcase name="refresh suggests on every dataSource change" time="0.135" classname="Chrome 32.0.1700 (Mac OS X 10.9.1).kendo_ui_AutoComplete filtering"/>
    <testcase name="AutoComplete does not open popup if not active element" time="0.126" classname="Chrome 32.0.1700 (Mac OS X 10.9.1).kendo_ui_AutoComplete filtering"/>
    <testcase name="do not remove default filter expression" time="0.004" classname="Chrome 32.0.1700 (Mac OS X 10.9.1).kendo_ui_AutoComplete filtering"/>
    <testcase name="append autocomplete filter expression ot the default one" time="0.006" classname="Chrome 32.0.1700 (Mac OS X 10.9.1).kendo_ui_AutoComplete filtering"/>
    <testcase name="do not append autocomplete filter twice" time="0.005" classname="Chrome 32.0.1700 (Mac OS X 10.9.1).kendo_ui_AutoComplete filtering"/>
    <testcase name="Prevent filtration after item is selected" time="0.131" classname="Chrome 32.0.1700 (Mac OS X 10.9.1).kendo_ui_AutoComplete filtering"/>
    <testcase name="kendoAutoComplete attaches a autocomplete object to target" time="0.004" classname="Chrome 32.0.1700 (Mac OS X 10.9.1).kendo_ui_AutoComplete initialization"/>
    <testcase name="data source is initialized from options.dataSource when array is passed" time="0.019" classname="Chrome 32.0.1700 (Mac OS X 10.9.1).kendo_ui_AutoComplete initialization"/>
    <testcase name="data source is initialized from options.dataSource" time="0.019" classname="Chrome 32.0.1700 (Mac OS X 10.9.1).kendo_ui_AutoComplete initialization"/>
    <testcase name="do not open on dataSource.query" time="0.019" classname="Chrome 32.0.1700 (Mac OS X 10.9.1).kendo_ui_AutoComplete initialization"/>
    <testcase name="rendering honers dataTextField" time="0.019" classname="Chrome 32.0.1700 (Mac OS X 10.9.1).kendo_ui_AutoComplete initialization"/>
    <testcase name="autocomplate initializes a UL for its items" time="0.008" classname="Chrome 32.0.1700 (Mac OS X 10.9.1).kendo_ui_AutoComplete initialization"/>
    <testcase name="autocomplate initializes a popup for its items" time="0.004" classname="Chrome 32.0.1700 (Mac OS X 10.9.1).kendo_ui_AutoComplete initialization"/>
    <testcase name="autocomplete populates its list when the datasource changes" time="0.019" classname="Chrome 32.0.1700 (Mac OS X 10.9.1).kendo_ui_AutoComplete initialization"/>
    <testcase name="changing the template" time="0.003" classname="Chrome 32.0.1700 (Mac OS X 10.9.1).kendo_ui_AutoComplete initialization"/>
    <testcase name="defining header template" time="0.004" classname="Chrome 32.0.1700 (Mac OS X 10.9.1).kendo_ui_AutoComplete initialization"/>
    <testcase name="highlight first item" time="0.02" classname="Chrome 32.0.1700 (Mac OS X 10.9.1).kendo_ui_AutoComplete initialization"/>
    <testcase name="resetting dataSource detaches the previouse events" time="0.003" classname="Chrome 32.0.1700 (Mac OS X 10.9.1).kendo_ui_AutoComplete initialization"/>
    <testcase name="resetting DataSource rebinds the widget" time="0.004" classname="Chrome 32.0.1700 (Mac OS X 10.9.1).kendo_ui_AutoComplete initialization"/>
    <testcase name="dataItem() returns dataItem depending on passed index" time="0.003" classname="Chrome 32.0.1700 (Mac OS X 10.9.1).kendo_ui_AutoComplete initialization"/>
    <testcase name="dataItem() returns null if no argument" time="0.003" classname="Chrome 32.0.1700 (Mac OS X 10.9.1).kendo_ui_AutoComplete initialization"/>
    <testcase name="Value of the autocomplete is empty string when placeholder is used" time="0.004" classname="Chrome 32.0.1700 (Mac OS X 10.9.1).kendo_ui_AutoComplete initialization"/>
    <testcase name="destroy method works" time="0.003" classname="Chrome 32.0.1700 (Mac OS X 10.9.1).kendo_ui_AutoComplete initialization"/>
    <testcase name="AutoComplete creates loading element" time="0.003" classname="Chrome 32.0.1700 (Mac OS X 10.9.1).kendo_ui_AutoComplete initialization"/>
    <testcase name="AutoComplete shows loading icon on progress" time="0.219" classname="Chrome 32.0.1700 (Mac OS X 10.9.1).kendo_ui_AutoComplete initialization"/>
    <testcase name="AutoComplete hides loading icon on dataSource change" time="0.22" classname="Chrome 32.0.1700 (Mac OS X 10.9.1).kendo_ui_AutoComplete initialization"/>
    <testcase name="AutoComplete sets ignoreCase option to false" time="0.004" classname="Chrome 32.0.1700 (Mac OS X 10.9.1).kendo_ui_AutoComplete initialization"/>
    <testcase name="readonly() makes input element readonly" time="0.003" classname="Chrome 32.0.1700 (Mac OS X 10.9.1).kendo_ui_AutoComplete initialization"/>
    <testcase name="readonly(false) removes readonly attribute" time="0.004" classname="Chrome 32.0.1700 (Mac OS X 10.9.1).kendo_ui_AutoComplete initialization"/>
    <testcase name="readonly() removes disabled attribute and disabled class" time="0.003" classname="Chrome 32.0.1700 (Mac OS X 10.9.1).kendo_ui_AutoComplete initialization"/>
    <testcase name="enable(false) removes readonly attribute and default class" time="0.003" classname="Chrome 32.0.1700 (Mac OS X 10.9.1).kendo_ui_AutoComplete initialization"/>
    <testcase name="enable() enables widget after readonly()" time="0.004" classname="Chrome 32.0.1700 (Mac OS X 10.9.1).kendo_ui_AutoComplete initialization"/>
    <testcase name="AutoComplete honors readonly attribute" time="0.003" classname="Chrome 32.0.1700 (Mac OS X 10.9.1).kendo_ui_AutoComplete initialization"/>
    <testcase name="AutoComplete uses disabled attr over the readonly" time="0.003" classname="Chrome 32.0.1700 (Mac OS X 10.9.1).kendo_ui_AutoComplete initialization"/>
    <testcase name="AutoComplete does not focus input if refresh triggered from dataSource" time="0.013" classname="Chrome 32.0.1700 (Mac OS X 10.9.1).kendo_ui_AutoComplete initialization"/>
    <testcase name="AutoComplete uses input value if options.value is null" time="0.004" classname="Chrome 32.0.1700 (Mac OS X 10.9.1).kendo_ui_AutoComplete initialization"/>
    <testcase name="initializes a autocomplete when data role is autocomplete" time="0.005" classname="Chrome 32.0.1700 (Mac OS X 10.9.1).autocomplete mvvm"/>
    <testcase name="initializes a options from data attributes" time="0.004" classname="Chrome 32.0.1700 (Mac OS X 10.9.1).autocomplete mvvm"/>
    <testcase name="initializes data source" time="0.007" classname="Chrome 32.0.1700 (Mac OS X 10.9.1).autocomplete mvvm"/>
    <testcase name="initializes value from view model" time="0.005" classname="Chrome 32.0.1700 (Mac OS X 10.9.1).autocomplete mvvm"/>
    <testcase name="initializes complex value from view model" time="0.005" classname="Chrome 32.0.1700 (Mac OS X 10.9.1).autocomplete mvvm"/>
    <testcase name="changing a value updates the view model" time="0.005" classname="Chrome 32.0.1700 (Mac OS X 10.9.1).autocomplete mvvm"/>
    <testcase name="changing value to a custom one updates the view model" time="0.005" classname="Chrome 32.0.1700 (Mac OS X 10.9.1).autocomplete mvvm"/>
    <testcase name="changing a value updates the view model if bound to simple value" time="0.004" classname="Chrome 32.0.1700 (Mac OS X 10.9.1).autocomplete mvvm"/>
    <testcase name="custom view model value" time="0.004" classname="Chrome 32.0.1700 (Mac OS X 10.9.1).autocomplete mvvm"/>
    <testcase name="setting existing view model value after custom value" time="0.006" classname="Chrome 32.0.1700 (Mac OS X 10.9.1).autocomplete mvvm"/>
    <testcase name="setting custom value after existing view model value" time="0.005" classname="Chrome 32.0.1700 (Mac OS X 10.9.1).autocomplete mvvm"/>
    <testcase name="binding autocomplete initialized before binding" time="0.004" classname="Chrome 32.0.1700 (Mac OS X 10.9.1).autocomplete mvvm"/>
    <testcase name="binding autocomplete initialized after binding" time="0.007" classname="Chrome 32.0.1700 (Mac OS X 10.9.1).autocomplete mvvm"/>
    <testcase name="binding template" time="0.007" classname="Chrome 32.0.1700 (Mac OS X 10.9.1).autocomplete mvvm"/>
    <testcase name="binding template containing binding attributes" time="0.005" classname="Chrome 32.0.1700 (Mac OS X 10.9.1).autocomplete mvvm"/>
    <testcase name="updating an item from the data source updates the corresponding autocomplete item" time="0.007" classname="Chrome 32.0.1700 (Mac OS X 10.9.1).autocomplete mvvm"/>
    <testcase name="destroying binding targets when the datasource changes" time="0.005" classname="Chrome 32.0.1700 (Mac OS X 10.9.1).autocomplete mvvm"/>
    <testcase name="removing items from the model updates the UI" time="0.008" classname="Chrome 32.0.1700 (Mac OS X 10.9.1).autocomplete mvvm"/>
    <testcase name="binding are removed if element is rebind" time="0.006" classname="Chrome 32.0.1700 (Mac OS X 10.9.1).autocomplete mvvm"/>
    <testcase name="binding target is destroyed" time="0.01" classname="Chrome 32.0.1700 (Mac OS X 10.9.1).autocomplete mvvm"/>
    <testcase name="destroys detaches the events to widget" time="0.005" classname="Chrome 32.0.1700 (Mac OS X 10.9.1).autocomplete mvvm"/>
    <testcase name="dataBound event is raised if attached as option" time="0.005" classname="Chrome 32.0.1700 (Mac OS X 10.9.1).autocomplete mvvm"/>
    <testcase name="dataBound event is raised if attached as option to a already initialized autocomplete" time="0.004" classname="Chrome 32.0.1700 (Mac OS X 10.9.1).autocomplete mvvm"/>
    <testcase name="binding invisible to true hides the widget" time="0.003" classname="Chrome 32.0.1700 (Mac OS X 10.9.1).autocomplete mvvm"/>
    <testcase name="binding invisible to false shows the widget" time="0.004" classname="Chrome 32.0.1700 (Mac OS X 10.9.1).autocomplete mvvm"/>
    <testcase name="changing invisible to true hides the widget" time="0.003" classname="Chrome 32.0.1700 (Mac OS X 10.9.1).autocomplete mvvm"/>
    <testcase name="changing invisible to false shows the widget" time="0.005" classname="Chrome 32.0.1700 (Mac OS X 10.9.1).autocomplete mvvm"/>
    <testcase name="binding enabled to false disables the widget" time="0.005" classname="Chrome 32.0.1700 (Mac OS X 10.9.1).autocomplete mvvm"/>
    <testcase name="binding visible to false hides the widget" time="0.004" classname="Chrome 32.0.1700 (Mac OS X 10.9.1).autocomplete mvvm"/>
    <testcase name="binding visible to true shows the widget" time="0.003" classname="Chrome 32.0.1700 (Mac OS X 10.9.1).autocomplete mvvm"/>
    <testcase name="changing visible to false hides the widget" time="0.003" classname="Chrome 32.0.1700 (Mac OS X 10.9.1).autocomplete mvvm"/>
    <testcase name="changing visible to true shows the widget" time="0.003" classname="Chrome 32.0.1700 (Mac OS X 10.9.1).autocomplete mvvm"/>
    <testcase name="binding enabled to false disables the widget" time="0.003" classname="Chrome 32.0.1700 (Mac OS X 10.9.1).autocomplete mvvm"/>
    <testcase name="binding enabled to true enables the widget" time="0.003" classname="Chrome 32.0.1700 (Mac OS X 10.9.1).autocomplete mvvm"/>
    <testcase name="binding disable to true disables the widget" time="0.004" classname="Chrome 32.0.1700 (Mac OS X 10.9.1).autocomplete mvvm"/>
    <testcase name="binding disabled to false enables the widget" time="0.003" classname="Chrome 32.0.1700 (Mac OS X 10.9.1).autocomplete mvvm"/>
    <testcase name="setting non existing binding throws an error" time="0.004" classname="Chrome 32.0.1700 (Mac OS X 10.9.1).autocomplete mvvm"/>
    <testcase name="assign to DataSource as ViewModel field" time="0.004" classname="Chrome 32.0.1700 (Mac OS X 10.9.1).autocomplete mvvm"/>
    <testcase name="pressing down focuses the first item in the popup" time="0.103" classname="Chrome 32.0.1700 (Mac OS X 10.9.1).kendo_ui_AutoComplete navigation"/>
    <testcase name="pressing up focuses the last item in the popup" time="0.103" classname="Chrome 32.0.1700 (Mac OS X 10.9.1).kendo_ui_AutoComplete navigation"/>
    <testcase name="pressing up clears the focused state from the previous item" time="0.103" classname="Chrome 32.0.1700 (Mac OS X 10.9.1).kendo_ui_AutoComplete navigation"/>
    <testcase name="pressing down clears the focused state from the previous item" time="0.103" classname="Chrome 32.0.1700 (Mac OS X 10.9.1).kendo_ui_AutoComplete navigation"/>
    <testcase name="clicking an item applies selected style" time="0.119" classname="Chrome 32.0.1700 (Mac OS X 10.9.1).kendo_ui_AutoComplete navigation"/>
    <testcase name="changing the current popup item does not update the input value" time="0.102" classname="Chrome 32.0.1700 (Mac OS X 10.9.1).kendo_ui_AutoComplete navigation"/>
    <testcase name="pressing enter closes the dropdown" time="0.126" classname="Chrome 32.0.1700 (Mac OS X 10.9.1).kendo_ui_AutoComplete navigation"/>
    <testcase name="press enter should call preventDefault when popup is visible" time="0.092" classname="Chrome 32.0.1700 (Mac OS X 10.9.1).kendo_ui_AutoComplete navigation"/>
    <testcase name="pressing enter closes updates the value of the autocomplete" time="0.124" classname="Chrome 32.0.1700 (Mac OS X 10.9.1).kendo_ui_AutoComplete navigation"/>
    <testcase name="pressing tab closes updates the value of the autocomplete" time="0.123" classname="Chrome 32.0.1700 (Mac OS X 10.9.1).kendo_ui_AutoComplete navigation"/>
    <testcase name="select applies selected style" time="0.097" classname="Chrome 32.0.1700 (Mac OS X 10.9.1).kendo_ui_AutoComplete navigation"/>
    <testcase name="select should accepts DOM element" time="0.096" classname="Chrome 32.0.1700 (Mac OS X 10.9.1).kendo_ui_AutoComplete navigation"/>
    <testcase name="moving up when there the current item is first" time="0.097" classname="Chrome 32.0.1700 (Mac OS X 10.9.1).kendo_ui_AutoComplete navigation"/>
    <testcase name="moving twice up when there the current item is first makes the last item current" time="0.107" classname="Chrome 32.0.1700 (Mac OS X 10.9.1).kendo_ui_AutoComplete navigation"/>
    <testcase name="moving down when there the current item is last" time="0.099" classname="Chrome 32.0.1700 (Mac OS X 10.9.1).kendo_ui_AutoComplete navigation"/>
    <testcase name="moving twice down when there the current item is first makes the last item current" time="0.109" classname="Chrome 32.0.1700 (Mac OS X 10.9.1).kendo_ui_AutoComplete navigation"/>
    <testcase name="esc closes the dropdown" time="0.109" classname="Chrome 32.0.1700 (Mac OS X 10.9.1).kendo_ui_AutoComplete navigation"/>
    <testcase name="esc calls prevent default if popup is opened" time="0.124" classname="Chrome 32.0.1700 (Mac OS X 10.9.1).kendo_ui_AutoComplete navigation"/>
    <testcase name="pressing the down arrows when the popup is not visible does not change value" time="0.115" classname="Chrome 32.0.1700 (Mac OS X 10.9.1).kendo_ui_AutoComplete navigation"/>
    <testcase name="pressing the up arrows when the popup is not visible does not change value" time="0.115" classname="Chrome 32.0.1700 (Mac OS X 10.9.1).kendo_ui_AutoComplete navigation"/>
    <testcase name="add placeholder attr to the input" time="0.008" classname="Chrome 32.0.1700 (Mac OS X 10.9.1).kendo_ui_AutoComplete placeholder"/>
    <testcase name="do not set k-readonly class" time="0.007" classname="Chrome 32.0.1700 (Mac OS X 10.9.1).kendo_ui_AutoComplete placeholder"/>
    <testcase name="separator" time="0.023" classname="Chrome 32.0.1700 (Mac OS X 10.9.1).kendo_ui_AutoComplete separator"/>
    <testcase name="search uses the last word" time="0.022" classname="Chrome 32.0.1700 (Mac OS X 10.9.1).kendo_ui_AutoComplete separator"/>
    <testcase name="search uses the word at the caret position" time="0.022" classname="Chrome 32.0.1700 (Mac OS X 10.9.1).kendo_ui_AutoComplete separator"/>
    <testcase name="select replaces the word at the caret position" time="0.016" classname="Chrome 32.0.1700 (Mac OS X 10.9.1).kendo_ui_AutoComplete separator"/>
    <testcase name="pressing enter calls _blur" time="0.013" classname="Chrome 32.0.1700 (Mac OS X 10.9.1).kendo_ui_AutoComplete suggestion"/>
    <testcase name="pressing enter calls _blur when no item is selected" time="0.012" classname="Chrome 32.0.1700 (Mac OS X 10.9.1).kendo_ui_AutoComplete suggestion"/>
    <testcase name="pressing tab calls _blur" time="0.012" classname="Chrome 32.0.1700 (Mac OS X 10.9.1).kendo_ui_AutoComplete suggestion"/>
    <testcase name="current popup item completes the value of the input if suggest is enabled" time="0.023" classname="Chrome 32.0.1700 (Mac OS X 10.9.1).kendo_ui_AutoComplete suggestion"/>
    <testcase name="current highlighted item completes the value of the input if suggest is enabled" time="0.024" classname="Chrome 32.0.1700 (Mac OS X 10.9.1).kendo_ui_AutoComplete suggestion"/>
    <testcase name="suggestion does not suggest on backspace" time="0.013" classname="Chrome 32.0.1700 (Mac OS X 10.9.1).kendo_ui_AutoComplete suggestion"/>
    <testcase name="suggestion does not suggest on delete" time="0.013" classname="Chrome 32.0.1700 (Mac OS X 10.9.1).kendo_ui_AutoComplete suggestion"/>
    <testcase name="suggestion selects the remainder of the word" time="0.014" classname="Chrome 32.0.1700 (Mac OS X 10.9.1).kendo_ui_AutoComplete suggestion"/>
    <testcase name="suggestion selects the remainder of the second word" time="0.014" classname="Chrome 32.0.1700 (Mac OS X 10.9.1).kendo_ui_AutoComplete suggestion"/>
    <testcase name="separator" time="0.028" classname="Chrome 32.0.1700 (Mac OS X 10.9.1).kendo_ui_AutoComplete suggestion"/>
    <testcase name="suggestion should suggest correctly" time="0.014" classname="Chrome 32.0.1700 (Mac OS X 10.9.1).kendo_ui_AutoComplete suggestion"/>
    <testcase name="suggestion appends only the rest of the text (filter:contains)" time="0.238" classname="Chrome 32.0.1700 (Mac OS X 10.9.1).kendo_ui_AutoComplete suggestion"/>
    <testcase name="suggestion should use dataItem.text instead of li.text()" time="0.023" classname="Chrome 32.0.1700 (Mac OS X 10.9.1).kendo_ui_AutoComplete suggestion"/>
    <testcase name="separator and suggestion" time="0.024" classname="Chrome 32.0.1700 (Mac OS X 10.9.1).kendo_ui_AutoComplete suggestion"/>
    <testcase name="separator and suggesting second word" time="0.024" classname="Chrome 32.0.1700 (Mac OS X 10.9.1).kendo_ui_AutoComplete suggestion"/>
    <testcase name="separator and selecting a word" time="0.032" classname="Chrome 32.0.1700 (Mac OS X 10.9.1).kendo_ui_AutoComplete suggestion"/>
    <testcase name="suggest with empty string clears selection" time="0.014" classname="Chrome 32.0.1700 (Mac OS X 10.9.1).kendo_ui_AutoComplete suggestion"/>
    <testcase name="suggest with empty string clears selection and adheres to separators" time="0.012" classname="Chrome 32.0.1700 (Mac OS X 10.9.1).kendo_ui_AutoComplete suggestion"/>
    <testcase name="suggest with null does not throw exception" time="0.018" classname="Chrome 32.0.1700 (Mac OS X 10.9.1).kendo_ui_AutoComplete suggestion"/>
    <testcase name="search should filter items using filter property" time="0.038" classname="Chrome 32.0.1700 (Mac OS X 10.9.1).kendo_ui_AutoComplete suggestion"/>
    <testcase name="filtering honors dataTextField" time="0.037" classname="Chrome 32.0.1700 (Mac OS X 10.9.1).kendo_ui_AutoComplete suggestion"/>
    <testcase name="refresh method suggests if no item is highlighted" time="0.023" classname="Chrome 32.0.1700 (Mac OS X 10.9.1).kendo_ui_AutoComplete suggestion"/>
    <testcase name="suggest method append text without modifying the user input" time="0.023" classname="Chrome 32.0.1700 (Mac OS X 10.9.1).kendo_ui_AutoComplete suggestion"/>
    <testcase name="enable() removes a disabled state class" time="0.003" classname="Chrome 32.0.1700 (Mac OS X 10.9.1).api"/>
    <testcase name="enable(true) removes a disabled state class" time="0.002" classname="Chrome 32.0.1700 (Mac OS X 10.9.1).api"/>
    <testcase name="enable() sets widget options.enable to true" time="0.001" classname="Chrome 32.0.1700 (Mac OS X 10.9.1).api"/>
    <testcase name="enable(true) sets widget options.enable to true" time="0.002" classname="Chrome 32.0.1700 (Mac OS X 10.9.1).api"/>
    <testcase name="enable(false) sets a disabled state class" time="0.001" classname="Chrome 32.0.1700 (Mac OS X 10.9.1).api"/>
    <testcase name="enable(false) sets widget options.enable to false" time="0" classname="Chrome 32.0.1700 (Mac OS X 10.9.1).api"/>
    <testcase name="initialization adds a button role" time="0" classname="Chrome 32.0.1700 (Mac OS X 10.9.1).aria"/>
    <testcase name="initialization adds an aria-disabled false attribute" time="0.002" classname="Chrome 32.0.1700 (Mac OS X 10.9.1).aria"/>
    <testcase name="initialization adds an aria-disabled true attribute" time="0.002" classname="Chrome 32.0.1700 (Mac OS X 10.9.1).aria"/>
    <testcase name="enable(true) sets an aria-disabled false attribute" time="0.001" classname="Chrome 32.0.1700 (Mac OS X 10.9.1).aria"/>
    <testcase name="enable(false) sets an aria-disabled true attribute" time="0.002" classname="Chrome 32.0.1700 (Mac OS X 10.9.1).aria"/>
    <testcase name="click event is fired" time="0.002" classname="Chrome 32.0.1700 (Mac OS X 10.9.1).events"/>
    <testcase name="click event passes event object as an argument" time="0.002" classname="Chrome 32.0.1700 (Mac OS X 10.9.1).events"/>
    <testcase name="disabled button does not fire click event" time="0.002" classname="Chrome 32.0.1700 (Mac OS X 10.9.1).events"/>
    <testcase name="focus adds focused class" time="0.003" classname="Chrome 32.0.1700 (Mac OS X 10.9.1).events"/>
    <testcase name="blur removes focused class" time="0.001" classname="Chrome 32.0.1700 (Mac OS X 10.9.1).events"/>
    <testcase name="initialization adds a k-button class" time="0.001" classname="Chrome 32.0.1700 (Mac OS X 10.9.1).initialization"/>
    <testcase name="spriteCssClass prepends a span element with corresponding class(es)" time="0.003" classname="Chrome 32.0.1700 (Mac OS X 10.9.1).initialization"/>
    <testcase name="spriteCssClass adds corresponding class(es) to span.k-sprite element if already exists" time="0.001" classname="Chrome 32.0.1700 (Mac OS X 10.9.1).initialization"/>
    <testcase name="spriteCssClass adds a k-button-icon class to empty button" time="0.002" classname="Chrome 32.0.1700 (Mac OS X 10.9.1).initialization"/>
    <testcase name="spriteCssClass adds a k-button-icon class to empty button with only an icon span inside" time="0.002" classname="Chrome 32.0.1700 (Mac OS X 10.9.1).initialization"/>
    <testcase name="spriteCssClass adds a k-button-icontext class if button has content" time="0.002" classname="Chrome 32.0.1700 (Mac OS X 10.9.1).initialization"/>
    <testcase name="icon prepends a span element with corresponding class(es)" time="0.002" classname="Chrome 32.0.1700 (Mac OS X 10.9.1).initialization"/>
    <testcase name="icon adds corresponding class(es) to span.k-icon element if already exists" time="0.001" classname="Chrome 32.0.1700 (Mac OS X 10.9.1).initialization"/>
    <testcase name="icon adds a k-button-icon class to empty button" time="0.001" classname="Chrome 32.0.1700 (Mac OS X 10.9.1).initialization"/>
    <testcase name="icon adds a k-button-icon class to empty button with only an icon span inside" time="0.002" classname="Chrome 32.0.1700 (Mac OS X 10.9.1).initialization"/>
    <testcase name="icon adds a k-button-icontext class if button has content" time="0.002" classname="Chrome 32.0.1700 (Mac OS X 10.9.1).initialization"/>
    <testcase name="imageUrl prepends an img element with src attribute" time="0.003" classname="Chrome 32.0.1700 (Mac OS X 10.9.1).initialization"/>
    <testcase name="imageUrl sets a src attribute to img.k-image element if already exists" time="0.002" classname="Chrome 32.0.1700 (Mac OS X 10.9.1).initialization"/>
    <testcase name="imageUrl adds a k-button-icon class to empty button" time="0.002" classname="Chrome 32.0.1700 (Mac OS X 10.9.1).initialization"/>
    <testcase name="imageUrl adds a k-button-icon class to empty button with only an icon image inside" time="0.002" classname="Chrome 32.0.1700 (Mac OS X 10.9.1).initialization"/>
    <testcase name="imageUrl adds a k-button-icontext class if button has content" time="0.002" classname="Chrome 32.0.1700 (Mac OS X 10.9.1).initialization"/>
    <testcase name="default button does not have a k-state-disabled class" time="0.001" classname="Chrome 32.0.1700 (Mac OS X 10.9.1).initialization"/>
    <testcase name="enable:false adds a k-state-disabled class" time="0.001" classname="Chrome 32.0.1700 (Mac OS X 10.9.1).initialization"/>
    <testcase name="enable:false adds a disabled attribute" time="0.001" classname="Chrome 32.0.1700 (Mac OS X 10.9.1).initialization"/>
    <testcase name="disabled attribute adds a k-state-disabled class" time="0.002" classname="Chrome 32.0.1700 (Mac OS X 10.9.1).initialization"/>
    <testcase name="initialization adds a tabindex attribute if not present" time="0.002" classname="Chrome 32.0.1700 (Mac OS X 10.9.1).initialization"/>
    <testcase name="initialization preserves set tabindex attribute" time="0.001" classname="Chrome 32.0.1700 (Mac OS X 10.9.1).initialization"/>
    <testcase name="focusing adds a focused class" time="0.002" classname="Chrome 32.0.1700 (Mac OS X 10.9.1).navigation"/>
    <testcase name="blurring removes a focused class" time="0.019" classname="Chrome 32.0.1700 (Mac OS X 10.9.1).navigation"/>
    <testcase name="Enter key triggers click event for non-button elements" time="0.003" classname="Chrome 32.0.1700 (Mac OS X 10.9.1).navigation"/>
    <testcase name="Spacebar triggers click event for non-button elements" time="0.001" classname="Chrome 32.0.1700 (Mac OS X 10.9.1).navigation"/>
    <testcase name="navigate method render view using default values" time="0.01" classname="Chrome 32.0.1700 (Mac OS X 10.9.1).kendo_ui_Calendar API"/>
    <testcase name="navigate method render view depending on given date and view" time="0.013" classname="Chrome 32.0.1700 (Mac OS X 10.9.1).kendo_ui_Calendar API"/>
    <testcase name="navigate method should disable._prevArrow if cannot navigate to past" time="0.006" classname="Chrome 32.0.1700 (Mac OS X 10.9.1).kendo_ui_Calendar API"/>
    <testcase name="navigate method should disable._nextArrow if cannot navigate to future" time="0.006" classname="Chrome 32.0.1700 (Mac OS X 10.9.1).kendo_ui_Calendar API"/>
    <testcase name="navigate method should disable._prevArrow if cannot navigate to past (year)" time="0.005" classname="Chrome 32.0.1700 (Mac OS X 10.9.1).kendo_ui_Calendar API"/>
    <testcase name="navigate method should disable._nextArrow if cannot navigate to future (year)" time="0.004" classname="Chrome 32.0.1700 (Mac OS X 10.9.1).kendo_ui_Calendar API"/>
    <testcase name="navigate method should disable._prevArrow if cannot navigate to past (decade)" time="0.004" classname="Chrome 32.0.1700 (Mac OS X 10.9.1).kendo_ui_Calendar API"/>
    <testcase name="navigate method should disable._nextArrow if cannot navigate to future (decade)" time="0.004" classname="Chrome 32.0.1700 (Mac OS X 10.9.1).kendo_ui_Calendar API"/>
    <testcase name="navigate method should disable._prevArrow if cannot navigate to past (century)" time="0.004" classname="Chrome 32.0.1700 (Mac OS X 10.9.1).kendo_ui_Calendar API"/>
    <testcase name="navigate method should disable._nextArrow if cannot navigate to future (century)" time="0.004" classname="Chrome 32.0.1700 (Mac OS X 10.9.1).kendo_ui_Calendar API"/>
    <testcase name="navigate should select date equal to _value" time="0.024" classname="Chrome 32.0.1700 (Mac OS X 10.9.1).kendo_ui_Calendar API"/>
    <testcase name="navigateToPast should navigate to previous month when month view" time="0.013" classname="Chrome 32.0.1700 (Mac OS X 10.9.1).kendo_ui_Calendar API"/>
    <testcase name="navigateToPast should navigate to previous year when year view" time="0.012" classname="Chrome 32.0.1700 (Mac OS X 10.9.1).kendo_ui_Calendar API"/>
    <testcase name="navigateToPast should navigate to previous decade when decade view" time="0.008" classname="Chrome 32.0.1700 (Mac OS X 10.9.1).kendo_ui_Calendar API"/>
    <testcase name="navigateToPast should navigate to previous century when century view" time="0.009" classname="Chrome 32.0.1700 (Mac OS X 10.9.1).kendo_ui_Calendar API"/>
    <testcase name="navigateToFuture should navigate to next month when month view" time="0.008" classname="Chrome 32.0.1700 (Mac OS X 10.9.1).kendo_ui_Calendar API"/>
    <testcase name="navigateToFuture should navigate to next year when year view" time="0.008" classname="Chrome 32.0.1700 (Mac OS X 10.9.1).kendo_ui_Calendar API"/>
    <testcase name="navigateToFuture should navigate to next decade when decade view" time="0.007" classname="Chrome 32.0.1700 (Mac OS X 10.9.1).kendo_ui_Calendar API"/>
    <testcase name="navigateToFuture should navigate to next century when century view" time="0.008" classname="Chrome 32.0.1700 (Mac OS X 10.9.1).kendo_ui_Calendar API"/>
    <testcase name="navigateUp should navigate upper view (year)" time="0.007" classname="Chrome 32.0.1700 (Mac OS X 10.9.1).kendo_ui_Calendar API"/>
    <testcase name="navigateUp should navigate upper view (decade)" time="0.007" classname="Chrome 32.0.1700 (Mac OS X 10.9.1).kendo_ui_Calendar API"/>
    <testcase name="navigateUp should navigate upper view (century)" time="0.007" classname="Chrome 32.0.1700 (Mac OS X 10.9.1).kendo_ui_Calendar API"/>
    <testcase name="navigateDown should navigate lower view (decade)" time="0.007" classname="Chrome 32.0.1700 (Mac OS X 10.9.1).kendo_ui_Calendar API"/>
    <testcase name="navigateDown should navigate lower view (year)" time="0.007" classname="Chrome 32.0.1700 (Mac OS X 10.9.1).kendo_ui_Calendar API"/>
    <testcase name="navigateDown should navigate lower view (month)" time="0.007" classname="Chrome 32.0.1700 (Mac OS X 10.9.1).kendo_ui_Calendar API"/>
    <testcase name="navigateDown should navigate lower view (month)" time="0.008" classname="Chrome 32.0.1700 (Mac OS X 10.9.1).kendo_ui_Calendar API"/>
    <testcase name="navigateDown with date navigate to cell&apos;s date" time="0.004" classname="Chrome 32.0.1700 (Mac OS X 10.9.1).kendo_ui_Calendar API"/>
    <testcase name="navigateDown should call value method if _index === options.depth" time="0.004" classname="Chrome 32.0.1700 (Mac OS X 10.9.1).kendo_ui_Calendar API"/>
    <testcase name="navigate should put in range passed date" time="0.008" classname="Chrome 32.0.1700 (Mac OS X 10.9.1).kendo_ui_Calendar API"/>
    <testcase name="value should select set selectedValue property" time="0.011" classname="Chrome 32.0.1700 (Mac OS X 10.9.1).kendo_ui_Calendar API"/>
    <testcase name="value should return selectedValue" time="0.004" classname="Chrome 32.0.1700 (Mac OS X 10.9.1).kendo_ui_Calendar API"/>
    <testcase name="value method should call navigate method with correct date" time="0.004" classname="Chrome 32.0.1700 (Mac OS X 10.9.1).kendo_ui_Calendar API"/>
    <testcase name="value method should update selection of the view" time="0.005" classname="Chrome 32.0.1700 (Mac OS X 10.9.1).kendo_ui_Calendar API"/>
    <testcase name="value should clear _value if null" time="0.005" classname="Chrome 32.0.1700 (Mac OS X 10.9.1).kendo_ui_Calendar API"/>
    <testcase name="value should not accept value lower than min" time="0.004" classname="Chrome 32.0.1700 (Mac OS X 10.9.1).kendo_ui_Calendar API"/>
    <testcase name="value should not accept value bigger than max" time="0.003" classname="Chrome 32.0.1700 (Mac OS X 10.9.1).kendo_ui_Calendar API"/>
    <testcase name="value should not accept invalid date" time="0.004" classname="Chrome 32.0.1700 (Mac OS X 10.9.1).kendo_ui_Calendar API"/>
    <testcase name="focus date depending on given value" time="0.023" classname="Chrome 32.0.1700 (Mac OS X 10.9.1).kendo_ui_Calendar API"/>
    <testcase name="focus date in current view without navigating" time="0.012" classname="Chrome 32.0.1700 (Mac OS X 10.9.1).kendo_ui_Calendar API"/>
    <testcase name="focus should not call navigate if need to focus next cell in current decade view" time="0.008" classname="Chrome 32.0.1700 (Mac OS X 10.9.1).kendo_ui_Calendar API"/>
    <testcase name="navigate should not re-render view if it was not changed" time="0.004" classname="Chrome 32.0.1700 (Mac OS X 10.9.1).kendo_ui_Calendar API"/>
    <testcase name="min() returns current min value" time="0.004" classname="Chrome 32.0.1700 (Mac OS X 10.9.1).kendo_ui_Calendar API"/>
    <testcase name="min() should set min value value of the calendar" time="0.014" classname="Chrome 32.0.1700 (Mac OS X 10.9.1).kendo_ui_Calendar API"/>
    <testcase name="min() should set min value value of the calendar" time="0.013" classname="Chrome 32.0.1700 (Mac OS X 10.9.1).kendo_ui_Calendar API"/>
    <testcase name="min method navigates when custom template is defined" time="0.014" classname="Chrome 32.0.1700 (Mac OS X 10.9.1).kendo_ui_Calendar API"/>
    <testcase name="max method persists selected value when max is in current month" time="0.012" classname="Chrome 32.0.1700 (Mac OS X 10.9.1).kendo_ui_Calendar API"/>
    <testcase name="Should navigate if min is bigger then _current" time="0.014" classname="Chrome 32.0.1700 (Mac OS X 10.9.1).kendo_ui_Calendar API"/>
    <testcase name="Navigates widget when set min value bigger than selected date" time="0.013" classname="Chrome 32.0.1700 (Mac OS X 10.9.1).kendo_ui_Calendar API"/>
    <testcase name="Should clear _value if less then min" time="0.013" classname="Chrome 32.0.1700 (Mac OS X 10.9.1).kendo_ui_Calendar API"/>
    <testcase name="max() returns current max value" time="0.004" classname="Chrome 32.0.1700 (Mac OS X 10.9.1).kendo_ui_Calendar API"/>
    <testcase name="max() should set max value value of the calendar" time="0.014" classname="Chrome 32.0.1700 (Mac OS X 10.9.1).kendo_ui_Calendar API"/>
    <testcase name="Should navigate if max is less then _current" time="0.017" classname="Chrome 32.0.1700 (Mac OS X 10.9.1).kendo_ui_Calendar API"/>
    <testcase name="Should clear _value if bigger then max" time="0.013" classname="Chrome 32.0.1700 (Mac OS X 10.9.1).kendo_ui_Calendar API"/>
    <testcase name="_navigate should set correct date if month has 30 days" time="0.004" classname="Chrome 32.0.1700 (Mac OS X 10.9.1).kendo_ui_Calendar API"/>
    <testcase name="today link should be disabled when min() with bigger then today" time="0.014" classname="Chrome 32.0.1700 (Mac OS X 10.9.1).kendo_ui_Calendar API"/>
    <testcase name="today link should be disabled when max() with less then today" time="0.014" classname="Chrome 32.0.1700 (Mac OS X 10.9.1).kendo_ui_Calendar API"/>
    <testcase name="today link should be enabled on _footer(true)" time="0.005" classname="Chrome 32.0.1700 (Mac OS X 10.9.1).kendo_ui_Calendar API"/>
    <testcase name="value method honors options.culture" time="0.015" classname="Chrome 32.0.1700 (Mac OS X 10.9.1).kendo_ui_Calendar API"/>
    <testcase name="calendar is not focused when value changed with API" time="0.005" classname="Chrome 32.0.1700 (Mac OS X 10.9.1).kendo_ui_Calendar API"/>
    <testcase name="min method enables prev link" time="0.013" classname="Chrome 32.0.1700 (Mac OS X 10.9.1).kendo_ui_Calendar API"/>
    <testcase name="min method navigates if selected date is null and current date is equal to min" time="0.013" classname="Chrome 32.0.1700 (Mac OS X 10.9.1).kendo_ui_Calendar API"/>
    <testcase name="max method enables prev link" time="0.013" classname="Chrome 32.0.1700 (Mac OS X 10.9.1).kendo_ui_Calendar API"/>
    <testcase name="current method returns currently focused date" time="0.004" classname="Chrome 32.0.1700 (Mac OS X 10.9.1).kendo_ui_Calendar API"/>
    <testcase name="view method returns current view" time="0.004" classname="Chrome 32.0.1700 (Mac OS X 10.9.1).kendo_ui_Calendar API"/>
    <testcase name="setOptions re-renders current view" time="0.012" classname="Chrome 32.0.1700 (Mac OS X 10.9.1).kendo_ui_Calendar API"/>
    <testcase name="setOptions updates footer" time="0.017" classname="Chrome 32.0.1700 (Mac OS X 10.9.1).kendo_ui_Calendar API"/>
    <testcase name="Calendar adds roles to the left and right arrow" time="0.004" classname="Chrome 32.0.1700 (Mac OS X 10.9.1).kendo_ui_Calendar ARIA"/>
    <testcase name="Calendar adds role to the title button" time="0.004" classname="Chrome 32.0.1700 (Mac OS X 10.9.1).kendo_ui_Calendar ARIA"/>
    <testcase name="Calendar adds live aria attributes" time="0.004" classname="Chrome 32.0.1700 (Mac OS X 10.9.1).kendo_ui_Calendar ARIA"/>
    <testcase name="Calendar adds grid role to MONTH view" time="0.004" classname="Chrome 32.0.1700 (Mac OS X 10.9.1).kendo_ui_Calendar ARIA"/>
    <testcase name="Calendar adds row role to MONTH view&apos;s rows" time="0.005" classname="Chrome 32.0.1700 (Mac OS X 10.9.1).kendo_ui_Calendar ARIA"/>
    <testcase name="Calendar adds gridcell role to MONTH view&apos;s cells" time="0.005" classname="Chrome 32.0.1700 (Mac OS X 10.9.1).kendo_ui_Calendar ARIA"/>
    <testcase name="Calendar adds grid role to YEAR view" time="0.01" classname="Chrome 32.0.1700 (Mac OS X 10.9.1).kendo_ui_Calendar ARIA"/>
    <testcase name="Calendar adds row role to YEAR view&apos;s rows" time="0.01" classname="Chrome 32.0.1700 (Mac OS X 10.9.1).kendo_ui_Calendar ARIA"/>
    <testcase name="Calendar adds gridcell role to YEAR view&apos;s cells" time="0.01" classname="Chrome 32.0.1700 (Mac OS X 10.9.1).kendo_ui_Calendar ARIA"/>
    <testcase name="Calendar adds aria-disabled to the prev arrow" time="0.017" classname="Chrome 32.0.1700 (Mac OS X 10.9.1).kendo_ui_Calendar ARIA"/>
    <testcase name="Calendar adds aria-disabled to the next arrow" time="0.014" classname="Chrome 32.0.1700 (Mac OS X 10.9.1).kendo_ui_Calendar ARIA"/>
    <testcase name="Calendar adds aria-disabled to the up nav" time="0.01" classname="Chrome 32.0.1700 (Mac OS X 10.9.1).kendo_ui_Calendar ARIA"/>
    <testcase name="Calendar adds aria-selected to the selected cell" time="0.004" classname="Chrome 32.0.1700 (Mac OS X 10.9.1).kendo_ui_Calendar ARIA"/>
    <testcase name="Calendar adds only one aria-selected=true" time="0.014" classname="Chrome 32.0.1700 (Mac OS X 10.9.1).kendo_ui_Calendar ARIA"/>
    <testcase name="Calendar sets id to the selected cell" time="0.014" classname="Chrome 32.0.1700 (Mac OS X 10.9.1).kendo_ui_Calendar ARIA"/>
    <testcase name="Calendar has only one cell with id" time="0.015" classname="Chrome 32.0.1700 (Mac OS X 10.9.1).kendo_ui_Calendar ARIA"/>
    <testcase name="Calendar sets aria-activedescendant" time="0.013" classname="Chrome 32.0.1700 (Mac OS X 10.9.1).kendo_ui_Calendar ARIA"/>
    <testcase name="click on cell raise change event" time="0.005" classname="Chrome 32.0.1700 (Mac OS X 10.9.1).kendo_ui_Calendar events"/>
    <testcase name="click on selected cell does not raise change event" time="0.005" classname="Chrome 32.0.1700 (Mac OS X 10.9.1).kendo_ui_Calendar events"/>
    <testcase name="click on empty cell does not raise change event" time="0.005" classname="Chrome 32.0.1700 (Mac OS X 10.9.1).kendo_ui_Calendar events"/>
    <testcase name="click on cell put in range" time="0.004" classname="Chrome 32.0.1700 (Mac OS X 10.9.1).kendo_ui_Calendar events"/>
    <testcase name="navigate event should raise navigate event when change view" time="0.022" classname="Chrome 32.0.1700 (Mac OS X 10.9.1).kendo_ui_Calendar events"/>
    <testcase name="click on cell should persist _viewedValue" time="0.035" classname="Chrome 32.0.1700 (Mac OS X 10.9.1).kendo_ui_Calendar events"/>
    <testcase name="if format is {0: format} should strip it" time="0.004" classname="Chrome 32.0.1700 (Mac OS X 10.9.1).kendo_ui_Calendar initialization"/>
    <testcase name="if start is not correct should set MONTH view" time="0.005" classname="Chrome 32.0.1700 (Mac OS X 10.9.1).kendo_ui_Calendar initialization"/>
    <testcase name="if depth is bigger then start set it to MONTH view" time="0.004" classname="Chrome 32.0.1700 (Mac OS X 10.9.1).kendo_ui_Calendar initialization"/>
    <testcase name="define current" time="0.004" classname="Chrome 32.0.1700 (Mac OS X 10.9.1).kendo_ui_Calendar initialization"/>
    <testcase name="render the header" time="0.004" classname="Chrome 32.0.1700 (Mac OS X 10.9.1).kendo_ui_Calendar initialization"/>
    <testcase name="render table after header" time="0.004" classname="Chrome 32.0.1700 (Mac OS X 10.9.1).kendo_ui_Calendar initialization"/>
    <testcase name="render month view when init" time="0.02" classname="Chrome 32.0.1700 (Mac OS X 10.9.1).kendo_ui_Calendar initialization"/>
    <testcase name="render year view when init" time="0.003" classname="Chrome 32.0.1700 (Mac OS X 10.9.1).kendo_ui_Calendar initialization"/>
    <testcase name="render decade view when init" time="0.004" classname="Chrome 32.0.1700 (Mac OS X 10.9.1).kendo_ui_Calendar initialization"/>
    <testcase name="render century view when init" time="0.003" classname="Chrome 32.0.1700 (Mac OS X 10.9.1).kendo_ui_Calendar initialization"/>
    <testcase name="calendar should wire TD click event" time="0.01" classname="Chrome 32.0.1700 (Mac OS X 10.9.1).kendo_ui_Calendar initialization"/>
    <testcase name="calendar should wire header buttons" time="0.047" classname="Chrome 32.0.1700 (Mac OS X 10.9.1).kendo_ui_Calendar initialization"/>
    <testcase name="calendar should show hover state when hover TD" time="0.005" classname="Chrome 32.0.1700 (Mac OS X 10.9.1).kendo_ui_Calendar initialization"/>
    <testcase name="calendar should remove hover state from TD" time="0.005" classname="Chrome 32.0.1700 (Mac OS X 10.9.1).kendo_ui_Calendar initialization"/>
    <testcase name="calendar should show hover state to the header elements" time="0.004" classname="Chrome 32.0.1700 (Mac OS X 10.9.1).kendo_ui_Calendar initialization"/>
    <testcase name="calendar should remove hover state to the header elements" time="0.006" classname="Chrome 32.0.1700 (Mac OS X 10.9.1).kendo_ui_Calendar initialization"/>
    <testcase name="today link should have k-nav-today" time="0.004" classname="Chrome 32.0.1700 (Mac OS X 10.9.1).kendo_ui_Calendar initialization"/>
    <testcase name="today link should not have k-nav-today" time="0.004" classname="Chrome 32.0.1700 (Mac OS X 10.9.1).kendo_ui_Calendar initialization"/>
    <testcase name="today link sets today not now" time="0.005" classname="Chrome 32.0.1700 (Mac OS X 10.9.1).kendo_ui_Calendar initialization"/>
    <testcase name="footer:false should not render footer" time="0.004" classname="Chrome 32.0.1700 (Mac OS X 10.9.1).kendo_ui_Calendar initialization"/>
    <testcase name="_footer(false) should hide the footer" time="0.005" classname="Chrome 32.0.1700 (Mac OS X 10.9.1).kendo_ui_Calendar initialization"/>
    <testcase name="Calendar uses culture settings specified through culture option" time="0.004" classname="Chrome 32.0.1700 (Mac OS X 10.9.1).kendo_ui_Calendar initialization"/>
    <testcase name="footer honours culture option" time="0.005" classname="Chrome 32.0.1700 (Mac OS X 10.9.1).kendo_ui_Calendar initialization"/>
    <testcase name="Calendar removes focused style on initial rendering" time="0.004" classname="Chrome 32.0.1700 (Mac OS X 10.9.1).kendo_ui_Calendar initialization"/>
    <testcase name="Calendar adds  focused on focus" time="0.009" classname="Chrome 32.0.1700 (Mac OS X 10.9.1).kendo_ui_Calendar initialization"/>
    <testcase name="Calendar removes  focused on blur" time="0.01" classname="Chrome 32.0.1700 (Mac OS X 10.9.1).kendo_ui_Calendar initialization"/>
    <testcase name="Widget does not fall into infinitive loop" time="0.004" classname="Chrome 32.0.1700 (Mac OS X 10.9.1).kendo_ui_Calendar initialization"/>
    <testcase name="initializes a calendar when data role is calendar" time="0.005" classname="Chrome 32.0.1700 (Mac OS X 10.9.1).kendo_ui_Calendar MVVM"/>
    <testcase name="initializes a options from data attributes" time="0.003" classname="Chrome 32.0.1700 (Mac OS X 10.9.1).kendo_ui_Calendar MVVM"/>
    <testcase name="initializes value from view model" time="0.005" classname="Chrome 32.0.1700 (Mac OS X 10.9.1).kendo_ui_Calendar MVVM"/>
    <testcase name="initializes a options from data attributes after init of the widget" time="0.005" classname="Chrome 32.0.1700 (Mac OS X 10.9.1).kendo_ui_Calendar MVVM"/>
    <testcase name="changing a value updates the view model" time="0.006" classname="Chrome 32.0.1700 (Mac OS X 10.9.1).kendo_ui_Calendar MVVM"/>
    <testcase name="binding calendar initialized before binding" time="0.007" classname="Chrome 32.0.1700 (Mac OS X 10.9.1).kendo_ui_Calendar MVVM"/>
    <testcase name="binding calendar initialized after binding" time="0.009" classname="Chrome 32.0.1700 (Mac OS X 10.9.1).kendo_ui_Calendar MVVM"/>
    <testcase name="updating model value updates the UI" time="0.01" classname="Chrome 32.0.1700 (Mac OS X 10.9.1).kendo_ui_Calendar MVVM"/>
    <testcase name="bindings are removed if element is rebind" time="0.015" classname="Chrome 32.0.1700 (Mac OS X 10.9.1).kendo_ui_Calendar MVVM"/>
    <testcase name="binding target is destroyed" time="0.011" classname="Chrome 32.0.1700 (Mac OS X 10.9.1).kendo_ui_Calendar MVVM"/>
    <testcase name="change event is raised if attached as option" time="0.006" classname="Chrome 32.0.1700 (Mac OS X 10.9.1).kendo_ui_Calendar MVVM"/>
    <testcase name="change event is raised if attached as option to a already initialized calendar" time="0.006" classname="Chrome 32.0.1700 (Mac OS X 10.9.1).kendo_ui_Calendar MVVM"/>
    <testcase name="binding visible to true shows the calendar" time="0.005" classname="Chrome 32.0.1700 (Mac OS X 10.9.1).kendo_ui_Calendar MVVM"/>
    <testcase name="binding visible to false hides the calendar" time="0.004" classname="Chrome 32.0.1700 (Mac OS X 10.9.1).kendo_ui_Calendar MVVM"/>
    <testcase name="binding invisible to true hides the calendar" time="0.005" classname="Chrome 32.0.1700 (Mac OS X 10.9.1).kendo_ui_Calendar MVVM"/>
    <testcase name="binding invisible to false shows the calendar" time="0.004" classname="Chrome 32.0.1700 (Mac OS X 10.9.1).kendo_ui_Calendar MVVM"/>
    <testcase name="navigate down should persist current viewedValue" time="0.059" classname="Chrome 32.0.1700 (Mac OS X 10.9.1).kendo_ui_Calendar navigation"/>
    <testcase name="navigate should not _move selection if value is bigger than max" time="0.025" classname="Chrome 32.0.1700 (Mac OS X 10.9.1).kendo_ui_Calendar navigation"/>
    <testcase name="navigate should not _move selection if value is less than min" time="0.039" classname="Chrome 32.0.1700 (Mac OS X 10.9.1).kendo_ui_Calendar navigation"/>
    <testcase name="navigate should focus next day in month view" time="0.023" classname="Chrome 32.0.1700 (Mac OS X 10.9.1).kendo_ui_Calendar navigation"/>
    <testcase name="navigate should focus previous day in month view" time="0.009" classname="Chrome 32.0.1700 (Mac OS X 10.9.1).kendo_ui_Calendar navigation"/>
    <testcase name="navigate should focus day on previous row in month view" time="0.009" classname="Chrome 32.0.1700 (Mac OS X 10.9.1).kendo_ui_Calendar navigation"/>
    <testcase name="navigate should focus day on next row in month view" time="0.022" classname="Chrome 32.0.1700 (Mac OS X 10.9.1).kendo_ui_Calendar navigation"/>
    <testcase name="navigate should focus next month in year view" time="0.014" classname="Chrome 32.0.1700 (Mac OS X 10.9.1).kendo_ui_Calendar navigation"/>
    <testcase name="navigate should focus previous month in year view" time="0.02" classname="Chrome 32.0.1700 (Mac OS X 10.9.1).kendo_ui_Calendar navigation"/>
    <testcase name="navigate should focus month on previous row in year view" time="0.019" classname="Chrome 32.0.1700 (Mac OS X 10.9.1).kendo_ui_Calendar navigation"/>
    <testcase name="navigate should focus month on next row in year view" time="0.014" classname="Chrome 32.0.1700 (Mac OS X 10.9.1).kendo_ui_Calendar navigation"/>
    <testcase name="navigate should focus next year in decade view" time="0.013" classname="Chrome 32.0.1700 (Mac OS X 10.9.1).kendo_ui_Calendar navigation"/>
    <testcase name="navigate should focus previous year in decade view" time="0.019" classname="Chrome 32.0.1700 (Mac OS X 10.9.1).kendo_ui_Calendar navigation"/>
    <testcase name="navigate should focus year on previous row in decade view" time="0.015" classname="Chrome 32.0.1700 (Mac OS X 10.9.1).kendo_ui_Calendar navigation"/>
    <testcase name="navigate should focus year on next row in decade view" time="0.015" classname="Chrome 32.0.1700 (Mac OS X 10.9.1).kendo_ui_Calendar navigation"/>
    <testcase name="navigate should focus next decade in century view" time="0.015" classname="Chrome 32.0.1700 (Mac OS X 10.9.1).kendo_ui_Calendar navigation"/>
    <testcase name="navigate should focus previous decade in century view" time="0.015" classname="Chrome 32.0.1700 (Mac OS X 10.9.1).kendo_ui_Calendar navigation"/>
    <testcase name="navigate should focus decade on previous row in century view" time="0.022" classname="Chrome 32.0.1700 (Mac OS X 10.9.1).kendo_ui_Calendar navigation"/>
    <testcase name="navigate should focus decade on next row in century view" time="0.015" classname="Chrome 32.0.1700 (Mac OS X 10.9.1).kendo_ui_Calendar navigation"/>
    <testcase name="navigate down" time="0.023" classname="Chrome 32.0.1700 (Mac OS X 10.9.1).kendo_ui_Calendar navigation"/>
    <testcase name="navigate up" time="0.009" classname="Chrome 32.0.1700 (Mac OS X 10.9.1).kendo_ui_Calendar navigation"/>
    <testcase name="navigate down selects date" time="0.022" classname="Chrome 32.0.1700 (Mac OS X 10.9.1).kendo_ui_Calendar navigation"/>
    <testcase name="navigate left" time="0.009" classname="Chrome 32.0.1700 (Mac OS X 10.9.1).kendo_ui_Calendar navigation"/>
    <testcase name="navigate right" time="0.008" classname="Chrome 32.0.1700 (Mac OS X 10.9.1).kendo_ui_Calendar navigation"/>
    <testcase name="Home should focus first day of current month" time="0.009" classname="Chrome 32.0.1700 (Mac OS X 10.9.1).kendo_ui_Calendar navigation"/>
    <testcase name="End should focus last day of current month" time="0.008" classname="Chrome 32.0.1700 (Mac OS X 10.9.1).kendo_ui_Calendar navigation"/>
    <testcase name="PageUp should focus same day in previous month" time="0.021" classname="Chrome 32.0.1700 (Mac OS X 10.9.1).kendo_ui_Calendar navigation"/>
    <testcase name="PageDown should focus same day in next month" time="0.021" classname="Chrome 32.0.1700 (Mac OS X 10.9.1).kendo_ui_Calendar navigation"/>
    <testcase name="Enter should focus viewedDate" time="0.023" classname="Chrome 32.0.1700 (Mac OS X 10.9.1).kendo_ui_Calendar navigation"/>
    <testcase name="Enter should select date" time="0.022" classname="Chrome 32.0.1700 (Mac OS X 10.9.1).kendo_ui_Calendar navigation"/>
    <testcase name="Enter should navigate down" time="0.024" classname="Chrome 32.0.1700 (Mac OS X 10.9.1).kendo_ui_Calendar navigation"/>
    <testcase name="Click on cell persists the time portion" time="0.023" classname="Chrome 32.0.1700 (Mac OS X 10.9.1).kendo_ui_Calendar navigation"/>
    <testcase name="Click on cell from other month persists the time portion" time="0.036" classname="Chrome 32.0.1700 (Mac OS X 10.9.1).kendo_ui_Calendar navigation"/>
    <testcase name="Calendar persits time portion when select date with navigation" time="0.027" classname="Chrome 32.0.1700 (Mac OS X 10.9.1).kendo_ui_Calendar navigation"/>
    <testcase name="Calendar persits time portion when select first day of the month" time="0.025" classname="Chrome 32.0.1700 (Mac OS X 10.9.1).kendo_ui_Calendar navigation"/>
    <testcase name="Calendar persits time portion when select last day of the month" time="0.024" classname="Chrome 32.0.1700 (Mac OS X 10.9.1).kendo_ui_Calendar navigation"/>
    <testcase name="click to change view" time="0.045" classname="Chrome 32.0.1700 (Mac OS X 10.9.1).kendo_ui_Calendar focus persistance"/>
    <testcase name="mouseup on calendar will focus the table" time="0.009" classname="Chrome 32.0.1700 (Mac OS X 10.9.1).kendo_ui_Calendar focus persistance"/>
    <testcase name="click on title focuses the table" time="0.015" classname="Chrome 32.0.1700 (Mac OS X 10.9.1).kendo_ui_Calendar focus persistance"/>
    <testcase name="click on prev arrow focuses the table" time="0.025" classname="Chrome 32.0.1700 (Mac OS X 10.9.1).kendo_ui_Calendar focus persistance"/>
    <testcase name="click on next arrow focuses the table" time="0.023" classname="Chrome 32.0.1700 (Mac OS X 10.9.1).kendo_ui_Calendar focus persistance"/>
    <testcase name="_move focuses the table" time="0.023" classname="Chrome 32.0.1700 (Mac OS X 10.9.1).kendo_ui_Calendar focus persistance"/>
    <testcase name="firstDayOfMonth returns correct date" time="0.005" classname="Chrome 32.0.1700 (Mac OS X 10.9.1).kendo_ui_Calendar rendering"/>
    <testcase name="firstVisibleDay returns correct date" time="0.004" classname="Chrome 32.0.1700 (Mac OS X 10.9.1).kendo_ui_Calendar rendering"/>
    <testcase name="month.setDate modify day" time="0.004" classname="Chrome 32.0.1700 (Mac OS X 10.9.1).kendo_ui_Calendar rendering"/>
    <testcase name="month.setDate updates even the second param is date" time="0.005" classname="Chrome 32.0.1700 (Mac OS X 10.9.1).kendo_ui_Calendar rendering"/>
    <testcase name="year.setDate modify month" time="0.004" classname="Chrome 32.0.1700 (Mac OS X 10.9.1).kendo_ui_Calendar rendering"/>
    <testcase name="year.setDate should honer end day of month" time="0.005" classname="Chrome 32.0.1700 (Mac OS X 10.9.1).kendo_ui_Calendar rendering"/>
    <testcase name="year.setDate should work correctly when date is Jan and value is -1 " time="0.004" classname="Chrome 32.0.1700 (Mac OS X 10.9.1).kendo_ui_Calendar rendering"/>
    <testcase name="year.setDate updates even the second param is date" time="0.004" classname="Chrome 32.0.1700 (Mac OS X 10.9.1).kendo_ui_Calendar rendering"/>
    <testcase name="decade.setDate modify year" time="0.004" classname="Chrome 32.0.1700 (Mac OS X 10.9.1).kendo_ui_Calendar rendering"/>
    <testcase name="decade.setDate updates even the second param is date" time="0.004" classname="Chrome 32.0.1700 (Mac OS X 10.9.1).kendo_ui_Calendar rendering"/>
    <testcase name="century.setDate modify decade" time="0.004" classname="Chrome 32.0.1700 (Mac OS X 10.9.1).kendo_ui_Calendar rendering"/>
    <testcase name="decade.setDate updates even the second param is date" time="0.005" classname="Chrome 32.0.1700 (Mac OS X 10.9.1).kendo_ui_Calendar rendering"/>
    <testcase name="Month view return title" time="0.004" classname="Chrome 32.0.1700 (Mac OS X 10.9.1).kendo_ui_Calendar rendering"/>
    <testcase name="Month view title honors options.culture" time="0.003" classname="Chrome 32.0.1700 (Mac OS X 10.9.1).kendo_ui_Calendar rendering"/>
    <testcase name="month view renders days" time="0.005" classname="Chrome 32.0.1700 (Mac OS X 10.9.1).kendo_ui_Calendar rendering"/>
    <testcase name="month view&apos;s content method honors culture" time="0.005" classname="Chrome 32.0.1700 (Mac OS X 10.9.1).kendo_ui_Calendar rendering"/>
    <testcase name="month view renderer honors firstDayOfWeek property" time="0.006" classname="Chrome 32.0.1700 (Mac OS X 10.9.1).kendo_ui_Calendar rendering"/>
    <testcase name="month view honors firstVisibleDay" time="0.009" classname="Chrome 32.0.1700 (Mac OS X 10.9.1).kendo_ui_Calendar rendering"/>
    <testcase name="month view renders anchor in td with title" time="0.006" classname="Chrome 32.0.1700 (Mac OS X 10.9.1).kendo_ui_Calendar rendering"/>
    <testcase name="month view renders anchor in td with title depending on the options.culture" time="0.005" classname="Chrome 32.0.1700 (Mac OS X 10.9.1).kendo_ui_Calendar rendering"/>
    <testcase name="month view renders empty string if date is not in range" time="0.005" classname="Chrome 32.0.1700 (Mac OS X 10.9.1).kendo_ui_Calendar rendering"/>
    <testcase name="month view should render data-val attribute" time="0.007" classname="Chrome 32.0.1700 (Mac OS X 10.9.1).kendo_ui_Calendar rendering"/>
    <testcase name="month view should render k-other-month style" time="0.006" classname="Chrome 32.0.1700 (Mac OS X 10.9.1).kendo_ui_Calendar rendering"/>
    <testcase name="month view should not render k-other-month to last day of month" time="0.007" classname="Chrome 32.0.1700 (Mac OS X 10.9.1).kendo_ui_Calendar rendering"/>
    <testcase name="month view do not apply k-other-month to the first day of the month" time="0.006" classname="Chrome 32.0.1700 (Mac OS X 10.9.1).kendo_ui_Calendar rendering"/>
    <testcase name="month view renders k-today if today is in the current view" time="0.005" classname="Chrome 32.0.1700 (Mac OS X 10.9.1).kendo_ui_Calendar rendering"/>
    <testcase name="month view renders k-weekend" time="0.005" classname="Chrome 32.0.1700 (Mac OS X 10.9.1).kendo_ui_Calendar rendering"/>
    <testcase name="month view passes dates array" time="0.004" classname="Chrome 32.0.1700 (Mac OS X 10.9.1).kendo_ui_Calendar rendering"/>
    <testcase name="month view renders URL if current date is in dates" time="0.006" classname="Chrome 32.0.1700 (Mac OS X 10.9.1).kendo_ui_Calendar rendering"/>
    <testcase name="month view honors culture when renders URL" time="0.006" classname="Chrome 32.0.1700 (Mac OS X 10.9.1).kendo_ui_Calendar rendering"/>
    <testcase name="year view renders title" time="0.005" classname="Chrome 32.0.1700 (Mac OS X 10.9.1).kendo_ui_Calendar rendering"/>
    <testcase name="year view renders meta view  4x3 cells" time="0.005" classname="Chrome 32.0.1700 (Mac OS X 10.9.1).kendo_ui_Calendar rendering"/>
    <testcase name="year view&apos;s content method honors culture" time="0.005" classname="Chrome 32.0.1700 (Mac OS X 10.9.1).kendo_ui_Calendar rendering"/>
    <testcase name="year view renders does not render months not in range" time="0.004" classname="Chrome 32.0.1700 (Mac OS X 10.9.1).kendo_ui_Calendar rendering"/>
    <testcase name="year view renders cells with data-val" time="0.005" classname="Chrome 32.0.1700 (Mac OS X 10.9.1).kendo_ui_Calendar rendering"/>
    <testcase name="decade title renders decade range title" time="0.004" classname="Chrome 32.0.1700 (Mac OS X 10.9.1).kendo_ui_Calendar rendering"/>
    <testcase name="decade title renders decade range within min/max values" time="0.005" classname="Chrome 32.0.1700 (Mac OS X 10.9.1).kendo_ui_Calendar rendering"/>
    <testcase name="decade view renders meta view  4x3 cells" time="0.005" classname="Chrome 32.0.1700 (Mac OS X 10.9.1).kendo_ui_Calendar rendering"/>
    <testcase name="decade view renders only years in range" time="0.004" classname="Chrome 32.0.1700 (Mac OS X 10.9.1).kendo_ui_Calendar rendering"/>
    <testcase name="decade view renders cells with data-val" time="0.004" classname="Chrome 32.0.1700 (Mac OS X 10.9.1).kendo_ui_Calendar rendering"/>
    <testcase name="decade renders k-other-month to the first and last cell of the view" time="0.004" classname="Chrome 32.0.1700 (Mac OS X 10.9.1).kendo_ui_Calendar rendering"/>
    <testcase name="century title renders century title" time="0.004" classname="Chrome 32.0.1700 (Mac OS X 10.9.1).kendo_ui_Calendar rendering"/>
    <testcase name="century title renders century title within min/max values" time="0.003" classname="Chrome 32.0.1700 (Mac OS X 10.9.1).kendo_ui_Calendar rendering"/>
    <testcase name="century view renders meta view  4x3 cells" time="0.005" classname="Chrome 32.0.1700 (Mac OS X 10.9.1).kendo_ui_Calendar rendering"/>
    <testcase name="century view renders only years in range" time="0.004" classname="Chrome 32.0.1700 (Mac OS X 10.9.1).kendo_ui_Calendar rendering"/>
    <testcase name="century view does not render decades less then min" time="0.005" classname="Chrome 32.0.1700 (Mac OS X 10.9.1).kendo_ui_Calendar rendering"/>
    <testcase name="century view renders cells with data-val" time="0.004" classname="Chrome 32.0.1700 (Mac OS X 10.9.1).kendo_ui_Calendar rendering"/>
    <testcase name="century renders k-other-month to the first and last cell of the view" time="0.004" classname="Chrome 32.0.1700 (Mac OS X 10.9.1).kendo_ui_Calendar rendering"/>
    <testcase name="_footer should render footer link" time="0.012" classname="Chrome 32.0.1700 (Mac OS X 10.9.1).kendo_ui_Calendar rendering"/>
    <testcase name="if no options.month then build template without WITH block" time="0.008" classname="Chrome 32.0.1700 (Mac OS X 10.9.1).kendo_ui_Calendar rendering"/>
    <testcase name="set options.month build template with WITH block" time="0.009" classname="Chrome 32.0.1700 (Mac OS X 10.9.1).kendo_ui_Calendar rendering"/>
    <testcase name="set options.month should be used as template" time="0.018" classname="Chrome 32.0.1700 (Mac OS X 10.9.1).kendo_ui_Calendar rendering"/>
    <testcase name="renders aria-label for each color" time="0.005" classname="Chrome 32.0.1700 (Mac OS X 10.9.1).colorpalette"/>
    <testcase name="maintains aria-selected attribute consistent with selection" time="0.005" classname="Chrome 32.0.1700 (Mac OS X 10.9.1).colorpalette"/>
    <testcase name="sets aria-activedescendant based on selection" time="0.004" classname="Chrome 32.0.1700 (Mac OS X 10.9.1).colorpalette"/>
    <testcase name="renders role=&apos;row&apos; for each tr" time="0.004" classname="Chrome 32.0.1700 (Mac OS X 10.9.1).colorpalette"/>
    <testcase name="renders role=&apos;gridcell&apos; for each td" time="0.001" classname="Chrome 32.0.1700 (Mac OS X 10.9.1).colorpalette"/>
    <testcase name="renders role=&apos;textbox&apos; to the wrapper" time="0.004" classname="Chrome 32.0.1700 (Mac OS X 10.9.1).color picker"/>
    <testcase name="renders aria-haspopup=&apos;true&apos; to the wrapper" time="0.003" classname="Chrome 32.0.1700 (Mac OS X 10.9.1).color picker"/>
    <testcase name="render popup with id" time="0.039" classname="Chrome 32.0.1700 (Mac OS X 10.9.1).color picker"/>
    <testcase name="render aria-owns to the wrapper" time="0.027" classname="Chrome 32.0.1700 (Mac OS X 10.9.1).color picker"/>
    <testcase name="renders aria-disabled=false" time="0.003" classname="Chrome 32.0.1700 (Mac OS X 10.9.1).color picker"/>
    <testcase name="renders aria-disabled=true" time="0.004" classname="Chrome 32.0.1700 (Mac OS X 10.9.1).color picker"/>
    <testcase name="renders aria-label to the wrapper" time="0.003" classname="Chrome 32.0.1700 (Mac OS X 10.9.1).color picker"/>
    <testcase name="input: false does not show input" time="0.014" classname="Chrome 32.0.1700 (Mac OS X 10.9.1).FlatColorPicker"/>
    <testcase name="initialization from input nests it into wrapper" time="0.004" classname="Chrome 32.0.1700 (Mac OS X 10.9.1).FlatColorPicker"/>
    <testcase name="Initialize a ColorPicker when the data-role is colorpicker" time="0.003" classname="Chrome 32.0.1700 (Mac OS X 10.9.1).colorpicker mvvm"/>
    <testcase name="Initialize value from view model" time="0.003" classname="Chrome 32.0.1700 (Mac OS X 10.9.1).colorpicker mvvm"/>
    <testcase name="Changing a value updates the model" time="0.002" classname="Chrome 32.0.1700 (Mac OS X 10.9.1).colorpicker mvvm"/>
    <testcase name="Binding color picker initialized before binding" time="0.004" classname="Chrome 32.0.1700 (Mac OS X 10.9.1).colorpicker mvvm"/>
    <testcase name="Binding color picker initialized after binding" time="0.004" classname="Chrome 32.0.1700 (Mac OS X 10.9.1).colorpicker mvvm"/>
    <testcase name="Updating model value changes the UI" time="0.004" classname="Chrome 32.0.1700 (Mac OS X 10.9.1).colorpicker mvvm"/>
    <testcase name="Binding enabled to false disables the widget" time="0.003" classname="Chrome 32.0.1700 (Mac OS X 10.9.1).colorpicker mvvm"/>
    <testcase name="Binding enabled to true enables the widget" time="0.004" classname="Chrome 32.0.1700 (Mac OS X 10.9.1).colorpicker mvvm"/>
    <testcase name="Binding disabled to true disables the widget" time="0.003" classname="Chrome 32.0.1700 (Mac OS X 10.9.1).colorpicker mvvm"/>
    <testcase name="Binding disabled to false enables the widget" time="0.004" classname="Chrome 32.0.1700 (Mac OS X 10.9.1).colorpicker mvvm"/>
    <testcase name="Binding visible to false hides the widget" time="0.002" classname="Chrome 32.0.1700 (Mac OS X 10.9.1).colorpicker mvvm"/>
    <testcase name="Binding visible to true shows the widget" time="0.003" classname="Chrome 32.0.1700 (Mac OS X 10.9.1).colorpicker mvvm"/>
    <testcase name="Changing visible to false hides the widget" time="0.003" classname="Chrome 32.0.1700 (Mac OS X 10.9.1).colorpicker mvvm"/>
    <testcase name="Changing visible to true shows the widget" time="0.003" classname="Chrome 32.0.1700 (Mac OS X 10.9.1).colorpicker mvvm"/>
    <testcase name="Binding invisible to true hides the widget" time="0.003" classname="Chrome 32.0.1700 (Mac OS X 10.9.1).colorpicker mvvm"/>
    <testcase name="Binding invisible to false shows the widget" time="0.004" classname="Chrome 32.0.1700 (Mac OS X 10.9.1).colorpicker mvvm"/>
    <testcase name="Changing invisible to true hides the widget" time="0.004" classname="Chrome 32.0.1700 (Mac OS X 10.9.1).colorpicker mvvm"/>
    <testcase name="Changing invisible to false shows the widget" time="0.003" classname="Chrome 32.0.1700 (Mac OS X 10.9.1).colorpicker mvvm"/>
    <testcase name="Change event reflects value modifications" time="0.005" classname="Chrome 32.0.1700 (Mac OS X 10.9.1).colorpicker mvvm"/>
    <testcase name="Convert desaturated color to HSV" time="0.001" classname="Chrome 32.0.1700 (Mac OS X 10.9.1).colorpicker mvvm"/>
    <testcase name="Short hex notation" time="0" classname="Chrome 32.0.1700 (Mac OS X 10.9.1).colorpicker mvvm"/>
    <testcase name="Long hex notation" time="0.001" classname="Chrome 32.0.1700 (Mac OS X 10.9.1).colorpicker mvvm"/>
    <testcase name="RGB notation" time="0" classname="Chrome 32.0.1700 (Mac OS X 10.9.1).colorpicker mvvm"/>
    <testcase name="RGBA notation" time="0.001" classname="Chrome 32.0.1700 (Mac OS X 10.9.1).colorpicker mvvm"/>
    <testcase name="open() method should open popup {autobind: true}" time="0.024" classname="Chrome 32.0.1700 (Mac OS X 10.9.1).kendo_ui_ComboBox selection"/>
    <testcase name="open() method should bind and open popup {autobind: false}" time="0.028" classname="Chrome 32.0.1700 (Mac OS X 10.9.1).kendo_ui_ComboBox selection"/>
    <testcase name="open() does not initiate second Ajax request" time="0.017" classname="Chrome 32.0.1700 (Mac OS X 10.9.1).kendo_ui_ComboBox selection"/>
    <testcase name="value(&apos;2&apos;) set selectedIndex" time="0.027" classname="Chrome 32.0.1700 (Mac OS X 10.9.1).kendo_ui_ComboBox selection"/>
    <testcase name="value method should select item if exists" time="0.024" classname="Chrome 32.0.1700 (Mac OS X 10.9.1).kendo_ui_ComboBox selection"/>
    <testcase name="value(&apos;&apos;) clear selection" time="0.025" classname="Chrome 32.0.1700 (Mac OS X 10.9.1).kendo_ui_ComboBox selection"/>
    <testcase name="should select jquery object" time="0.026" classname="Chrome 32.0.1700 (Mac OS X 10.9.1).kendo_ui_ComboBox selection"/>
    <testcase name="should select dom element" time="0.025" classname="Chrome 32.0.1700 (Mac OS X 10.9.1).kendo_ui_ComboBox selection"/>
    <testcase name="value method should select item with 0 value" time="0.026" classname="Chrome 32.0.1700 (Mac OS X 10.9.1).kendo_ui_ComboBox selection"/>
    <testcase name="select item with index -1 should not select anything" time="0.024" classname="Chrome 32.0.1700 (Mac OS X 10.9.1).kendo_ui_ComboBox selection"/>
    <testcase name="select should select item by predicate" time="0.031" classname="Chrome 32.0.1700 (Mac OS X 10.9.1).kendo_ui_ComboBox selection"/>
    <testcase name="select(li) set selectedIndex" time="0.026" classname="Chrome 32.0.1700 (Mac OS X 10.9.1).kendo_ui_ComboBox selection"/>
    <testcase name="select() returns selectedIndex" time="0.025" classname="Chrome 32.0.1700 (Mac OS X 10.9.1).kendo_ui_ComboBox selection"/>
    <testcase name="select method does not trigger change event" time="0.026" classname="Chrome 32.0.1700 (Mac OS X 10.9.1).kendo_ui_ComboBox selection"/>
    <testcase name="open should call _scroll method" time="0.139" classname="Chrome 32.0.1700 (Mac OS X 10.9.1).kendo_ui_ComboBox selection"/>
    <testcase name="open should open popup" time="0.117" classname="Chrome 32.0.1700 (Mac OS X 10.9.1).kendo_ui_ComboBox selection"/>
    <testcase name="open should bind and open after this if no items" time="0.036" classname="Chrome 32.0.1700 (Mac OS X 10.9.1).kendo_ui_ComboBox selection"/>
    <testcase name="close should close popup" time="0.129" classname="Chrome 32.0.1700 (Mac OS X 10.9.1).kendo_ui_ComboBox selection"/>
    <testcase name="value should select custom option if element is select" time="0.012" classname="Chrome 32.0.1700 (Mac OS X 10.9.1).kendo_ui_ComboBox selection"/>
    <testcase name="text method should select item if exists" time="0.025" classname="Chrome 32.0.1700 (Mac OS X 10.9.1).kendo_ui_ComboBox selection"/>
    <testcase name="text should set custom value" time="0.026" classname="Chrome 32.0.1700 (Mac OS X 10.9.1).kendo_ui_ComboBox selection"/>
    <testcase name="text method selects item depending on ignoreCase option" time="0.025" classname="Chrome 32.0.1700 (Mac OS X 10.9.1).kendo_ui_ComboBox selection"/>
    <testcase name="text method does not throw expection if set to null" time="0.025" classname="Chrome 32.0.1700 (Mac OS X 10.9.1).kendo_ui_ComboBox selection"/>
    <testcase name="text should not change selection if selected item is equal to input.value" time="0.033" classname="Chrome 32.0.1700 (Mac OS X 10.9.1).kendo_ui_ComboBox selection"/>
    <testcase name="text should set empty text to the combobox" time="0.018" classname="Chrome 32.0.1700 (Mac OS X 10.9.1).kendo_ui_ComboBox selection"/>
    <testcase name="enable(false) should disable combobox" time="0.009" classname="Chrome 32.0.1700 (Mac OS X 10.9.1).kendo_ui_ComboBox selection"/>
    <testcase name="after enable(false) should not open popup" time="0.01" classname="Chrome 32.0.1700 (Mac OS X 10.9.1).kendo_ui_ComboBox selection"/>
    <testcase name="enable(true) removes k-state-disabled class" time="0.011" classname="Chrome 32.0.1700 (Mac OS X 10.9.1).kendo_ui_ComboBox selection"/>
    <testcase name="readonly() makes  input element readonly" time="0.01" classname="Chrome 32.0.1700 (Mac OS X 10.9.1).kendo_ui_ComboBox selection"/>
    <testcase name="readonly() unbinds icon click" time="0.011" classname="Chrome 32.0.1700 (Mac OS X 10.9.1).kendo_ui_ComboBox selection"/>
    <testcase name="readonly(false) removes readonly attribute" time="0.011" classname="Chrome 32.0.1700 (Mac OS X 10.9.1).kendo_ui_ComboBox selection"/>
    <testcase name="readonly() removes disabled attribute and disabled class" time="0.009" classname="Chrome 32.0.1700 (Mac OS X 10.9.1).kendo_ui_ComboBox selection"/>
    <testcase name="enable(false) removes readonly attribute and default class" time="0.009" classname="Chrome 32.0.1700 (Mac OS X 10.9.1).kendo_ui_ComboBox selection"/>
    <testcase name="enable() enables widget after readonly()" time="0.009" classname="Chrome 32.0.1700 (Mac OS X 10.9.1).kendo_ui_ComboBox selection"/>
    <testcase name="dataItem() returns null if no item is selected" time="0.01" classname="Chrome 32.0.1700 (Mac OS X 10.9.1).kendo_ui_ComboBox selection"/>
    <testcase name="dataItem() returns dataItem of the selected LI element" time="0.011" classname="Chrome 32.0.1700 (Mac OS X 10.9.1).kendo_ui_ComboBox selection"/>
    <testcase name="dataItem() returns dataItem depending on passed index" time="0.047" classname="Chrome 32.0.1700 (Mac OS X 10.9.1).kendo_ui_ComboBox selection"/>
    <testcase name="value(value) calls dataSource.fetch if no data" time="0.009" classname="Chrome 32.0.1700 (Mac OS X 10.9.1).kendo_ui_ComboBox selection"/>
    <testcase name="value method with 0 argument calls dataSource.fetch if no data" time="0.005" classname="Chrome 32.0.1700 (Mac OS X 10.9.1).kendo_ui_ComboBox selection"/>
    <testcase name="value(value) does not initiate second Ajax request" time="0.005" classname="Chrome 32.0.1700 (Mac OS X 10.9.1).kendo_ui_ComboBox selection"/>
    <testcase name="value(&apos;&apos;) clears selection and do not fetch" time="0.005" classname="Chrome 32.0.1700 (Mac OS X 10.9.1).kendo_ui_ComboBox selection"/>
    <testcase name="ComboBox does not select correct item after filter() and value()" time="0.018" classname="Chrome 32.0.1700 (Mac OS X 10.9.1).kendo_ui_ComboBox selection"/>
    <testcase name="ComboBox filter after value method is used" time="0.066" classname="Chrome 32.0.1700 (Mac OS X 10.9.1).kendo_ui_ComboBox selection"/>
    <testcase name="ComboBox does not change text if custom value is equal to options.value" time="0.021" classname="Chrome 32.0.1700 (Mac OS X 10.9.1).kendo_ui_ComboBox selection"/>
    <testcase name="ComboBox adds role to the input" time="0.009" classname="Chrome 32.0.1700 (Mac OS X 10.9.1).kendo_ui_ComboBox ARIA"/>
    <testcase name="ComboBox adds aria-autocomplete=&apos;list&apos;" time="0.01" classname="Chrome 32.0.1700 (Mac OS X 10.9.1).kendo_ui_ComboBox ARIA"/>
    <testcase name="ComboBox adds aria-autocomplete=&apos;both&apos; if suggestion is enabled" time="0.009" classname="Chrome 32.0.1700 (Mac OS X 10.9.1).kendo_ui_ComboBox ARIA"/>
    <testcase name="ComboBox adds aria-owns" time="0.01" classname="Chrome 32.0.1700 (Mac OS X 10.9.1).kendo_ui_ComboBox ARIA"/>
    <testcase name="ComboBox adds aria-activedescentant" time="0.021" classname="Chrome 32.0.1700 (Mac OS X 10.9.1).kendo_ui_ComboBox ARIA"/>
    <testcase name="ComboBox adds aria-disabled=&apos;true&apos;" time="0.009" classname="Chrome 32.0.1700 (Mac OS X 10.9.1).kendo_ui_ComboBox ARIA"/>
    <testcase name="ComboBox adds aria-disabled=&apos;false&apos;" time="0.009" classname="Chrome 32.0.1700 (Mac OS X 10.9.1).kendo_ui_ComboBox ARIA"/>
    <testcase name="ComboBox adds aria-expanded=&apos;false&apos;" time="0.009" classname="Chrome 32.0.1700 (Mac OS X 10.9.1).kendo_ui_ComboBox ARIA"/>
    <testcase name="ComboBox adds aria-expanded=&apos;true&apos;" time="0.097" classname="Chrome 32.0.1700 (Mac OS X 10.9.1).kendo_ui_ComboBox ARIA"/>
    <testcase name="ComboBox sets aria-expanded to false on close" time="0.109" classname="Chrome 32.0.1700 (Mac OS X 10.9.1).kendo_ui_ComboBox ARIA"/>
    <testcase name="ComboBox makes down arrow ARIA accessible" time="0.009" classname="Chrome 32.0.1700 (Mac OS X 10.9.1).kendo_ui_ComboBox ARIA"/>
    <testcase name="ComboBox adds role=&apos;listbox&apos; to list element" time="0.009" classname="Chrome 32.0.1700 (Mac OS X 10.9.1).kendo_ui_ComboBox ARIA"/>
    <testcase name="ComboBox adds role to the popup element" time="0.009" classname="Chrome 32.0.1700 (Mac OS X 10.9.1).kendo_ui_ComboBox ARIA"/>
[...]
    <testcase name="extending the window does not break the close method" time="0.013" classname="Chrome 32.0.1700 (Mac OS X 10.9.1).api"/>
    <testcase name="destroying a window destroys nested components" time="0.022" classname="Chrome 32.0.1700 (Mac OS X 10.9.1).api"/>
    <testcase name="async open/close of model windows leaves overlay" time="0.02" classname="Chrome 32.0.1700 (Mac OS X 10.9.1).api"/>
    <testcase name="opening a closing animated window leaves it in opened state" time="0.125" classname="Chrome 32.0.1700 (Mac OS X 10.9.1).api"/>
    <testcase name="setOptions can toggle draggable option" time="0.011" classname="Chrome 32.0.1700 (Mac OS X 10.9.1).api"/>
    <testcase name="setOptions can toggle resizable option" time="0.012" classname="Chrome 32.0.1700 (Mac OS X 10.9.1).api"/>
    <testcase name="setOptions can set zero integer position" time="0.009" classname="Chrome 32.0.1700 (Mac OS X 10.9.1).api"/>
    <testcase name="setOptions can set integer position" time="0.01" classname="Chrome 32.0.1700 (Mac OS X 10.9.1).api"/>
    <testcase name="setOptions can set string position" time="0.009" classname="Chrome 32.0.1700 (Mac OS X 10.9.1).api"/>
    <testcase name="setting new title updates widget options" time="0.006" classname="Chrome 32.0.1700 (Mac OS X 10.9.1).api"/>
    <testcase name="overlay is not hidden when showing second modal window after closing first" time="0.033" classname="Chrome 32.0.1700 (Mac OS X 10.9.1).api"/>
    <testcase name="Window adds role to the element" time="0.006" classname="Chrome 32.0.1700 (Mac OS X 10.9.1).initialization"/>
    <testcase name="Window sets id to the title" time="0.006" classname="Chrome 32.0.1700 (Mac OS X 10.9.1).initialization"/>
    <testcase name="Window adds aria-labelledby" time="0.005" classname="Chrome 32.0.1700 (Mac OS X 10.9.1).initialization"/>
    <testcase name="Window adds role button to the titlebar buttons" time="0.012" classname="Chrome 32.0.1700 (Mac OS X 10.9.1).initialization"/>
    <testcase name="clicking on window brings it in front of other windows" time="0.049" classname="Chrome 32.0.1700 (Mac OS X 10.9.1).events"/>
    <testcase name="loading of iframe triggers load event" time="0.032" classname="Chrome 32.0.1700 (Mac OS X 10.9.1).events"/>
    <testcase name="multiple loading of iframe triggers one refresh per load" time="0.043" classname="Chrome 32.0.1700 (Mac OS X 10.9.1).events"/>
    <testcase name="clicking the refresh button on a static window triggers refresh event" time="0.009" classname="Chrome 32.0.1700 (Mac OS X 10.9.1).events"/>
    <testcase name="error event gets triggered with proper information" time="0.074" classname="Chrome 32.0.1700 (Mac OS X 10.9.1).events"/>
    <testcase name="moving minimized window does not show drag handles" time="0.009" classname="Chrome 32.0.1700 (Mac OS X 10.9.1).events"/>
    <testcase name="moving minimized window does not show drag handles" time="0.009" classname="Chrome 32.0.1700 (Mac OS X 10.9.1).events"/>
    <testcase name="destroy can be called in close event" time="0.008" classname="Chrome 32.0.1700 (Mac OS X 10.9.1).events"/>
    <testcase name="escape key triggers close event" time="0.008" classname="Chrome 32.0.1700 (Mac OS X 10.9.1).keyboard support"/>
    <testcase name="hitting escape in closing window does not trigger new close" time="0.009" classname="Chrome 32.0.1700 (Mac OS X 10.9.1).keyboard support"/>
    <testcase name="up arrow moves window up" time="0.008" classname="Chrome 32.0.1700 (Mac OS X 10.9.1).keyboard support"/>
    <testcase name="down arrow moves window down" time="0.008" classname="Chrome 32.0.1700 (Mac OS X 10.9.1).keyboard support"/>
    <testcase name="left arrow moves window left" time="0.013" classname="Chrome 32.0.1700 (Mac OS X 10.9.1).keyboard support"/>
    <testcase name="right arrow moves window right" time="0.007" classname="Chrome 32.0.1700 (Mac OS X 10.9.1).keyboard support"/>
    <testcase name="ctrl+down arrow expands window" time="0.008" classname="Chrome 32.0.1700 (Mac OS X 10.9.1).keyboard support"/>
    <testcase name="ctrl+up arrow shrinks window" time="0.007" classname="Chrome 32.0.1700 (Mac OS X 10.9.1).keyboard support"/>
    <testcase name="ctrl+left arrow shrinks window" time="0.007" classname="Chrome 32.0.1700 (Mac OS X 10.9.1).keyboard support"/>
    <testcase name="ctrl+right arrow expands window" time="0.007" classname="Chrome 32.0.1700 (Mac OS X 10.9.1).keyboard support"/>
    <testcase name="ctrl+left takes minWidth into account" time="0.007" classname="Chrome 32.0.1700 (Mac OS X 10.9.1).keyboard support"/>
    <testcase name="ctrl+right takes maxWidth into account" time="0.007" classname="Chrome 32.0.1700 (Mac OS X 10.9.1).keyboard support"/>
    <testcase name="ctrl+up takes minHeight into account" time="0.007" classname="Chrome 32.0.1700 (Mac OS X 10.9.1).keyboard support"/>
    <testcase name="ctrl+down takes maxHeight into account" time="0.008" classname="Chrome 32.0.1700 (Mac OS X 10.9.1).keyboard support"/>
    <testcase name="resizing window with the keyboard updates widget options" time="0.007" classname="Chrome 32.0.1700 (Mac OS X 10.9.1).keyboard support"/>
    <testcase name="hitting arrow keys in nested input does not trigger keyboard support" time="0.008" classname="Chrome 32.0.1700 (Mac OS X 10.9.1).keyboard support"/>
    <testcase name="hitting escape in a non-closable window does not close it" time="0.008" classname="Chrome 32.0.1700 (Mac OS X 10.9.1).keyboard support"/>
    <testcase name="opening and closing modal Windows positions the modal overlay correctly over all other instances but one" time="0.025" classname="Chrome 32.0.1700 (Mac OS X 10.9.1).keyboard support"/>
    <testcase name="Resizing with keyboard raises resize event" time="0.008" classname="Chrome 32.0.1700 (Mac OS X 10.9.1).keyboard support"/>
    <testcase name="creates default html structure" time="0.008" classname="Chrome 32.0.1700 (Mac OS X 10.9.1).initialization"/>
    <testcase name="construction triggers open and activate events" time="0.007" classname="Chrome 32.0.1700 (Mac OS X 10.9.1).initialization"/>
    <testcase name="construction does not trigger open and activate events on hidden windows" time="0.007" classname="Chrome 32.0.1700 (Mac OS X 10.9.1).initialization"/>
    <testcase name="construction of modal window shows overlay" time="0.01" classname="Chrome 32.0.1700 (Mac OS X 10.9.1).initialization"/>
    <testcase name="hiding second modal window does not hide first overlay" time="0.028" classname="Chrome 32.0.1700 (Mac OS X 10.9.1).initialization"/>
    <testcase name="destroy() does not delete overlay if there are other opened modal windows" time="0.015" classname="Chrome 32.0.1700 (Mac OS X 10.9.1).initialization"/>
    <testcase name="creating a modal window after closing another shows overlay" time="0.017" classname="Chrome 32.0.1700 (Mac OS X 10.9.1).initialization"/>
    <testcase name="creating a window with a remote `content` creates iframe" time="0.009" classname="Chrome 32.0.1700 (Mac OS X 10.9.1).initialization"/>
    <testcase name="creating a window with a `content` on the same server does not create iframe" time="0.009" classname="Chrome 32.0.1700 (Mac OS X 10.9.1).initialization"/>
    <testcase name="creating a window without a `content` does not create iframe" time="0.008" classname="Chrome 32.0.1700 (Mac OS X 10.9.1).initialization"/>
    <testcase name="creating a modal adds overlay and places it before the window markup" time="0.009" classname="Chrome 32.0.1700 (Mac OS X 10.9.1).initialization"/>
    <testcase name="creating a second modal moves overlay after the first one" time="0.016" classname="Chrome 32.0.1700 (Mac OS X 10.9.1).initialization"/>
    <testcase name="creating a second dialog with a content frame overlays the first one" time="0.016" classname="Chrome 32.0.1700 (Mac OS X 10.9.1).initialization"/>
    <testcase name="specifying iframe=true creates iframe for local URL" time="0.009" classname="Chrome 32.0.1700 (Mac OS X 10.9.1).initialization"/>
    <testcase name="specifying iframe=false does not create iframe for remote URL" time="0.008" classname="Chrome 32.0.1700 (Mac OS X 10.9.1).initialization"/>
    <testcase name="creating a window with an iframe adds a k-window-iframecontent class" time="0.013" classname="Chrome 32.0.1700 (Mac OS X 10.9.1).initialization"/>
    <testcase name="creating window with minHeight constrains larger content with inner minHeight" time="0.007" classname="Chrome 32.0.1700 (Mac OS X 10.9.1).initialization"/>
    <testcase name="content.template" time="0.008" classname="Chrome 32.0.1700 (Mac OS X 10.9.1).initialization"/>
    <testcase name="content.template is used when fetching jsonp data" time="0.073" classname="Chrome 32.0.1700 (Mac OS X 10.9.1).initialization"/>
    <testcase name="title=false does not render title and adds css class" time="0.007" classname="Chrome 32.0.1700 (Mac OS X 10.9.1).initialization"/>
    <testcase name="k-rtl class is not rendered by default" time="0.014" classname="Chrome 32.0.1700 (Mac OS X 10.9.1).initialization"/>
    <testcase name="k-rtl class is rendered when in k-rtl container" time="0.008" classname="Chrome 32.0.1700 (Mac OS X 10.9.1).initialization"/>
    <testcase name="invisible windows do not interfere with overlay" time="0.018" classname="Chrome 32.0.1700 (Mac OS X 10.9.1).initialization"/>
    <testcase name="visible:false option is inferred from content element" time="0.007" classname="Chrome 32.0.1700 (Mac OS X 10.9.1).initialization"/>
    <testcase name="visible:true option is inferred from content element" time="0.008" classname="Chrome 32.0.1700 (Mac OS X 10.9.1).initialization"/>
    <testcase name="visible: false creates hidden windows" time="0.006" classname="Chrome 32.0.1700 (Mac OS X 10.9.1).initialization"/>
    <testcase name="scripts in window are executed only once" time="0.007" classname="Chrome 32.0.1700 (Mac OS X 10.9.1).initialization"/>
    <testcase name="scripts with type in window are executed only once" time="0.007" classname="Chrome 32.0.1700 (Mac OS X 10.9.1).initialization"/>
    <testcase name="template script tags are not removed from window" time="0.007" classname="Chrome 32.0.1700 (Mac OS X 10.9.1).initialization"/>
    <testcase name="width is constrained by minWidth" time="0.007" classname="Chrome 32.0.1700 (Mac OS X 10.9.1).initialization"/>
    <testcase name="width is constrained by maxWidth" time="0.007" classname="Chrome 32.0.1700 (Mac OS X 10.9.1).initialization"/>
    <testcase name="height is constrained by minHeight" time="0.007" classname="Chrome 32.0.1700 (Mac OS X 10.9.1).initialization"/>
    <testcase name="height is constrained by maxHeight" time="0.007" classname="Chrome 32.0.1700 (Mac OS X 10.9.1).initialization"/>
    <testcase name="height is constrained by maxHeight when content is larger" time="0.009" classname="Chrome 32.0.1700 (Mac OS X 10.9.1).initialization"/>
    <testcase name="creating window with string width" time="0.007" classname="Chrome 32.0.1700 (Mac OS X 10.9.1).initialization"/>
    <testcase name="creating window with string height" time="0.007" classname="Chrome 32.0.1700 (Mac OS X 10.9.1).initialization"/>
    <testcase name="passing empty actions array does not show any buttons in title bar" time="0.007" classname="Chrome 32.0.1700 (Mac OS X 10.9.1).initialization"/>
    <testcase name="creating pinned window applies a position:fixed style" time="0.007" classname="Chrome 32.0.1700 (Mac OS X 10.9.1).initialization"/>
    <testcase name="creating pinned window with a Pin command adds an Unpin button" time="0.007" classname="Chrome 32.0.1700 (Mac OS X 10.9.1).initialization"/>
    <testcase name="creating window with an int zero top position applies a top style" time="0.007" classname="Chrome 32.0.1700 (Mac OS X 10.9.1).initialization"/>
    <testcase name="creating window with an int non-zero top position applies a top style" time="0.014" classname="Chrome 32.0.1700 (Mac OS X 10.9.1).initialization"/>
    <testcase name="creating window with a string top position applies a top style" time="0.008" classname="Chrome 32.0.1700 (Mac OS X 10.9.1).initialization"/>
    <testcase name="creating window with an int zero left position applies a left style" time="0.007" classname="Chrome 32.0.1700 (Mac OS X 10.9.1).initialization"/>
    <testcase name="creating window with an int non-zero left position applies a left style" time="0.007" classname="Chrome 32.0.1700 (Mac OS X 10.9.1).initialization"/>
    <testcase name="creating window with a string left position applies a left style" time="0.007" classname="Chrome 32.0.1700 (Mac OS X 10.9.1).initialization"/>
    <testcase name="appends window to given container" time="0.006" classname="Chrome 32.0.1700 (Mac OS X 10.9.1).appendTo option"/>
    <testcase name="passing element appends window to given container" time="0.006" classname="Chrome 32.0.1700 (Mac OS X 10.9.1).appendTo option"/>
    <testcase name="modal windows append single overlay to container" time="0.014" classname="Chrome 32.0.1700 (Mac OS X 10.9.1).appendTo option"/>
    <testcase name="double-clicking refresh does not maximize window" time="0.008" classname="Chrome 32.0.1700 (Mac OS X 10.9.1).interaction"/>
    <testcase name="resizing window out of viewport" time="0.012" classname="Chrome 32.0.1700 (Mac OS X 10.9.1).interaction"/>
    <testcase name="resizing window resizes inner widgets" time="0.007" classname="Chrome 32.0.1700 (Mac OS X 10.9.1).interaction"/>
    <testcase name="resizing window updates widget options" time="0.01" classname="Chrome 32.0.1700 (Mac OS X 10.9.1).interaction"/>
    <testcase name="popups are closed when closing window" time="0.094" classname="Chrome 32.0.1700 (Mac OS X 10.9.1).integration"/>
    <testcase name="initializes a window when data role is window" time="0.007" classname="Chrome 32.0.1700 (Mac OS X 10.9.1).MVVM"/>
    <testcase name="initializes a options from data attributes" time="0.006" classname="Chrome 32.0.1700 (Mac OS X 10.9.1).MVVM"/>
    <testcase name="binding window initialized before binding" time="0.009" classname="Chrome 32.0.1700 (Mac OS X 10.9.1).MVVM"/>
    <testcase name="binding containing binding attributes" time="0.006" classname="Chrome 32.0.1700 (Mac OS X 10.9.1).MVVM"/>
    <testcase name="updating viewModel updates the content" time="0.007" classname="Chrome 32.0.1700 (Mac OS X 10.9.1).MVVM"/>
    <testcase name="event is raised if attached as option" time="0.006" classname="Chrome 32.0.1700 (Mac OS X 10.9.1).MVVM"/>
    <testcase name="binding visible to true shows the window" time="0.006" classname="Chrome 32.0.1700 (Mac OS X 10.9.1).MVVM"/>
    <testcase name="binding visible to false hides the window" time="0.006" classname="Chrome 32.0.1700 (Mac OS X 10.9.1).MVVM"/>
    <testcase name="binding invisible to true hides the window" time="0.007" classname="Chrome 32.0.1700 (Mac OS X 10.9.1).MVVM"/>
    <testcase name="binding invisible to false shows the window" time="0.007" classname="Chrome 32.0.1700 (Mac OS X 10.9.1).MVVM"/>
    <testcase name="bind visible through data attribute" time="0.006" classname="Chrome 32.0.1700 (Mac OS X 10.9.1).MVVM"/>
    <testcase name="set width and height through data attribute" time="0.007" classname="Chrome 32.0.1700 (Mac OS X 10.9.1).MVVM"/>
    <testcase name="set content through data attribute" time="0.007" classname="Chrome 32.0.1700 (Mac OS X 10.9.1).MVVM"/>
    <testcase name="set appendTo through data attribute" time="0.009" classname="Chrome 32.0.1700 (Mac OS X 10.9.1).MVVM"/>
    <system-out><![CDATA[Chrome 32.0.1700 (Mac OS X 10.9.1) LOG: LOG
 'less: XHR: Getting 'http://localhost:9876/base/styles/web/kendo.common.core.less'',Chrome 32.0.1700 (Mac OS X 10.9.1) LOG: LOG
 'less: XHR: Getting 'http://localhost:9876/base/styles/web/common/core.less'',Chrome 32.0.1700 (Mac OS X 10.9.1) LOG: LOG
 'less: XHR: Getting 'http://localhost:9876/base/styles/web/common/mixins.less'',Chrome 32.0.1700 (Mac OS X 10.9.1) LOG: LOG
 'less: XHR: Getting 'http://localhost:9876/base/styles/web/common/base.less'',Chrome 32.0.1700 (Mac OS X 10.9.1) LOG: LOG
 'less: XHR: Getting 'http://localhost:9876/base/styles/web/common/forms.less'',Chrome 32.0.1700 (Mac OS X 10.9.1) LOG: LOG
 'less: XHR: Getting 'http://localhost:9876/base/styles/web/common/window.less'',Chrome 32.0.1700 (Mac OS X 10.9.1) LOG: LOG
 'less: XHR: Getting 'http://localhost:9876/base/styles/web/common/tabstrip.less'',Chrome 32.0.1700 (Mac OS X 10.9.1) LOG: LOG
 'less: XHR: Getting 'http://localhost:9876/base/styles/web/common/panelbar.less'',Chrome 32.0.1700 (Mac OS X 10.9.1) LOG: LOG
 'less: XHR: Getting 'http://localhost:9876/base/styles/web/common/menu.less'',Chrome 32.0.1700 (Mac OS X 10.9.1) LOG: LOG
 'less: XHR: Getting 'http://localhost:9876/base/styles/web/common/calendar.less'',Chrome 32.0.1700 (Mac OS X 10.9.1) LOG: LOG
 'less: XHR: Getting 'http://localhost:9876/base/styles/web/common/inputs.less'',Chrome 32.0.1700 (Mac OS X 10.9.1) LOG: LOG
 'less: XHR: Getting 'http://localhost:9876/base/styles/web/common/notification.less'',Chrome 32.0.1700 (Mac OS X 10.9.1) LOG: LOG
 'less: XHR: Getting 'http://localhost:9876/base/styles/web/common/progressbar.less'',Chrome 32.0.1700 (Mac OS X 10.9.1) LOG: LOG
 'less: XHR: Getting 'http://localhost:9876/base/styles/web/common/slider.less'',Chrome 32.0.1700 (Mac OS X 10.9.1) LOG: LOG
 'less: XHR: Getting 'http://localhost:9876/base/styles/web/common/tooltip.less'',Chrome 32.0.1700 (Mac OS X 10.9.1) LOG: LOG
 'less: XHR: Getting 'http://localhost:9876/base/styles/web/common/splitter.less'',Chrome 32.0.1700 (Mac OS X 10.9.1) LOG: LOG
 'less: XHR: Getting 'http://localhost:9876/base/styles/web/common/ie7.less'',Chrome 32.0.1700 (Mac OS X 10.9.1) LOG: LOG
 'less: parsed http://localhost:9876/base/styles/web/kendo.common.core.less successfully.',Chrome 32.0.1700 (Mac OS X 10.9.1) LOG: LOG
 'less: css for http://localhost:9876/base/styles/web/kendo.common.core.less generated in 325ms',Chrome 32.0.1700 (Mac OS X 10.9.1) LOG: LOG
 'less: XHR: Getting 'http://localhost:9876/base/styles/web/kendo.rtl.css'',Chrome 32.0.1700 (Mac OS X 10.9.1) LOG: LOG
 'less: parsed http://localhost:9876/base/styles/web/kendo.rtl.css successfully.',Chrome 32.0.1700 (Mac OS X 10.9.1) LOG: LOG
 'less: css for http://localhost:9876/base/styles/web/kendo.rtl.css generated in 18ms',Chrome 32.0.1700 (Mac OS X 10.9.1) LOG: LOG
 'less: css generated in 343ms',Chrome 32.0.1700 (Mac OS X 10.9.1) SLOW 0.516 secs: kendo jQuery Registers real mouse events
,Chrome 32.0.1700 (Mac OS X 10.9.1) SLOW 0.918 secs: animate animate waits all effects to finish
,Chrome 32.0.1700 (Mac OS X 10.9.1) SLOW 0.916 secs: animate passing options to animate works
,Chrome 32.0.1700 (Mac OS X 10.9.1) SLOW 0.918 secs: animate passing options to animate effects as string
,Chrome 32.0.1700 (Mac OS X 10.9.1) SLOW 0.917 secs: animate make sure css, setup, teardown and restore are called in sequence
,Chrome 32.0.1700 (Mac OS X 10.9.1) SLOW 0.617 secs: animate callback is fired asynchronously after animate
,Chrome 32.0.1700 (Mac OS X 10.9.1) LOG: ERROR
 'kendo.ui.MultiSelect API', 'MultiSelect does not open list if there are no visible items', 'active widgets left', 'Popup(k-group k-popup k-reset k-state-border-up)', 'Popup(k-group k-popup k-reset k-state-border-up)', 'Popup(k-group k-popup k-reset k-state-border-up)',Chrome 32.0.1700 (Mac OS X 10.9.1) LOG: ERROR
 'Error: Exception required to fire the error event in error.html',Chrome 32.0.1700 (Mac OS X 10.9.1) SLOW 0.726 secs: History Allows prevention of navigating to previous URL (not back) if preventDefault called
,Chrome 32.0.1700 (Mac OS X 10.9.1) SLOW 0.527 secs: History handles back in push state
,Chrome 32.0.1700 (Mac OS X 10.9.1) LOG: ERROR
 'Error: Exception required to fire the error event in error.html',Chrome 32.0.1700 (Mac OS X 10.9.1) LOG: LOG
 'start'
]]></system-out>
    <system-err/>
  </testsuite>
</testsuites>
