<?xml version="1.0" encoding="UTF-8"?>
<TestRun id="a66e1bac-ecec-4bc1-a431-8c5aa1a9bb2c" name="aggeorgiev@AGGEORGIEV 2011-08-18 10:14:22" runUser="TELERIK\aggeorgiev" xmlns="http://microsoft.com/schemas/VisualStudio/TeamTest/2010">
  <TestSettings name="Local" id="038bf895-298b-4f7c-bbaa-fdfc7f6d63e7">
    <Description>These are default test settings for a local test run.</Description>
    <Execution>
      <TestTypeSpecific>
        <UnitTestRunConfig testTypeId="13cdc9d9-ddb5-4fa4-a97d-d965ccfc6d4b">
          <AssemblyResolution>
            <TestDirectory useLoadContext="true" />
          </AssemblyResolution>
        </UnitTestRunConfig>
        <WebTestRunConfiguration testTypeId="4e7599fa-5ecb-43e9-a887-cd63cf72d207">
          <Browser name="Internet Explorer 7.0">
            <Headers>
              <Header name="User-Agent" value="Mozilla/4.0 (compatible; MSIE 7.0; Windows NT 5.1)" />
              <Header name="Accept" value="*/*" />
              <Header name="Accept-Language" value="{{$IEAcceptLanguage}}" />
              <Header name="Accept-Encoding" value="GZIP" />
            </Headers>
          </Browser>
        </WebTestRunConfiguration>
        <WebAiiTestRunConfig testTypeId="c4241296-3c6e-46b1-bf92-e0bd3e0eb017" Settings="&lt;?xml version=&quot;1.0&quot; encoding=&quot;utf-16&quot;?&gt;&#xD;&#xA;&lt;Settings xmlns:xsi=&quot;http://www.w3.org/2001/XMLSchema-instance&quot; xmlns:xsd=&quot;http://www.w3.org/2001/XMLSchema&quot;&gt;&#xD;&#xA;  &lt;Web&gt;&#xD;&#xA;    &lt;ExecutingBrowsers&gt;&#xD;&#xA;      &lt;BrowserExecutionType&gt;InternetExplorer&lt;/BrowserExecutionType&gt;&#xD;&#xA;    &lt;/ExecutingBrowsers&gt;&#xD;&#xA;    &lt;UseMultiBrowserExecution&gt;false&lt;/UseMultiBrowserExecution&gt;&#xD;&#xA;    &lt;RecycleBrowser&gt;false&lt;/RecycleBrowser&gt;&#xD;&#xA;    &lt;AspNetDevServerPort&gt;1&lt;/AspNetDevServerPort&gt;&#xD;&#xA;    &lt;LocalWebServer&gt;None&lt;/LocalWebServer&gt;&#xD;&#xA;    &lt;EnableUILessRequestViewing&gt;false&lt;/EnableUILessRequestViewing&gt;&#xD;&#xA;    &lt;WebAppPhysicalPath /&gt;&#xD;&#xA;    &lt;DefaultBrowser&gt;InternetExplorer&lt;/DefaultBrowser&gt;&#xD;&#xA;    &lt;Browser&gt;InternetExplorer&lt;/Browser&gt;&#xD;&#xA;    &lt;EnableScriptLogging&gt;false&lt;/EnableScriptLogging&gt;&#xD;&#xA;    &lt;BaseUrl /&gt;&#xD;&#xA;    &lt;KillBrowserProcessOnClose&gt;false&lt;/KillBrowserProcessOnClose&gt;&#xD;&#xA;    &lt;UseHttpProxy&gt;false&lt;/UseHttpProxy&gt;&#xD;&#xA;    &lt;EnableSilverlight&gt;false&lt;/EnableSilverlight&gt;&#xD;&#xA;    &lt;VerboseHttpProxy&gt;false&lt;/VerboseHttpProxy&gt;&#xD;&#xA;    &lt;SilverlightConnectTimeout&gt;30000&lt;/SilverlightConnectTimeout&gt;&#xD;&#xA;  &lt;/Web&gt;&#xD;&#xA;  &lt;CreateLogFile&gt;true&lt;/CreateLogFile&gt;&#xD;&#xA;  &lt;LogLocation&gt;C:\WebAiiLog\&lt;/LogLocation&gt;&#xD;&#xA;  &lt;QueryEventLogErrorsOnExit&gt;false&lt;/QueryEventLogErrorsOnExit&gt;&#xD;&#xA;  &lt;LogAnnotations&gt;false&lt;/LogAnnotations&gt;&#xD;&#xA;  &lt;SimulatedMouseMoveSpeed&gt;0.3&lt;/SimulatedMouseMoveSpeed&gt;&#xD;&#xA;  &lt;WaitCheckInterval&gt;500&lt;/WaitCheckInterval&gt;&#xD;&#xA;  &lt;ElementWaitTimeout&gt;10000&lt;/ElementWaitTimeout&gt;&#xD;&#xA;  &lt;ExecuteCommandTimeout&gt;20000&lt;/ExecuteCommandTimeout&gt;&#xD;&#xA;  &lt;ExecutionDelay&gt;0&lt;/ExecutionDelay&gt;&#xD;&#xA;  &lt;UnexpectedDialogAction&gt;HandleAndFailTest&lt;/UnexpectedDialogAction&gt;&#xD;&#xA;  &lt;AnnotateExecution&gt;false&lt;/AnnotateExecution&gt;&#xD;&#xA;  &lt;AnnotationMode&gt;All&lt;/AnnotationMode&gt;&#xD;&#xA;  &lt;XMultiMgr&gt;true&lt;/XMultiMgr&gt;&#xD;&#xA;  &lt;ClientReadyTimeout&gt;30000&lt;/ClientReadyTimeout&gt;&#xD;&#xA;&lt;/Settings&gt;" xmlns="http://artoftest.com/schemas/WebAiiDesignCanvas/1.0.0" />
      </TestTypeSpecific>
      <AgentRule name="LocalMachineDefaultRole">
      </AgentRule>
    </Execution>
    <Deployment runDeploymentRoot="aggeorgiev_AGGEORGIEV 2011-08-18 10_14_22" />
  </TestSettings>
  <Times creation="2011-08-18T10:14:22.8800588+03:00" queuing="2011-08-18T10:14:23.5353008+03:00" start="2011-08-18T10:14:23.9097248+03:00" finish="2011-08-18T10:22:18.6241104+03:00" />
  <ResultSummary outcome="Completed">
    <Counters total="15" executed="15" passed="15" error="0" failed="0" timeout="0" aborted="0" inconclusive="0" passedButRunAborted="0" notRunnable="0" notExecuted="0" disconnected="0" warning="0" completed="0" inProgress="0" pending="0" />
  </ResultSummary>
  <TestDefinitions>
    <WebAiiTest name="AssertMessages" storage="c:\work\github\kendo\functional-tests\aeroviewr\testproject2\aeroviewr\assertmessages.aii" priority="0" id="63c00f77-a7be-418e-b759-191b55d39b79" xmlns="http://artoftest.com/schemas/WebAiiDesignCanvas/1.0.0">
      <Description xmlns="http://microsoft.com/schemas/VisualStudio/TeamTest/2010">WebAii Testcase</Description>
      <DeploymentItems xmlns="http://microsoft.com/schemas/VisualStudio/TeamTest/2010">
        <DeploymentItem filename="..\bin\Debug\TestProject2.dll" />
      </DeploymentItems>
      <Execution id="c963b34c-3003-407e-8ed1-b6d5ec35ac3d" xmlns="http://microsoft.com/schemas/VisualStudio/TeamTest/2010" />
    </WebAiiTest>
    <WebAiiTest name="LogIn" storage="c:\work\github\kendo\functional-tests\aeroviewr\testproject2\aeroviewr\login.aii" priority="0" id="1717c04f-9fa1-469b-bd54-772018aa114c" xmlns="http://artoftest.com/schemas/WebAiiDesignCanvas/1.0.0">
      <Description xmlns="http://microsoft.com/schemas/VisualStudio/TeamTest/2010">WebAii Testcase</Description>
      <DeploymentItems xmlns="http://microsoft.com/schemas/VisualStudio/TeamTest/2010">
        <DeploymentItem filename="..\bin\Debug\TestProject2.dll" />
      </DeploymentItems>
      <Execution id="338fae9c-d60d-4799-ae5c-f23c7ec956d2" xmlns="http://microsoft.com/schemas/VisualStudio/TeamTest/2010" />
    </WebAiiTest>
    <WebAiiTest name="LogInlLogOut" storage="c:\work\github\kendo\functional-tests\aeroviewr\testproject2\aeroviewr\loginllogout.aii" priority="0" id="7ab8648a-7941-4ef6-9c1f-592616353a51" xmlns="http://artoftest.com/schemas/WebAiiDesignCanvas/1.0.0">
      <Description xmlns="http://microsoft.com/schemas/VisualStudio/TeamTest/2010">WebAii Testcase</Description>
      <DeploymentItems xmlns="http://microsoft.com/schemas/VisualStudio/TeamTest/2010">
        <DeploymentItem filename="..\bin\Debug\TestProject2.dll" />
      </DeploymentItems>
      <Execution id="1837b95c-9695-47e2-b2ae-9dbfe2767607" xmlns="http://microsoft.com/schemas/VisualStudio/TeamTest/2010" />
    </WebAiiTest>
    <WebAiiTest name="ListViewSlider" storage="c:\work\github\kendo\functional-tests\aeroviewr\testproject2\aeroviewr\listviewslider.aii" priority="0" id="e00b90f3-db1f-45f4-b140-c7add24427af" xmlns="http://artoftest.com/schemas/WebAiiDesignCanvas/1.0.0">
      <Description xmlns="http://microsoft.com/schemas/VisualStudio/TeamTest/2010">WebAii Testcase</Description>
      <DeploymentItems xmlns="http://microsoft.com/schemas/VisualStudio/TeamTest/2010">
        <DeploymentItem filename="..\bin\Debug\TestProject2.dll" />
      </DeploymentItems>
      <Execution id="5f5470d3-c0e0-4c5c-98ae-aa4c8ee8d099" xmlns="http://microsoft.com/schemas/VisualStudio/TeamTest/2010" />
    </WebAiiTest>
    <WebAiiTest name="UploadNotLogged" storage="c:\work\github\kendo\functional-tests\aeroviewr\testproject2\aeroviewr\uploadnotlogged.aii" priority="0" id="0983cbaf-ce6d-40bd-8847-34bbae140b4e" xmlns="http://artoftest.com/schemas/WebAiiDesignCanvas/1.0.0">
      <Description xmlns="http://microsoft.com/schemas/VisualStudio/TeamTest/2010">WebAii Testcase</Description>
      <DeploymentItems xmlns="http://microsoft.com/schemas/VisualStudio/TeamTest/2010">
        <DeploymentItem filename="..\bin\Debug\TestProject2.dll" />
      </DeploymentItems>
      <Execution id="6a39861a-03b4-4afa-814b-59e0a6f41d45" xmlns="http://microsoft.com/schemas/VisualStudio/TeamTest/2010" />
    </WebAiiTest>
    <WebAiiTest name="SearchOpenImage" storage="c:\work\github\kendo\functional-tests\aeroviewr\testproject2\aeroviewr\searchopenimage.aii" priority="0" id="81272445-c191-48a7-9f7e-4efc378d84b1" xmlns="http://artoftest.com/schemas/WebAiiDesignCanvas/1.0.0">
      <Description xmlns="http://microsoft.com/schemas/VisualStudio/TeamTest/2010">WebAii Testcase</Description>
      <DeploymentItems xmlns="http://microsoft.com/schemas/VisualStudio/TeamTest/2010">
        <DeploymentItem filename="..\bin\Debug\TestProject2.dll" />
      </DeploymentItems>
      <Execution id="17c01be5-b936-4eef-b926-3fc7710cfc71" xmlns="http://microsoft.com/schemas/VisualStudio/TeamTest/2010" />
    </WebAiiTest>
    <WebAiiTest name="GlassManyTimes" storage="c:\work\github\kendo\functional-tests\aeroviewr\testproject2\aeroviewr\glassmanytimes.aii" priority="0" id="66a11db1-2d67-4448-a7d5-213740fbf5e6" xmlns="http://artoftest.com/schemas/WebAiiDesignCanvas/1.0.0">
      <Description xmlns="http://microsoft.com/schemas/VisualStudio/TeamTest/2010">WebAii Testcase</Description>
      <DeploymentItems xmlns="http://microsoft.com/schemas/VisualStudio/TeamTest/2010">
        <DeploymentItem filename="..\bin\Debug\TestProject2.dll" />
      </DeploymentItems>
      <Execution id="7238f69f-0ceb-4c6b-86bc-f4eee52f51e4" xmlns="http://microsoft.com/schemas/VisualStudio/TeamTest/2010" />
    </WebAiiTest>
    <WebAiiTest name="NotLoggedSearch" storage="c:\work\github\kendo\functional-tests\aeroviewr\testproject2\aeroviewr\notloggedsearch.aii" priority="0" id="a166859d-f0af-41a1-bc73-3b8f768a5103" xmlns="http://artoftest.com/schemas/WebAiiDesignCanvas/1.0.0">
      <Description xmlns="http://microsoft.com/schemas/VisualStudio/TeamTest/2010">WebAii Testcase</Description>
      <DeploymentItems xmlns="http://microsoft.com/schemas/VisualStudio/TeamTest/2010">
        <DeploymentItem filename="..\bin\Debug\TestProject2.dll" />
      </DeploymentItems>
      <Execution id="f1d53cb4-4a5f-4660-82ef-4185d1ad1668" xmlns="http://microsoft.com/schemas/VisualStudio/TeamTest/2010" />
    </WebAiiTest>
    <WebAiiTest name="ClickInfoWindow" storage="c:\work\github\kendo\functional-tests\aeroviewr\testproject2\aeroviewr\clickinfowindow.aii" priority="0" id="6ac6b301-c6ea-4e6d-83ef-7c85c1184aa7" xmlns="http://artoftest.com/schemas/WebAiiDesignCanvas/1.0.0">
      <Description xmlns="http://microsoft.com/schemas/VisualStudio/TeamTest/2010">WebAii Testcase</Description>
      <DeploymentItems xmlns="http://microsoft.com/schemas/VisualStudio/TeamTest/2010">
        <DeploymentItem filename="..\bin\Debug\TestProject2.dll" />
      </DeploymentItems>
      <Execution id="07b3a662-5f41-4317-b4f3-7d5be61b3053" xmlns="http://microsoft.com/schemas/VisualStudio/TeamTest/2010" />
    </WebAiiTest>
    <WebAiiTest name="OpenSetSearchBack" storage="c:\work\github\kendo\functional-tests\aeroviewr\testproject2\aeroviewr\opensetsearchback.aii" priority="0" id="a71e5ebf-cad5-489d-9597-0e39d5d99e94" xmlns="http://artoftest.com/schemas/WebAiiDesignCanvas/1.0.0">
      <Description xmlns="http://microsoft.com/schemas/VisualStudio/TeamTest/2010">WebAii Testcase</Description>
      <DeploymentItems xmlns="http://microsoft.com/schemas/VisualStudio/TeamTest/2010">
        <DeploymentItem filename="..\bin\Debug\TestProject2.dll" />
        <DeploymentItem filename="..\AeroViewr\LogIn.aii" />
      </DeploymentItems>
      <Execution id="6926a87e-e040-4634-b35f-56d7f33e6e2c" xmlns="http://microsoft.com/schemas/VisualStudio/TeamTest/2010" />
    </WebAiiTest>
    <WebAiiTest name="AssertBigPic" storage="c:\work\github\kendo\functional-tests\aeroviewr\testproject2\aeroviewr\assertbigpic.aii" priority="0" id="c4b769f8-1265-45fc-9ed4-a454bc4bb668" xmlns="http://artoftest.com/schemas/WebAiiDesignCanvas/1.0.0">
      <Description xmlns="http://microsoft.com/schemas/VisualStudio/TeamTest/2010">WebAii Testcase</Description>
      <DeploymentItems xmlns="http://microsoft.com/schemas/VisualStudio/TeamTest/2010">
        <DeploymentItem filename="..\bin\Debug\TestProject2.dll" />
      </DeploymentItems>
      <Execution id="dbc4b4a5-d3f4-4ff5-81c3-8d8f780ddc62" xmlns="http://microsoft.com/schemas/VisualStudio/TeamTest/2010" />
    </WebAiiTest>
    <UnitTest name="TestMethod1" storage="c:\work\github\kendo\functional-tests\aeroviewr\testproject2\bin\debug\testproject2.dll" id="b96f2172-51f7-3767-573a-01ebaf3120be">
      <Execution id="5875275b-c512-4d81-b375-e783cb63f4d2" />
      <TestMethod codeBase="C:/work/GitHub/kendo/functional-tests/AeroViewr/TestProject2/bin/Debug/TestProject2.DLL" adapterTypeName="Microsoft.VisualStudio.TestTools.TestTypes.Unit.UnitTestAdapter, Microsoft.VisualStudio.QualityTools.Tips.UnitTest.Adapter, Version=10.0.0.0, Culture=neutral, PublicKeyToken=b03f5f7f11d50a3a" className="TestProject2.UnitTest1, TestProject2, Version=1.0.0.0, Culture=neutral, PublicKeyToken=null" name="TestMethod1" />
    </UnitTest>
    <WebAiiTest name="OpenSetPicBack" storage="c:\work\github\kendo\functional-tests\aeroviewr\testproject2\aeroviewr\opensetpicback.aii" priority="0" id="784b9f29-b4df-4489-b2b5-9241f08ddaa2" xmlns="http://artoftest.com/schemas/WebAiiDesignCanvas/1.0.0">
      <Description xmlns="http://microsoft.com/schemas/VisualStudio/TeamTest/2010">WebAii Testcase</Description>
      <DeploymentItems xmlns="http://microsoft.com/schemas/VisualStudio/TeamTest/2010">
        <DeploymentItem filename="..\bin\Debug\TestProject2.dll" />
        <DeploymentItem filename="..\AeroViewr\LogIn.aii" />
      </DeploymentItems>
      <Execution id="9a687bd1-95ac-4d2b-8e6c-8fdc8e6d9078" xmlns="http://microsoft.com/schemas/VisualStudio/TeamTest/2010" />
    </WebAiiTest>
    <WebAiiTest name="SearchNoresults" storage="c:\work\github\kendo\functional-tests\aeroviewr\testproject2\aeroviewr\searchnoresults.aii" priority="0" id="5aa66a59-9b66-467e-84ac-d14f38e0d1d2" xmlns="http://artoftest.com/schemas/WebAiiDesignCanvas/1.0.0">
      <Description xmlns="http://microsoft.com/schemas/VisualStudio/TeamTest/2010">WebAii Testcase</Description>
      <DeploymentItems xmlns="http://microsoft.com/schemas/VisualStudio/TeamTest/2010">
        <DeploymentItem filename="..\bin\Debug\TestProject2.dll" />
      </DeploymentItems>
      <Execution id="d89b53d1-86c3-4a98-ac08-86a0a616f211" xmlns="http://microsoft.com/schemas/VisualStudio/TeamTest/2010" />
    </WebAiiTest>
    <WebAiiTest name="PlayPause" storage="c:\work\github\kendo\functional-tests\aeroviewr\testproject2\aeroviewr\playpause.aii" priority="0" id="1d421b65-b68b-4f11-8775-0ce895da03e8" xmlns="http://artoftest.com/schemas/WebAiiDesignCanvas/1.0.0">
      <Description xmlns="http://microsoft.com/schemas/VisualStudio/TeamTest/2010">WebAii Testcase</Description>
      <DeploymentItems xmlns="http://microsoft.com/schemas/VisualStudio/TeamTest/2010">
        <DeploymentItem filename="..\bin\Debug\TestProject2.dll" />
      </DeploymentItems>
      <Execution id="c86966cb-d14d-4fbb-a678-5c2ce272611d" xmlns="http://microsoft.com/schemas/VisualStudio/TeamTest/2010" />
    </WebAiiTest>
  </TestDefinitions>
  <TestLists>
    <TestList name="Results Not in a List" id="8c84fa94-04c1-424b-9868-57a2d4851a1d" />
    <TestList name="All Loaded Results" id="19431567-8539-422a-85d7-44ee4e166bda" />
  </TestLists>
  <TestEntries>
    <TestEntry testId="b96f2172-51f7-3767-573a-01ebaf3120be" executionId="5875275b-c512-4d81-b375-e783cb63f4d2" testListId="8c84fa94-04c1-424b-9868-57a2d4851a1d" />
    <TestEntry testId="c4b769f8-1265-45fc-9ed4-a454bc4bb668" executionId="dbc4b4a5-d3f4-4ff5-81c3-8d8f780ddc62" testListId="8c84fa94-04c1-424b-9868-57a2d4851a1d" />
    <TestEntry testId="63c00f77-a7be-418e-b759-191b55d39b79" executionId="c963b34c-3003-407e-8ed1-b6d5ec35ac3d" testListId="8c84fa94-04c1-424b-9868-57a2d4851a1d" />
    <TestEntry testId="6ac6b301-c6ea-4e6d-83ef-7c85c1184aa7" executionId="07b3a662-5f41-4317-b4f3-7d5be61b3053" testListId="8c84fa94-04c1-424b-9868-57a2d4851a1d" />
    <TestEntry testId="66a11db1-2d67-4448-a7d5-213740fbf5e6" executionId="7238f69f-0ceb-4c6b-86bc-f4eee52f51e4" testListId="8c84fa94-04c1-424b-9868-57a2d4851a1d" />
    <TestEntry testId="e00b90f3-db1f-45f4-b140-c7add24427af" executionId="5f5470d3-c0e0-4c5c-98ae-aa4c8ee8d099" testListId="8c84fa94-04c1-424b-9868-57a2d4851a1d" />
    <TestEntry testId="1717c04f-9fa1-469b-bd54-772018aa114c" executionId="338fae9c-d60d-4799-ae5c-f23c7ec956d2" testListId="8c84fa94-04c1-424b-9868-57a2d4851a1d" />
    <TestEntry testId="7ab8648a-7941-4ef6-9c1f-592616353a51" executionId="1837b95c-9695-47e2-b2ae-9dbfe2767607" testListId="8c84fa94-04c1-424b-9868-57a2d4851a1d" />
    <TestEntry testId="a166859d-f0af-41a1-bc73-3b8f768a5103" executionId="f1d53cb4-4a5f-4660-82ef-4185d1ad1668" testListId="8c84fa94-04c1-424b-9868-57a2d4851a1d" />
    <TestEntry testId="784b9f29-b4df-4489-b2b5-9241f08ddaa2" executionId="9a687bd1-95ac-4d2b-8e6c-8fdc8e6d9078" testListId="8c84fa94-04c1-424b-9868-57a2d4851a1d" />
    <TestEntry testId="a71e5ebf-cad5-489d-9597-0e39d5d99e94" executionId="6926a87e-e040-4634-b35f-56d7f33e6e2c" testListId="8c84fa94-04c1-424b-9868-57a2d4851a1d" />
    <TestEntry testId="1d421b65-b68b-4f11-8775-0ce895da03e8" executionId="c86966cb-d14d-4fbb-a678-5c2ce272611d" testListId="8c84fa94-04c1-424b-9868-57a2d4851a1d" />
    <TestEntry testId="5aa66a59-9b66-467e-84ac-d14f38e0d1d2" executionId="d89b53d1-86c3-4a98-ac08-86a0a616f211" testListId="8c84fa94-04c1-424b-9868-57a2d4851a1d" />
    <TestEntry testId="81272445-c191-48a7-9f7e-4efc378d84b1" executionId="17c01be5-b936-4eef-b926-3fc7710cfc71" testListId="8c84fa94-04c1-424b-9868-57a2d4851a1d" />
    <TestEntry testId="0983cbaf-ce6d-40bd-8847-34bbae140b4e" executionId="6a39861a-03b4-4afa-814b-59e0a6f41d45" testListId="8c84fa94-04c1-424b-9868-57a2d4851a1d" />
  </TestEntries>
  <Results>
    <UnitTestResult executionId="5875275b-c512-4d81-b375-e783cb63f4d2" testId="b96f2172-51f7-3767-573a-01ebaf3120be" testName="TestMethod1" computerName="AGGEORGIEV" duration="00:00:00.0200346" startTime="2011-08-18T10:14:23.9721288+03:00" endTime="2011-08-18T10:14:24.4089568+03:00" testType="13cdc9d9-ddb5-4fa4-a97d-d965ccfc6d4b" outcome="Passed" testListId="8c84fa94-04c1-424b-9868-57a2d4851a1d" relativeResultsDirectory="5875275b-c512-4d81-b375-e783cb63f4d2">
    </UnitTestResult>
    <WebAiiTestResult executionId="dbc4b4a5-d3f4-4ff5-81c3-8d8f780ddc62" testId="c4b769f8-1265-45fc-9ed4-a454bc4bb668" testName="AssertBigPic" computerName="AGGEORGIEV" duration="00:00:35.4874848" startTime="2011-08-18T10:14:24.4245578+03:00" endTime="2011-08-18T10:14:59.9053542+03:00" testType="c4241296-3c6e-46b1-bf92-e0bd3e0eb017" outcome="Passed" testListId="8c84fa94-04c1-424b-9868-57a2d4851a1d" relativeResultsDirectory="dbc4b4a5-d3f4-4ff5-81c3-8d8f780ddc62" xmlns="http://artoftest.com/schemas/WebAiiDesignCanvas/1.0.0">
      <Output xmlns="http://microsoft.com/schemas/VisualStudio/TeamTest/2010">
        <ErrorInfo>
          <Message>Overall Result: Pass
------------------------------------------------------------
'8/18/2011 10:14:24 AM' - Starting execution....
'8/18/2011 10:14:26 AM' - Detected custom code in test. Locating test assembly: TestProject2.dll.
'8/18/2011 10:14:26 AM' - Assembly Found: C:\work\GitHub\kendo\functional-tests\AeroViewr\TestResults\aggeorgiev_AGGEORGIEV 2011-08-18 10_14_22\Out\TestProject2.dll
'8/18/2011 10:14:26 AM' - Loading code class: 'AeroViewr.AssertBigPic'.
------------------------------------------------------------
'8/18/2011 10:14:26 AM' - 'Pass' : 1. Navigate to : '/aeroviewr/'
'8/18/2011 10:14:27 AM' - 'Pass' : 2. Wait for '1000' msec.
'8/18/2011 10:14:27 AM' - 'Pass' : 3. [AssertBigPic_CodedStep] : @"store src attribute
'8/18/2011 10:14:28 AM' - 'Pass' : 4. Wait for '1000' msec.
'8/18/2011 10:14:28 AM' - 'Pass' : 5. Click 'Link'
'8/18/2011 10:14:29 AM' - 'Pass' : 6. Wait for '1000' msec.
'8/18/2011 10:14:30 AM' - 'Pass' : 7. Click 'SunriseShellImage'
'8/18/2011 10:14:33 AM' - 'Pass' : 8. Wait for '3000' msec.
'8/18/2011 10:14:33 AM' - 'Pass' : 9. [AssertBigPic_CodedStep1] : @"assert src choange - ASSERT IMAGE OPENED IS THE SAME AS THE IMAGE CLICKED
------------------------------------------------------------
'8/18/2011 10:14:33 AM' - Overall Result: Pass
'8/18/2011 10:14:33 AM' - Duration: [0 min: 7 sec: 227 msec]
------------------------------------------------------------
'8/18/2011 10:14:33 AM' - Test completed!
</Message>
        </ErrorInfo>
      </Output>
      <WebAiiTestResult Type="ArtOfTest.WebAii.Design.Execution.TestResult" Version="2011.1.729.0" xmlns="">
        <TestId Type="System.String">c4b769f8-1265-45fc-9ed4-a454bc4bb668</TestId>
        <TestName Type="System.String">AssertBigPic</TestName>
        <TestPath Type="System.String">AeroViewr\AssertBigPic.aii</TestPath>
        <ProjectPath Type="System.String">
        </ProjectPath>
        <ResultType Type="ArtOfTest.Common.Design.ResultType">Pass</ResultType>
        <AutomationStepResults>
          <Item Type="ArtOfTest.WebAii.Design.AutomationStepResult" Version="2011.1.729.0">
            <ResultType Type="ArtOfTest.Common.Design.ResultType">Pass</ResultType>
            <StepDescription Type="System.String">Navigate to : '/aeroviewr/'</StepDescription>
            <TestId Type="System.String">c4b769f8-1265-45fc-9ed4-a454bc4bb668</TestId>
            <TestName Type="System.String">AssertBigPic</TestName>
            <TestPath Type="System.String">AeroViewr\AssertBigPic.aii</TestPath>
            <TestStepNumber Type="System.Int32">0</TestStepNumber>
            <Order Type="System.Int32">1</Order>
            <LogMessageOnError Type="System.String">
            </LogMessageOnError>
          </Item>
          <Item Type="ArtOfTest.WebAii.Design.AutomationStepResult" Version="2011.1.729.0">
            <ResultType Type="ArtOfTest.Common.Design.ResultType">Pass</ResultType>
            <StepDescription Type="System.String">Wait for '1000' msec.</StepDescription>
            <TestId Type="System.String">c4b769f8-1265-45fc-9ed4-a454bc4bb668</TestId>
            <TestName Type="System.String">AssertBigPic</TestName>
            <TestPath Type="System.String">AeroViewr\AssertBigPic.aii</TestPath>
            <TestStepNumber Type="System.Int32">1</TestStepNumber>
            <Order Type="System.Int32">2</Order>
            <LogMessageOnError Type="System.String">
            </LogMessageOnError>
          </Item>
          <Item Type="ArtOfTest.WebAii.Design.AutomationStepResult" Version="2011.1.729.0">
            <ResultType Type="ArtOfTest.Common.Design.ResultType">Pass</ResultType>
            <StepDescription Type="System.String">[AssertBigPic_CodedStep] : @"store src attribute</StepDescription>
            <TestId Type="System.String">c4b769f8-1265-45fc-9ed4-a454bc4bb668</TestId>
            <TestName Type="System.String">AssertBigPic</TestName>
            <TestPath Type="System.String">AeroViewr\AssertBigPic.aii</TestPath>
            <TestStepNumber Type="System.Int32">2</TestStepNumber>
            <Order Type="System.Int32">3</Order>
            <LogMessageOnError Type="System.String">
            </LogMessageOnError>
          </Item>
          <Item Type="ArtOfTest.WebAii.Design.AutomationStepResult" Version="2011.1.729.0">
            <ResultType Type="ArtOfTest.Common.Design.ResultType">Pass</ResultType>
            <StepDescription Type="System.String">Wait for '1000' msec.</StepDescription>
            <TestId Type="System.String">c4b769f8-1265-45fc-9ed4-a454bc4bb668</TestId>
            <TestName Type="System.String">AssertBigPic</TestName>
            <TestPath Type="System.String">AeroViewr\AssertBigPic.aii</TestPath>
            <TestStepNumber Type="System.Int32">3</TestStepNumber>
            <Order Type="System.Int32">4</Order>
            <LogMessageOnError Type="System.String">
            </LogMessageOnError>
          </Item>
          <Item Type="ArtOfTest.WebAii.Design.AutomationStepResult" Version="2011.1.729.0">
            <ResultType Type="ArtOfTest.Common.Design.ResultType">Pass</ResultType>
            <StepDescription Type="System.String">Click 'Link'</StepDescription>
            <TestId Type="System.String">c4b769f8-1265-45fc-9ed4-a454bc4bb668</TestId>
            <TestName Type="System.String">AssertBigPic</TestName>
            <TestPath Type="System.String">AeroViewr\AssertBigPic.aii</TestPath>
            <TestStepNumber Type="System.Int32">4</TestStepNumber>
            <Order Type="System.Int32">5</Order>
            <LogMessageOnError Type="System.String">
            </LogMessageOnError>
          </Item>
          <Item Type="ArtOfTest.WebAii.Design.AutomationStepResult" Version="2011.1.729.0">
            <ResultType Type="ArtOfTest.Common.Design.ResultType">Pass</ResultType>
            <StepDescription Type="System.String">Wait for '1000' msec.</StepDescription>
            <TestId Type="System.String">c4b769f8-1265-45fc-9ed4-a454bc4bb668</TestId>
            <TestName Type="System.String">AssertBigPic</TestName>
            <TestPath Type="System.String">AeroViewr\AssertBigPic.aii</TestPath>
            <TestStepNumber Type="System.Int32">5</TestStepNumber>
            <Order Type="System.Int32">6</Order>
            <LogMessageOnError Type="System.String">
            </LogMessageOnError>
          </Item>
          <Item Type="ArtOfTest.WebAii.Design.AutomationStepResult" Version="2011.1.729.0">
            <ResultType Type="ArtOfTest.Common.Design.ResultType">Pass</ResultType>
            <StepDescription Type="System.String">Click 'SunriseShellImage'</StepDescription>
            <TestId Type="System.String">c4b769f8-1265-45fc-9ed4-a454bc4bb668</TestId>
            <TestName Type="System.String">AssertBigPic</TestName>
            <TestPath Type="System.String">AeroViewr\AssertBigPic.aii</TestPath>
            <TestStepNumber Type="System.Int32">6</TestStepNumber>
            <Order Type="System.Int32">7</Order>
            <LogMessageOnError Type="System.String">
            </LogMessageOnError>
          </Item>
          <Item Type="ArtOfTest.WebAii.Design.AutomationStepResult" Version="2011.1.729.0">
            <ResultType Type="ArtOfTest.Common.Design.ResultType">Pass</ResultType>
            <StepDescription Type="System.String">Wait for '3000' msec.</StepDescription>
            <TestId Type="System.String">c4b769f8-1265-45fc-9ed4-a454bc4bb668</TestId>
            <TestName Type="System.String">AssertBigPic</TestName>
            <TestPath Type="System.String">AeroViewr\AssertBigPic.aii</TestPath>
            <TestStepNumber Type="System.Int32">7</TestStepNumber>
            <Order Type="System.Int32">8</Order>
            <LogMessageOnError Type="System.String">
            </LogMessageOnError>
          </Item>
          <Item Type="ArtOfTest.WebAii.Design.AutomationStepResult" Version="2011.1.729.0">
            <ResultType Type="ArtOfTest.Common.Design.ResultType">Pass</ResultType>
            <StepDescription Type="System.String">[AssertBigPic_CodedStep1] : @"assert src choange - ASSERT IMAGE OPENED IS THE SAME AS THE IMAGE CLICKED</StepDescription>
            <TestId Type="System.String">c4b769f8-1265-45fc-9ed4-a454bc4bb668</TestId>
            <TestName Type="System.String">AssertBigPic</TestName>
            <TestPath Type="System.String">AeroViewr\AssertBigPic.aii</TestPath>
            <TestStepNumber Type="System.Int32">8</TestStepNumber>
            <Order Type="System.Int32">9</Order>
            <LogMessageOnError Type="System.String">
            </LogMessageOnError>
          </Item>
        </AutomationStepResults>
        <NotRunStepDescriptions />
        <PerStepMessages Type="System.String">Overall Result: Pass
------------------------------------------------------------
'8/18/2011 10:14:24 AM' - Starting execution....
'8/18/2011 10:14:26 AM' - Detected custom code in test. Locating test assembly: TestProject2.dll.
'8/18/2011 10:14:26 AM' - Assembly Found: C:\work\GitHub\kendo\functional-tests\AeroViewr\TestResults\aggeorgiev_AGGEORGIEV 2011-08-18 10_14_22\Out\TestProject2.dll
'8/18/2011 10:14:26 AM' - Loading code class: 'AeroViewr.AssertBigPic'.
------------------------------------------------------------
'8/18/2011 10:14:26 AM' - 'Pass' : 1. Navigate to : '/aeroviewr/'
'8/18/2011 10:14:27 AM' - 'Pass' : 2. Wait for '1000' msec.
'8/18/2011 10:14:27 AM' - 'Pass' : 3. [AssertBigPic_CodedStep] : @"store src attribute
'8/18/2011 10:14:28 AM' - 'Pass' : 4. Wait for '1000' msec.
'8/18/2011 10:14:28 AM' - 'Pass' : 5. Click 'Link'
'8/18/2011 10:14:29 AM' - 'Pass' : 6. Wait for '1000' msec.
'8/18/2011 10:14:30 AM' - 'Pass' : 7. Click 'SunriseShellImage'
'8/18/2011 10:14:33 AM' - 'Pass' : 8. Wait for '3000' msec.
'8/18/2011 10:14:33 AM' - 'Pass' : 9. [AssertBigPic_CodedStep1] : @"assert src choange - ASSERT IMAGE OPENED IS THE SAME AS THE IMAGE CLICKED
------------------------------------------------------------
'8/18/2011 10:14:33 AM' - Overall Result: Pass
'8/18/2011 10:14:33 AM' - Duration: [0 min: 7 sec: 227 msec]
------------------------------------------------------------
'8/18/2011 10:14:33 AM' - Test completed!
</PerStepMessages>
        <TotalNumberOfPassedSteps Type="System.Int32">9</TotalNumberOfPassedSteps>
        <ExecutingTestStepCount Type="System.Int32">9</ExecutingTestStepCount>
        <TotalNumberOfNotRunSteps Type="System.Int32">0</TotalNumberOfNotRunSteps>
        <IsDataDrivenResult Type="System.Boolean">False</IsDataDrivenResult>
        <SeparatorLineCharCount Type="System.Int32">60</SeparatorLineCharCount>
        <ExecutionType Type="ArtOfTest.Common.Design.ExecutionType">QuickExecution</ExecutionType>
        <EndTime Type="System.DateTime">2011-08-18 07:14:33Z</EndTime>
        <StarTime Type="System.DateTime">2011-08-18 07:14:26Z</StarTime>
        <DataIterationResults />
      </WebAiiTestResult>
    </WebAiiTestResult>
    <WebAiiTestResult executionId="c963b34c-3003-407e-8ed1-b6d5ec35ac3d" testId="63c00f77-a7be-418e-b759-191b55d39b79" testName="AssertMessages" computerName="AGGEORGIEV" duration="00:00:36.0148254" startTime="2011-08-18T10:14:59.9053542+03:00" endTime="2011-08-18T10:15:35.9286692+03:00" testType="c4241296-3c6e-46b1-bf92-e0bd3e0eb017" outcome="Passed" testListId="8c84fa94-04c1-424b-9868-57a2d4851a1d" relativeResultsDirectory="c963b34c-3003-407e-8ed1-b6d5ec35ac3d" xmlns="http://artoftest.com/schemas/WebAiiDesignCanvas/1.0.0">
      <Output xmlns="http://microsoft.com/schemas/VisualStudio/TeamTest/2010">
        <ErrorInfo>
          <Message>Overall Result: Pass
------------------------------------------------------------
'8/18/2011 10:14:59 AM' - Starting execution....
------------------------------------------------------------
'8/18/2011 10:15:01 AM' - 'Pass' : 1. Navigate to : '/aeroviewr/'
'8/18/2011 10:15:02 AM' - 'Pass' : 2. Wait for '1000' msec.
'8/18/2011 10:15:03 AM' - 'Pass' : 3. Click 'HintsLink'
'8/18/2011 10:15:03 AM' - 'Pass' : 4. Verify 'TextContent' 'Contains' 'something andbutton. You can also use related tags from the suggestion list.' on 'SomethingPTag'
'8/18/2011 10:15:03 AM' - 'Pass' : 5. Verify 'TextContent' 'Contains' 'with youroraccount, to see the entire app functionality' on 'WithPTag'
'8/18/2011 10:15:03 AM' - 'Pass' : 6. Click 'PhotoWrapSectionTag'
'8/18/2011 10:15:08 AM' - 'Pass' : 7. Wait for element 'WithPTag' 'is not' visible.
'8/18/2011 10:15:08 AM' - 'Pass' : 8. Verify element 'SomethingPTag' 'is not' visible.
------------------------------------------------------------
'8/18/2011 10:15:08 AM' - Overall Result: Pass
'8/18/2011 10:15:08 AM' - Duration: [0 min: 7 sec: 426 msec]
------------------------------------------------------------
'8/18/2011 10:15:09 AM' - Test completed!
</Message>
        </ErrorInfo>
      </Output>
      <WebAiiTestResult Type="ArtOfTest.WebAii.Design.Execution.TestResult" Version="2011.1.729.0" xmlns="">
        <TestId Type="System.String">63c00f77-a7be-418e-b759-191b55d39b79</TestId>
        <TestName Type="System.String">AssertMessages</TestName>
        <TestPath Type="System.String">AeroViewr\AssertMessages.aii</TestPath>
        <ProjectPath Type="System.String">
        </ProjectPath>
        <ResultType Type="ArtOfTest.Common.Design.ResultType">Pass</ResultType>
        <AutomationStepResults>
          <Item Type="ArtOfTest.WebAii.Design.AutomationStepResult" Version="2011.1.729.0">
            <ResultType Type="ArtOfTest.Common.Design.ResultType">Pass</ResultType>
            <StepDescription Type="System.String">Navigate to : '/aeroviewr/'</StepDescription>
            <TestId Type="System.String">63c00f77-a7be-418e-b759-191b55d39b79</TestId>
            <TestName Type="System.String">AssertMessages</TestName>
            <TestPath Type="System.String">AeroViewr\AssertMessages.aii</TestPath>
            <TestStepNumber Type="System.Int32">0</TestStepNumber>
            <Order Type="System.Int32">1</Order>
            <LogMessageOnError Type="System.String">
            </LogMessageOnError>
          </Item>
          <Item Type="ArtOfTest.WebAii.Design.AutomationStepResult" Version="2011.1.729.0">
            <ResultType Type="ArtOfTest.Common.Design.ResultType">Pass</ResultType>
            <StepDescription Type="System.String">Wait for '1000' msec.</StepDescription>
            <TestId Type="System.String">63c00f77-a7be-418e-b759-191b55d39b79</TestId>
            <TestName Type="System.String">AssertMessages</TestName>
            <TestPath Type="System.String">AeroViewr\AssertMessages.aii</TestPath>
            <TestStepNumber Type="System.Int32">1</TestStepNumber>
            <Order Type="System.Int32">2</Order>
            <LogMessageOnError Type="System.String">
            </LogMessageOnError>
          </Item>
          <Item Type="ArtOfTest.WebAii.Design.AutomationStepResult" Version="2011.1.729.0">
            <ResultType Type="ArtOfTest.Common.Design.ResultType">Pass</ResultType>
            <StepDescription Type="System.String">Click 'HintsLink'</StepDescription>
            <TestId Type="System.String">63c00f77-a7be-418e-b759-191b55d39b79</TestId>
            <TestName Type="System.String">AssertMessages</TestName>
            <TestPath Type="System.String">AeroViewr\AssertMessages.aii</TestPath>
            <TestStepNumber Type="System.Int32">2</TestStepNumber>
            <Order Type="System.Int32">3</Order>
            <LogMessageOnError Type="System.String">
            </LogMessageOnError>
          </Item>
          <Item Type="ArtOfTest.WebAii.Design.AutomationStepResult" Version="2011.1.729.0">
            <ResultType Type="ArtOfTest.Common.Design.ResultType">Pass</ResultType>
            <StepDescription Type="System.String">Verify 'TextContent' 'Contains' 'something andbutton. You can also use related tags from the suggestion list.' on 'SomethingPTag'</StepDescription>
            <TestId Type="System.String">63c00f77-a7be-418e-b759-191b55d39b79</TestId>
            <TestName Type="System.String">AssertMessages</TestName>
            <TestPath Type="System.String">AeroViewr\AssertMessages.aii</TestPath>
            <TestStepNumber Type="System.Int32">3</TestStepNumber>
            <Order Type="System.Int32">4</Order>
            <LogMessageOnError Type="System.String">
            </LogMessageOnError>
          </Item>
          <Item Type="ArtOfTest.WebAii.Design.AutomationStepResult" Version="2011.1.729.0">
            <ResultType Type="ArtOfTest.Common.Design.ResultType">Pass</ResultType>
            <StepDescription Type="System.String">Verify 'TextContent' 'Contains' 'with youroraccount, to see the entire app functionality' on 'WithPTag'</StepDescription>
            <TestId Type="System.String">63c00f77-a7be-418e-b759-191b55d39b79</TestId>
            <TestName Type="System.String">AssertMessages</TestName>
            <TestPath Type="System.String">AeroViewr\AssertMessages.aii</TestPath>
            <TestStepNumber Type="System.Int32">4</TestStepNumber>
            <Order Type="System.Int32">5</Order>
            <LogMessageOnError Type="System.String">
            </LogMessageOnError>
          </Item>
          <Item Type="ArtOfTest.WebAii.Design.AutomationStepResult" Version="2011.1.729.0">
            <ResultType Type="ArtOfTest.Common.Design.ResultType">Pass</ResultType>
            <StepDescription Type="System.String">Click 'PhotoWrapSectionTag'</StepDescription>
            <TestId Type="System.String">63c00f77-a7be-418e-b759-191b55d39b79</TestId>
            <TestName Type="System.String">AssertMessages</TestName>
            <TestPath Type="System.String">AeroViewr\AssertMessages.aii</TestPath>
            <TestStepNumber Type="System.Int32">5</TestStepNumber>
            <Order Type="System.Int32">6</Order>
            <LogMessageOnError Type="System.String">
            </LogMessageOnError>
          </Item>
          <Item Type="ArtOfTest.WebAii.Design.AutomationStepResult" Version="2011.1.729.0">
            <ResultType Type="ArtOfTest.Common.Design.ResultType">Pass</ResultType>
            <StepDescription Type="System.String">Wait for element 'WithPTag' 'is not' visible.</StepDescription>
            <TestId Type="System.String">63c00f77-a7be-418e-b759-191b55d39b79</TestId>
            <TestName Type="System.String">AssertMessages</TestName>
            <TestPath Type="System.String">AeroViewr\AssertMessages.aii</TestPath>
            <TestStepNumber Type="System.Int32">6</TestStepNumber>
            <Order Type="System.Int32">7</Order>
            <LogMessageOnError Type="System.String">
            </LogMessageOnError>
          </Item>
          <Item Type="ArtOfTest.WebAii.Design.AutomationStepResult" Version="2011.1.729.0">
            <ResultType Type="ArtOfTest.Common.Design.ResultType">Pass</ResultType>
            <StepDescription Type="System.String">Verify element 'SomethingPTag' 'is not' visible.</StepDescription>
            <TestId Type="System.String">63c00f77-a7be-418e-b759-191b55d39b79</TestId>
            <TestName Type="System.String">AssertMessages</TestName>
            <TestPath Type="System.String">AeroViewr\AssertMessages.aii</TestPath>
            <TestStepNumber Type="System.Int32">7</TestStepNumber>
            <Order Type="System.Int32">8</Order>
            <LogMessageOnError Type="System.String">
            </LogMessageOnError>
          </Item>
        </AutomationStepResults>
        <NotRunStepDescriptions />
        <PerStepMessages Type="System.String">Overall Result: Pass
------------------------------------------------------------
'8/18/2011 10:14:59 AM' - Starting execution....
------------------------------------------------------------
'8/18/2011 10:15:01 AM' - 'Pass' : 1. Navigate to : '/aeroviewr/'
'8/18/2011 10:15:02 AM' - 'Pass' : 2. Wait for '1000' msec.
'8/18/2011 10:15:03 AM' - 'Pass' : 3. Click 'HintsLink'
'8/18/2011 10:15:03 AM' - 'Pass' : 4. Verify 'TextContent' 'Contains' 'something andbutton. You can also use related tags from the suggestion list.' on 'SomethingPTag'
'8/18/2011 10:15:03 AM' - 'Pass' : 5. Verify 'TextContent' 'Contains' 'with youroraccount, to see the entire app functionality' on 'WithPTag'
'8/18/2011 10:15:03 AM' - 'Pass' : 6. Click 'PhotoWrapSectionTag'
'8/18/2011 10:15:08 AM' - 'Pass' : 7. Wait for element 'WithPTag' 'is not' visible.
'8/18/2011 10:15:08 AM' - 'Pass' : 8. Verify element 'SomethingPTag' 'is not' visible.
------------------------------------------------------------
'8/18/2011 10:15:08 AM' - Overall Result: Pass
'8/18/2011 10:15:08 AM' - Duration: [0 min: 7 sec: 426 msec]
------------------------------------------------------------
'8/18/2011 10:15:09 AM' - Test completed!
</PerStepMessages>
        <TotalNumberOfPassedSteps Type="System.Int32">8</TotalNumberOfPassedSteps>
        <ExecutingTestStepCount Type="System.Int32">8</ExecutingTestStepCount>
        <TotalNumberOfNotRunSteps Type="System.Int32">0</TotalNumberOfNotRunSteps>
        <IsDataDrivenResult Type="System.Boolean">False</IsDataDrivenResult>
        <SeparatorLineCharCount Type="System.Int32">60</SeparatorLineCharCount>
        <ExecutionType Type="ArtOfTest.Common.Design.ExecutionType">QuickExecution</ExecutionType>
        <EndTime Type="System.DateTime">2011-08-18 07:15:08Z</EndTime>
        <StarTime Type="System.DateTime">2011-08-18 07:15:01Z</StarTime>
        <DataIterationResults />
      </WebAiiTestResult>
    </WebAiiTestResult>
    <WebAiiTestResult executionId="07b3a662-5f41-4317-b4f3-7d5be61b3053" testId="6ac6b301-c6ea-4e6d-83ef-7c85c1184aa7" testName="ClickInfoWindow" computerName="AGGEORGIEV" duration="00:00:41.3048229" startTime="2011-08-18T10:15:35.9286692+03:00" endTime="2011-08-18T10:16:17.2472510+03:00" testType="c4241296-3c6e-46b1-bf92-e0bd3e0eb017" outcome="Passed" testListId="8c84fa94-04c1-424b-9868-57a2d4851a1d" relativeResultsDirectory="07b3a662-5f41-4317-b4f3-7d5be61b3053" xmlns="http://artoftest.com/schemas/WebAiiDesignCanvas/1.0.0">
      <Output xmlns="http://microsoft.com/schemas/VisualStudio/TeamTest/2010">
        <ErrorInfo>
          <Message>Overall Result: Pass
------------------------------------------------------------
'8/18/2011 10:15:35 AM' - Starting execution....
'8/18/2011 10:15:37 AM' - Detected custom code in test. Locating test assembly: TestProject2.dll.
'8/18/2011 10:15:37 AM' - Assembly Found: C:\work\GitHub\kendo\functional-tests\AeroViewr\TestResults\aggeorgiev_AGGEORGIEV 2011-08-18 10_14_22\Out\TestProject2.dll
'8/18/2011 10:15:37 AM' - Loading code class: 'AeroViewr.ClickInfoWindow'.
------------------------------------------------------------
'8/18/2011 10:15:37 AM' - 'Pass' : 1. Navigate to : '/aeroviewr/'
'8/18/2011 10:15:40 AM' - 'Pass' : 2. Wait for '3000' msec.
'8/18/2011 10:15:41 AM' - 'Pass' : 3. Click 'TechnicolorImage'
'8/18/2011 10:15:43 AM' - 'Pass' : 4. Wait for '2000' msec.
'8/18/2011 10:15:43 AM' - 'Pass' : 5. Verify element 'TechnicolorH2Tag' 'is' visible.
'8/18/2011 10:15:43 AM' - 'Pass' : 6. Click 'Span'
'8/18/2011 10:15:44 AM' - 'Pass' : 7. Wait for '1000' msec.
'8/18/2011 10:15:44 AM' - 'Pass' : 8. [ClickInfoWindow_CodedStep1] : @"Verify 'InnerText' 'Contains' 'technicolor dreamskies over eagle lake' on 'TechnicolorSpan' - ASSERT INFO WINDOW CORRESPONDS TO HTE IMAGE LOADED
------------------------------------------------------------
'8/18/2011 10:15:44 AM' - Overall Result: Pass
'8/18/2011 10:15:44 AM' - Duration: [0 min: 7 sec: 220 msec]
------------------------------------------------------------
'8/18/2011 10:15:44 AM' - Test completed!
</Message>
        </ErrorInfo>
      </Output>
      <WebAiiTestResult Type="ArtOfTest.WebAii.Design.Execution.TestResult" Version="2011.1.729.0" xmlns="">
        <TestId Type="System.String">6ac6b301-c6ea-4e6d-83ef-7c85c1184aa7</TestId>
        <TestName Type="System.String">ClickInfoWindow</TestName>
        <TestPath Type="System.String">AeroViewr\ClickInfoWindow.aii</TestPath>
        <ProjectPath Type="System.String">
        </ProjectPath>
        <ResultType Type="ArtOfTest.Common.Design.ResultType">Pass</ResultType>
        <AutomationStepResults>
          <Item Type="ArtOfTest.WebAii.Design.AutomationStepResult" Version="2011.1.729.0">
            <ResultType Type="ArtOfTest.Common.Design.ResultType">Pass</ResultType>
            <StepDescription Type="System.String">Navigate to : '/aeroviewr/'</StepDescription>
            <TestId Type="System.String">6ac6b301-c6ea-4e6d-83ef-7c85c1184aa7</TestId>
            <TestName Type="System.String">ClickInfoWindow</TestName>
            <TestPath Type="System.String">AeroViewr\ClickInfoWindow.aii</TestPath>
            <TestStepNumber Type="System.Int32">0</TestStepNumber>
            <Order Type="System.Int32">1</Order>
            <LogMessageOnError Type="System.String">
            </LogMessageOnError>
          </Item>
          <Item Type="ArtOfTest.WebAii.Design.AutomationStepResult" Version="2011.1.729.0">
            <ResultType Type="ArtOfTest.Common.Design.ResultType">Pass</ResultType>
            <StepDescription Type="System.String">Wait for '3000' msec.</StepDescription>
            <TestId Type="System.String">6ac6b301-c6ea-4e6d-83ef-7c85c1184aa7</TestId>
            <TestName Type="System.String">ClickInfoWindow</TestName>
            <TestPath Type="System.String">AeroViewr\ClickInfoWindow.aii</TestPath>
            <TestStepNumber Type="System.Int32">1</TestStepNumber>
            <Order Type="System.Int32">2</Order>
            <LogMessageOnError Type="System.String">
            </LogMessageOnError>
          </Item>
          <Item Type="ArtOfTest.WebAii.Design.AutomationStepResult" Version="2011.1.729.0">
            <ResultType Type="ArtOfTest.Common.Design.ResultType">Pass</ResultType>
            <StepDescription Type="System.String">Click 'TechnicolorImage'</StepDescription>
            <TestId Type="System.String">6ac6b301-c6ea-4e6d-83ef-7c85c1184aa7</TestId>
            <TestName Type="System.String">ClickInfoWindow</TestName>
            <TestPath Type="System.String">AeroViewr\ClickInfoWindow.aii</TestPath>
            <TestStepNumber Type="System.Int32">2</TestStepNumber>
            <Order Type="System.Int32">3</Order>
            <LogMessageOnError Type="System.String">
            </LogMessageOnError>
          </Item>
          <Item Type="ArtOfTest.WebAii.Design.AutomationStepResult" Version="2011.1.729.0">
            <ResultType Type="ArtOfTest.Common.Design.ResultType">Pass</ResultType>
            <StepDescription Type="System.String">Wait for '2000' msec.</StepDescription>
            <TestId Type="System.String">6ac6b301-c6ea-4e6d-83ef-7c85c1184aa7</TestId>
            <TestName Type="System.String">ClickInfoWindow</TestName>
            <TestPath Type="System.String">AeroViewr\ClickInfoWindow.aii</TestPath>
            <TestStepNumber Type="System.Int32">3</TestStepNumber>
            <Order Type="System.Int32">4</Order>
            <LogMessageOnError Type="System.String">
            </LogMessageOnError>
          </Item>
          <Item Type="ArtOfTest.WebAii.Design.AutomationStepResult" Version="2011.1.729.0">
            <ResultType Type="ArtOfTest.Common.Design.ResultType">Pass</ResultType>
            <StepDescription Type="System.String">Verify element 'TechnicolorH2Tag' 'is' visible.</StepDescription>
            <TestId Type="System.String">6ac6b301-c6ea-4e6d-83ef-7c85c1184aa7</TestId>
            <TestName Type="System.String">ClickInfoWindow</TestName>
            <TestPath Type="System.String">AeroViewr\ClickInfoWindow.aii</TestPath>
            <TestStepNumber Type="System.Int32">4</TestStepNumber>
            <Order Type="System.Int32">5</Order>
            <LogMessageOnError Type="System.String">
            </LogMessageOnError>
          </Item>
          <Item Type="ArtOfTest.WebAii.Design.AutomationStepResult" Version="2011.1.729.0">
            <ResultType Type="ArtOfTest.Common.Design.ResultType">Pass</ResultType>
            <StepDescription Type="System.String">Click 'Span'</StepDescription>
            <TestId Type="System.String">6ac6b301-c6ea-4e6d-83ef-7c85c1184aa7</TestId>
            <TestName Type="System.String">ClickInfoWindow</TestName>
            <TestPath Type="System.String">AeroViewr\ClickInfoWindow.aii</TestPath>
            <TestStepNumber Type="System.Int32">5</TestStepNumber>
            <Order Type="System.Int32">6</Order>
            <LogMessageOnError Type="System.String">
            </LogMessageOnError>
          </Item>
          <Item Type="ArtOfTest.WebAii.Design.AutomationStepResult" Version="2011.1.729.0">
            <ResultType Type="ArtOfTest.Common.Design.ResultType">Pass</ResultType>
            <StepDescription Type="System.String">Wait for '1000' msec.</StepDescription>
            <TestId Type="System.String">6ac6b301-c6ea-4e6d-83ef-7c85c1184aa7</TestId>
            <TestName Type="System.String">ClickInfoWindow</TestName>
            <TestPath Type="System.String">AeroViewr\ClickInfoWindow.aii</TestPath>
            <TestStepNumber Type="System.Int32">6</TestStepNumber>
            <Order Type="System.Int32">7</Order>
            <LogMessageOnError Type="System.String">
            </LogMessageOnError>
          </Item>
          <Item Type="ArtOfTest.WebAii.Design.AutomationStepResult" Version="2011.1.729.0">
            <ResultType Type="ArtOfTest.Common.Design.ResultType">Pass</ResultType>
            <StepDescription Type="System.String">[ClickInfoWindow_CodedStep1] : @"Verify 'InnerText' 'Contains' 'technicolor dreamskies over eagle lake' on 'TechnicolorSpan' - ASSERT INFO WINDOW CORRESPONDS TO HTE IMAGE LOADED</StepDescription>
            <TestId Type="System.String">6ac6b301-c6ea-4e6d-83ef-7c85c1184aa7</TestId>
            <TestName Type="System.String">ClickInfoWindow</TestName>
            <TestPath Type="System.String">AeroViewr\ClickInfoWindow.aii</TestPath>
            <TestStepNumber Type="System.Int32">7</TestStepNumber>
            <Order Type="System.Int32">8</Order>
            <LogMessageOnError Type="System.String">
            </LogMessageOnError>
          </Item>
        </AutomationStepResults>
        <NotRunStepDescriptions />
        <PerStepMessages Type="System.String">Overall Result: Pass
------------------------------------------------------------
'8/18/2011 10:15:35 AM' - Starting execution....
'8/18/2011 10:15:37 AM' - Detected custom code in test. Locating test assembly: TestProject2.dll.
'8/18/2011 10:15:37 AM' - Assembly Found: C:\work\GitHub\kendo\functional-tests\AeroViewr\TestResults\aggeorgiev_AGGEORGIEV 2011-08-18 10_14_22\Out\TestProject2.dll
'8/18/2011 10:15:37 AM' - Loading code class: 'AeroViewr.ClickInfoWindow'.
------------------------------------------------------------
'8/18/2011 10:15:37 AM' - 'Pass' : 1. Navigate to : '/aeroviewr/'
'8/18/2011 10:15:40 AM' - 'Pass' : 2. Wait for '3000' msec.
'8/18/2011 10:15:41 AM' - 'Pass' : 3. Click 'TechnicolorImage'
'8/18/2011 10:15:43 AM' - 'Pass' : 4. Wait for '2000' msec.
'8/18/2011 10:15:43 AM' - 'Pass' : 5. Verify element 'TechnicolorH2Tag' 'is' visible.
'8/18/2011 10:15:43 AM' - 'Pass' : 6. Click 'Span'
'8/18/2011 10:15:44 AM' - 'Pass' : 7. Wait for '1000' msec.
'8/18/2011 10:15:44 AM' - 'Pass' : 8. [ClickInfoWindow_CodedStep1] : @"Verify 'InnerText' 'Contains' 'technicolor dreamskies over eagle lake' on 'TechnicolorSpan' - ASSERT INFO WINDOW CORRESPONDS TO HTE IMAGE LOADED
------------------------------------------------------------
'8/18/2011 10:15:44 AM' - Overall Result: Pass
'8/18/2011 10:15:44 AM' - Duration: [0 min: 7 sec: 220 msec]
------------------------------------------------------------
'8/18/2011 10:15:44 AM' - Test completed!
</PerStepMessages>
        <TotalNumberOfPassedSteps Type="System.Int32">8</TotalNumberOfPassedSteps>
        <ExecutingTestStepCount Type="System.Int32">8</ExecutingTestStepCount>
        <TotalNumberOfNotRunSteps Type="System.Int32">0</TotalNumberOfNotRunSteps>
        <IsDataDrivenResult Type="System.Boolean">False</IsDataDrivenResult>
        <SeparatorLineCharCount Type="System.Int32">60</SeparatorLineCharCount>
        <ExecutionType Type="ArtOfTest.Common.Design.ExecutionType">QuickExecution</ExecutionType>
        <EndTime Type="System.DateTime">2011-08-18 07:15:44Z</EndTime>
        <StarTime Type="System.DateTime">2011-08-18 07:15:37Z</StarTime>
        <DataIterationResults />
      </WebAiiTestResult>
    </WebAiiTestResult>
    <WebAiiTestResult executionId="7238f69f-0ceb-4c6b-86bc-f4eee52f51e4" testId="66a11db1-2d67-4448-a7d5-213740fbf5e6" testName="GlassManyTimes" computerName="AGGEORGIEV" duration="00:00:24.2049266" startTime="2011-08-18T10:16:17.2472510+03:00" endTime="2011-08-18T10:16:41.4560126+03:00" testType="c4241296-3c6e-46b1-bf92-e0bd3e0eb017" outcome="Passed" testListId="8c84fa94-04c1-424b-9868-57a2d4851a1d" relativeResultsDirectory="7238f69f-0ceb-4c6b-86bc-f4eee52f51e4" xmlns="http://artoftest.com/schemas/WebAiiDesignCanvas/1.0.0">
      <Output xmlns="http://microsoft.com/schemas/VisualStudio/TeamTest/2010">
        <ErrorInfo>
          <Message>Overall Result: Pass
------------------------------------------------------------
'8/18/2011 10:16:17 AM' - Starting execution....
------------------------------------------------------------
'8/18/2011 10:16:18 AM' - 'Pass' : 1. Navigate to : '/aeroviewr/'
'8/18/2011 10:16:19 AM' - 'Pass' : 2. Wait for '1000' msec.
'8/18/2011 10:16:20 AM' - 'Pass' : 3. Set 'SearchBoxText' text to 'jghjfghjf'
'8/18/2011 10:16:20 AM' - 'Pass' : 4. Click 'SearchLink'
'8/18/2011 10:16:20 AM' - 'Pass' : 5. Click 'SearchLink'
'8/18/2011 10:16:21 AM' - 'Pass' : 6. Click 'SearchLink'
'8/18/2011 10:16:21 AM' - 'Pass' : 7. Click 'SearchLink'
'8/18/2011 10:16:21 AM' - 'Pass' : 8. Click 'SearchLink'
'8/18/2011 10:16:22 AM' - 'Pass' : 9. Wait for 'TextContent' 'Contains' 'No images found' on 'NoimagesDiv'
'8/18/2011 10:16:22 AM' - 'Pass' : 10. Verify 'TextContent' 'Contains' 'No images found' on 'NoimagesDiv'
------------------------------------------------------------
'8/18/2011 10:16:22 AM' - Overall Result: Pass
'8/18/2011 10:16:22 AM' - Duration: [0 min: 3 sec: 506 msec]
------------------------------------------------------------
'8/18/2011 10:16:22 AM' - Test completed!
</Message>
        </ErrorInfo>
      </Output>
      <WebAiiTestResult Type="ArtOfTest.WebAii.Design.Execution.TestResult" Version="2011.1.729.0" xmlns="">
        <TestId Type="System.String">66a11db1-2d67-4448-a7d5-213740fbf5e6</TestId>
        <TestName Type="System.String">GlassManyTimes</TestName>
        <TestPath Type="System.String">AeroViewr\GlassManyTimes.aii</TestPath>
        <ProjectPath Type="System.String">
        </ProjectPath>
        <ResultType Type="ArtOfTest.Common.Design.ResultType">Pass</ResultType>
        <AutomationStepResults>
          <Item Type="ArtOfTest.WebAii.Design.AutomationStepResult" Version="2011.1.729.0">
            <ResultType Type="ArtOfTest.Common.Design.ResultType">Pass</ResultType>
            <StepDescription Type="System.String">Navigate to : '/aeroviewr/'</StepDescription>
            <TestId Type="System.String">66a11db1-2d67-4448-a7d5-213740fbf5e6</TestId>
            <TestName Type="System.String">GlassManyTimes</TestName>
            <TestPath Type="System.String">AeroViewr\GlassManyTimes.aii</TestPath>
            <TestStepNumber Type="System.Int32">0</TestStepNumber>
            <Order Type="System.Int32">1</Order>
            <LogMessageOnError Type="System.String">
            </LogMessageOnError>
          </Item>
          <Item Type="ArtOfTest.WebAii.Design.AutomationStepResult" Version="2011.1.729.0">
            <ResultType Type="ArtOfTest.Common.Design.ResultType">Pass</ResultType>
            <StepDescription Type="System.String">Wait for '1000' msec.</StepDescription>
            <TestId Type="System.String">66a11db1-2d67-4448-a7d5-213740fbf5e6</TestId>
            <TestName Type="System.String">GlassManyTimes</TestName>
            <TestPath Type="System.String">AeroViewr\GlassManyTimes.aii</TestPath>
            <TestStepNumber Type="System.Int32">1</TestStepNumber>
            <Order Type="System.Int32">2</Order>
            <LogMessageOnError Type="System.String">
            </LogMessageOnError>
          </Item>
          <Item Type="ArtOfTest.WebAii.Design.AutomationStepResult" Version="2011.1.729.0">
            <ResultType Type="ArtOfTest.Common.Design.ResultType">Pass</ResultType>
            <StepDescription Type="System.String">Set 'SearchBoxText' text to 'jghjfghjf'</StepDescription>
            <TestId Type="System.String">66a11db1-2d67-4448-a7d5-213740fbf5e6</TestId>
            <TestName Type="System.String">GlassManyTimes</TestName>
            <TestPath Type="System.String">AeroViewr\GlassManyTimes.aii</TestPath>
            <TestStepNumber Type="System.Int32">2</TestStepNumber>
            <Order Type="System.Int32">3</Order>
            <LogMessageOnError Type="System.String">
            </LogMessageOnError>
          </Item>
          <Item Type="ArtOfTest.WebAii.Design.AutomationStepResult" Version="2011.1.729.0">
            <ResultType Type="ArtOfTest.Common.Design.ResultType">Pass</ResultType>
            <StepDescription Type="System.String">Click 'SearchLink'</StepDescription>
            <TestId Type="System.String">66a11db1-2d67-4448-a7d5-213740fbf5e6</TestId>
            <TestName Type="System.String">GlassManyTimes</TestName>
            <TestPath Type="System.String">AeroViewr\GlassManyTimes.aii</TestPath>
            <TestStepNumber Type="System.Int32">3</TestStepNumber>
            <Order Type="System.Int32">4</Order>
            <LogMessageOnError Type="System.String">
            </LogMessageOnError>
          </Item>
          <Item Type="ArtOfTest.WebAii.Design.AutomationStepResult" Version="2011.1.729.0">
            <ResultType Type="ArtOfTest.Common.Design.ResultType">Pass</ResultType>
            <StepDescription Type="System.String">Click 'SearchLink'</StepDescription>
            <TestId Type="System.String">66a11db1-2d67-4448-a7d5-213740fbf5e6</TestId>
            <TestName Type="System.String">GlassManyTimes</TestName>
            <TestPath Type="System.String">AeroViewr\GlassManyTimes.aii</TestPath>
            <TestStepNumber Type="System.Int32">4</TestStepNumber>
            <Order Type="System.Int32">5</Order>
            <LogMessageOnError Type="System.String">
            </LogMessageOnError>
          </Item>
          <Item Type="ArtOfTest.WebAii.Design.AutomationStepResult" Version="2011.1.729.0">
            <ResultType Type="ArtOfTest.Common.Design.ResultType">Pass</ResultType>
            <StepDescription Type="System.String">Click 'SearchLink'</StepDescription>
            <TestId Type="System.String">66a11db1-2d67-4448-a7d5-213740fbf5e6</TestId>
            <TestName Type="System.String">GlassManyTimes</TestName>
            <TestPath Type="System.String">AeroViewr\GlassManyTimes.aii</TestPath>
            <TestStepNumber Type="System.Int32">5</TestStepNumber>
            <Order Type="System.Int32">6</Order>
            <LogMessageOnError Type="System.String">
            </LogMessageOnError>
          </Item>
          <Item Type="ArtOfTest.WebAii.Design.AutomationStepResult" Version="2011.1.729.0">
            <ResultType Type="ArtOfTest.Common.Design.ResultType">Pass</ResultType>
            <StepDescription Type="System.String">Click 'SearchLink'</StepDescription>
            <TestId Type="System.String">66a11db1-2d67-4448-a7d5-213740fbf5e6</TestId>
            <TestName Type="System.String">GlassManyTimes</TestName>
            <TestPath Type="System.String">AeroViewr\GlassManyTimes.aii</TestPath>
            <TestStepNumber Type="System.Int32">6</TestStepNumber>
            <Order Type="System.Int32">7</Order>
            <LogMessageOnError Type="System.String">
            </LogMessageOnError>
          </Item>
          <Item Type="ArtOfTest.WebAii.Design.AutomationStepResult" Version="2011.1.729.0">
            <ResultType Type="ArtOfTest.Common.Design.ResultType">Pass</ResultType>
            <StepDescription Type="System.String">Click 'SearchLink'</StepDescription>
            <TestId Type="System.String">66a11db1-2d67-4448-a7d5-213740fbf5e6</TestId>
            <TestName Type="System.String">GlassManyTimes</TestName>
            <TestPath Type="System.String">AeroViewr\GlassManyTimes.aii</TestPath>
            <TestStepNumber Type="System.Int32">7</TestStepNumber>
            <Order Type="System.Int32">8</Order>
            <LogMessageOnError Type="System.String">
            </LogMessageOnError>
          </Item>
          <Item Type="ArtOfTest.WebAii.Design.AutomationStepResult" Version="2011.1.729.0">
            <ResultType Type="ArtOfTest.Common.Design.ResultType">Pass</ResultType>
            <StepDescription Type="System.String">Wait for 'TextContent' 'Contains' 'No images found' on 'NoimagesDiv'</StepDescription>
            <TestId Type="System.String">66a11db1-2d67-4448-a7d5-213740fbf5e6</TestId>
            <TestName Type="System.String">GlassManyTimes</TestName>
            <TestPath Type="System.String">AeroViewr\GlassManyTimes.aii</TestPath>
            <TestStepNumber Type="System.Int32">8</TestStepNumber>
            <Order Type="System.Int32">9</Order>
            <LogMessageOnError Type="System.String">
            </LogMessageOnError>
          </Item>
          <Item Type="ArtOfTest.WebAii.Design.AutomationStepResult" Version="2011.1.729.0">
            <ResultType Type="ArtOfTest.Common.Design.ResultType">Pass</ResultType>
            <StepDescription Type="System.String">Verify 'TextContent' 'Contains' 'No images found' on 'NoimagesDiv'</StepDescription>
            <TestId Type="System.String">66a11db1-2d67-4448-a7d5-213740fbf5e6</TestId>
            <TestName Type="System.String">GlassManyTimes</TestName>
            <TestPath Type="System.String">AeroViewr\GlassManyTimes.aii</TestPath>
            <TestStepNumber Type="System.Int32">9</TestStepNumber>
            <Order Type="System.Int32">10</Order>
            <LogMessageOnError Type="System.String">
            </LogMessageOnError>
          </Item>
        </AutomationStepResults>
        <NotRunStepDescriptions />
        <PerStepMessages Type="System.String">Overall Result: Pass
------------------------------------------------------------
'8/18/2011 10:16:17 AM' - Starting execution....
------------------------------------------------------------
'8/18/2011 10:16:18 AM' - 'Pass' : 1. Navigate to : '/aeroviewr/'
'8/18/2011 10:16:19 AM' - 'Pass' : 2. Wait for '1000' msec.
'8/18/2011 10:16:20 AM' - 'Pass' : 3. Set 'SearchBoxText' text to 'jghjfghjf'
'8/18/2011 10:16:20 AM' - 'Pass' : 4. Click 'SearchLink'
'8/18/2011 10:16:20 AM' - 'Pass' : 5. Click 'SearchLink'
'8/18/2011 10:16:21 AM' - 'Pass' : 6. Click 'SearchLink'
'8/18/2011 10:16:21 AM' - 'Pass' : 7. Click 'SearchLink'
'8/18/2011 10:16:21 AM' - 'Pass' : 8. Click 'SearchLink'
'8/18/2011 10:16:22 AM' - 'Pass' : 9. Wait for 'TextContent' 'Contains' 'No images found' on 'NoimagesDiv'
'8/18/2011 10:16:22 AM' - 'Pass' : 10. Verify 'TextContent' 'Contains' 'No images found' on 'NoimagesDiv'
------------------------------------------------------------
'8/18/2011 10:16:22 AM' - Overall Result: Pass
'8/18/2011 10:16:22 AM' - Duration: [0 min: 3 sec: 506 msec]
------------------------------------------------------------
'8/18/2011 10:16:22 AM' - Test completed!
</PerStepMessages>
        <TotalNumberOfPassedSteps Type="System.Int32">10</TotalNumberOfPassedSteps>
        <ExecutingTestStepCount Type="System.Int32">10</ExecutingTestStepCount>
        <TotalNumberOfNotRunSteps Type="System.Int32">0</TotalNumberOfNotRunSteps>
        <IsDataDrivenResult Type="System.Boolean">False</IsDataDrivenResult>
        <SeparatorLineCharCount Type="System.Int32">60</SeparatorLineCharCount>
        <ExecutionType Type="ArtOfTest.Common.Design.ExecutionType">QuickExecution</ExecutionType>
        <EndTime Type="System.DateTime">2011-08-18 07:16:22Z</EndTime>
        <StarTime Type="System.DateTime">2011-08-18 07:16:18Z</StarTime>
        <DataIterationResults />
      </WebAiiTestResult>
    </WebAiiTestResult>
    <WebAiiTestResult executionId="5f5470d3-c0e0-4c5c-98ae-aa4c8ee8d099" testId="e00b90f3-db1f-45f4-b140-c7add24427af" testName="ListViewSlider" computerName="AGGEORGIEV" duration="00:00:45.4446472" startTime="2011-08-18T10:16:41.4560126+03:00" endTime="2011-08-18T10:17:26.9066436+03:00" testType="c4241296-3c6e-46b1-bf92-e0bd3e0eb017" outcome="Passed" testListId="8c84fa94-04c1-424b-9868-57a2d4851a1d" relativeResultsDirectory="5f5470d3-c0e0-4c5c-98ae-aa4c8ee8d099" xmlns="http://artoftest.com/schemas/WebAiiDesignCanvas/1.0.0">
      <Output xmlns="http://microsoft.com/schemas/VisualStudio/TeamTest/2010">
        <ErrorInfo>
          <Message>Overall Result: Pass
------------------------------------------------------------
'8/18/2011 10:16:41 AM' - Starting execution....
------------------------------------------------------------
'8/18/2011 10:16:43 AM' - 'Pass' : 1. Navigate to : '/aeroviewr/'
'8/18/2011 10:16:46 AM' - 'Pass' : 2. Wait for '3000' msec.
'8/18/2011 10:16:46 AM' - 'Pass' : 3. Set 'SearchBoxText' text to 'kendo'
'8/18/2011 10:16:46 AM' - 'Pass' : 4. Click 'SearchLink'
'8/18/2011 10:16:52 AM' - 'Pass' : 5. Desktop command: Drag &amp; Drop DragLink to Window Target
'8/18/2011 10:16:54 AM' - 'Pass' : 6. Wait for '1500' msec.
'8/18/2011 10:16:54 AM' - 'Pass' : 7. Verify element 'x10Link' 'is' visible.
------------------------------------------------------------
'8/18/2011 10:16:54 AM' - Overall Result: Pass
'8/18/2011 10:16:54 AM' - Duration: [0 min: 11 sec: 362 msec]
------------------------------------------------------------
'8/18/2011 10:16:54 AM' - Test completed!
</Message>
        </ErrorInfo>
      </Output>
      <WebAiiTestResult Type="ArtOfTest.WebAii.Design.Execution.TestResult" Version="2011.1.729.0" xmlns="">
        <TestId Type="System.String">e00b90f3-db1f-45f4-b140-c7add24427af</TestId>
        <TestName Type="System.String">ListViewSlider</TestName>
        <TestPath Type="System.String">AeroViewr\ListViewSlider.aii</TestPath>
        <ProjectPath Type="System.String">
        </ProjectPath>
        <ResultType Type="ArtOfTest.Common.Design.ResultType">Pass</ResultType>
        <AutomationStepResults>
          <Item Type="ArtOfTest.WebAii.Design.AutomationStepResult" Version="2011.1.729.0">
            <ResultType Type="ArtOfTest.Common.Design.ResultType">Pass</ResultType>
            <StepDescription Type="System.String">Navigate to : '/aeroviewr/'</StepDescription>
            <TestId Type="System.String">e00b90f3-db1f-45f4-b140-c7add24427af</TestId>
            <TestName Type="System.String">ListViewSlider</TestName>
            <TestPath Type="System.String">AeroViewr\ListViewSlider.aii</TestPath>
            <TestStepNumber Type="System.Int32">0</TestStepNumber>
            <Order Type="System.Int32">1</Order>
            <LogMessageOnError Type="System.String">
            </LogMessageOnError>
          </Item>
          <Item Type="ArtOfTest.WebAii.Design.AutomationStepResult" Version="2011.1.729.0">
            <ResultType Type="ArtOfTest.Common.Design.ResultType">Pass</ResultType>
            <StepDescription Type="System.String">Wait for '3000' msec.</StepDescription>
            <TestId Type="System.String">e00b90f3-db1f-45f4-b140-c7add24427af</TestId>
            <TestName Type="System.String">ListViewSlider</TestName>
            <TestPath Type="System.String">AeroViewr\ListViewSlider.aii</TestPath>
            <TestStepNumber Type="System.Int32">1</TestStepNumber>
            <Order Type="System.Int32">2</Order>
            <LogMessageOnError Type="System.String">
            </LogMessageOnError>
          </Item>
          <Item Type="ArtOfTest.WebAii.Design.AutomationStepResult" Version="2011.1.729.0">
            <ResultType Type="ArtOfTest.Common.Design.ResultType">Pass</ResultType>
            <StepDescription Type="System.String">Set 'SearchBoxText' text to 'kendo'</StepDescription>
            <TestId Type="System.String">e00b90f3-db1f-45f4-b140-c7add24427af</TestId>
            <TestName Type="System.String">ListViewSlider</TestName>
            <TestPath Type="System.String">AeroViewr\ListViewSlider.aii</TestPath>
            <TestStepNumber Type="System.Int32">2</TestStepNumber>
            <Order Type="System.Int32">3</Order>
            <LogMessageOnError Type="System.String">
            </LogMessageOnError>
          </Item>
          <Item Type="ArtOfTest.WebAii.Design.AutomationStepResult" Version="2011.1.729.0">
            <ResultType Type="ArtOfTest.Common.Design.ResultType">Pass</ResultType>
            <StepDescription Type="System.String">Click 'SearchLink'</StepDescription>
            <TestId Type="System.String">e00b90f3-db1f-45f4-b140-c7add24427af</TestId>
            <TestName Type="System.String">ListViewSlider</TestName>
            <TestPath Type="System.String">AeroViewr\ListViewSlider.aii</TestPath>
            <TestStepNumber Type="System.Int32">3</TestStepNumber>
            <Order Type="System.Int32">4</Order>
            <LogMessageOnError Type="System.String">
            </LogMessageOnError>
          </Item>
          <Item Type="ArtOfTest.WebAii.Design.AutomationStepResult" Version="2011.1.729.0">
            <ResultType Type="ArtOfTest.Common.Design.ResultType">Pass</ResultType>
            <StepDescription Type="System.String">Desktop command: Drag &amp; Drop DragLink to Window Target</StepDescription>
            <TestId Type="System.String">e00b90f3-db1f-45f4-b140-c7add24427af</TestId>
            <TestName Type="System.String">ListViewSlider</TestName>
            <TestPath Type="System.String">AeroViewr\ListViewSlider.aii</TestPath>
            <TestStepNumber Type="System.Int32">4</TestStepNumber>
            <Order Type="System.Int32">5</Order>
            <LogMessageOnError Type="System.String">
            </LogMessageOnError>
          </Item>
          <Item Type="ArtOfTest.WebAii.Design.AutomationStepResult" Version="2011.1.729.0">
            <ResultType Type="ArtOfTest.Common.Design.ResultType">Pass</ResultType>
            <StepDescription Type="System.String">Wait for '1500' msec.</StepDescription>
            <TestId Type="System.String">e00b90f3-db1f-45f4-b140-c7add24427af</TestId>
            <TestName Type="System.String">ListViewSlider</TestName>
            <TestPath Type="System.String">AeroViewr\ListViewSlider.aii</TestPath>
            <TestStepNumber Type="System.Int32">5</TestStepNumber>
            <Order Type="System.Int32">6</Order>
            <LogMessageOnError Type="System.String">
            </LogMessageOnError>
          </Item>
          <Item Type="ArtOfTest.WebAii.Design.AutomationStepResult" Version="2011.1.729.0">
            <ResultType Type="ArtOfTest.Common.Design.ResultType">Pass</ResultType>
            <StepDescription Type="System.String">Verify element 'x10Link' 'is' visible.</StepDescription>
            <TestId Type="System.String">e00b90f3-db1f-45f4-b140-c7add24427af</TestId>
            <TestName Type="System.String">ListViewSlider</TestName>
            <TestPath Type="System.String">AeroViewr\ListViewSlider.aii</TestPath>
            <TestStepNumber Type="System.Int32">6</TestStepNumber>
            <Order Type="System.Int32">7</Order>
            <LogMessageOnError Type="System.String">
            </LogMessageOnError>
          </Item>
        </AutomationStepResults>
        <NotRunStepDescriptions />
        <PerStepMessages Type="System.String">Overall Result: Pass
------------------------------------------------------------
'8/18/2011 10:16:41 AM' - Starting execution....
------------------------------------------------------------
'8/18/2011 10:16:43 AM' - 'Pass' : 1. Navigate to : '/aeroviewr/'
'8/18/2011 10:16:46 AM' - 'Pass' : 2. Wait for '3000' msec.
'8/18/2011 10:16:46 AM' - 'Pass' : 3. Set 'SearchBoxText' text to 'kendo'
'8/18/2011 10:16:46 AM' - 'Pass' : 4. Click 'SearchLink'
'8/18/2011 10:16:52 AM' - 'Pass' : 5. Desktop command: Drag &amp; Drop DragLink to Window Target
'8/18/2011 10:16:54 AM' - 'Pass' : 6. Wait for '1500' msec.
'8/18/2011 10:16:54 AM' - 'Pass' : 7. Verify element 'x10Link' 'is' visible.
------------------------------------------------------------
'8/18/2011 10:16:54 AM' - Overall Result: Pass
'8/18/2011 10:16:54 AM' - Duration: [0 min: 11 sec: 362 msec]
------------------------------------------------------------
'8/18/2011 10:16:54 AM' - Test completed!
</PerStepMessages>
        <TotalNumberOfPassedSteps Type="System.Int32">7</TotalNumberOfPassedSteps>
        <ExecutingTestStepCount Type="System.Int32">7</ExecutingTestStepCount>
        <TotalNumberOfNotRunSteps Type="System.Int32">0</TotalNumberOfNotRunSteps>
        <IsDataDrivenResult Type="System.Boolean">False</IsDataDrivenResult>
        <SeparatorLineCharCount Type="System.Int32">60</SeparatorLineCharCount>
        <ExecutionType Type="ArtOfTest.Common.Design.ExecutionType">QuickExecution</ExecutionType>
        <EndTime Type="System.DateTime">2011-08-18 07:16:54Z</EndTime>
        <StarTime Type="System.DateTime">2011-08-18 07:16:42Z</StarTime>
        <DataIterationResults />
      </WebAiiTestResult>
    </WebAiiTestResult>
    <WebAiiTestResult executionId="338fae9c-d60d-4799-ae5c-f23c7ec956d2" testId="1717c04f-9fa1-469b-bd54-772018aa114c" testName="LogIn" computerName="AGGEORGIEV" duration="00:00:41.6587074" startTime="2011-08-18T10:17:26.9066436+03:00" endTime="2011-08-18T10:18:08.5702158+03:00" testType="c4241296-3c6e-46b1-bf92-e0bd3e0eb017" outcome="Passed" testListId="8c84fa94-04c1-424b-9868-57a2d4851a1d" relativeResultsDirectory="338fae9c-d60d-4799-ae5c-f23c7ec956d2" xmlns="http://artoftest.com/schemas/WebAiiDesignCanvas/1.0.0">
      <Output xmlns="http://microsoft.com/schemas/VisualStudio/TeamTest/2010">
        <ErrorInfo>
          <Message>Overall Result: Pass
------------------------------------------------------------
'8/18/2011 10:17:26 AM' - Starting execution....
------------------------------------------------------------
'8/18/2011 10:17:32 AM' - 'Pass' : 1. Navigate to : 'http://www.flickr.com'
'8/18/2011 10:17:33 AM' - 'Pass' : 2. IF (Verify Exists 'EditYourImage') THEN
Logical step encountered. Executing branch =&gt; IF (Verify Exists 'EditYourImage') THEN:
------------------------------------------------------------
Condition Evaluation Details:

------------------------------------------------------------
'8/18/2011 10:17:33 AM' - 'Pass' : 3. Navigate to : '/aeroviewr/'

'8/18/2011 10:17:33 AM' - 'Pass' : 17. Navigate to : '/aeroviewr/'
'8/18/2011 10:17:33 AM' - 'Pass' : 18. Wait for '250' msec.
'8/18/2011 10:17:35 AM' - 'Pass' : 19. IF (Verify 'TextContent' 'Contains' 'Sign in' on 'SigninLink') THEN
Logical step encountered. Executing branch =&gt; IF (Verify 'TextContent' 'Contains' 'Sign in' on 'SigninLink') THEN:
------------------------------------------------------------
Condition Evaluation Details:

Parameters:
-----------
TagSegmentType  = 'TextContent'
CompareType     = 'Contains'
ExpectedString  = Expected:[Sign in] , Actual:[Sign in]

------------------------------------------------------------
'8/18/2011 10:17:35 AM' - 'Pass' : 20. Click 'SigninLink'
'8/18/2011 10:17:35 AM' - 'Pass' : 21. Verify 'InnerText' 'Contains' 'Signed in as' on 'UserInfoSpan'

------------------------------------------------------------
'8/18/2011 10:17:35 AM' - Overall Result: Pass
'8/18/2011 10:17:35 AM' - Duration: [0 min: 7 sec: 544 msec]
------------------------------------------------------------
'8/18/2011 10:17:36 AM' - Test completed!
</Message>
        </ErrorInfo>
      </Output>
      <WebAiiTestResult Type="ArtOfTest.WebAii.Design.Execution.TestResult" Version="2011.1.729.0" xmlns="">
        <TestId Type="System.String">1717c04f-9fa1-469b-bd54-772018aa114c</TestId>
        <TestName Type="System.String">LogIn</TestName>
        <TestPath Type="System.String">AeroViewr\LogIn.aii</TestPath>
        <ProjectPath Type="System.String">
        </ProjectPath>
        <ResultType Type="ArtOfTest.Common.Design.ResultType">Pass</ResultType>
        <AutomationStepResults>
          <Item Type="ArtOfTest.WebAii.Design.AutomationStepResult" Version="2011.1.729.0">
            <ResultType Type="ArtOfTest.Common.Design.ResultType">Pass</ResultType>
            <StepDescription Type="System.String">Navigate to : 'http://www.flickr.com'</StepDescription>
            <TestId Type="System.String">1717c04f-9fa1-469b-bd54-772018aa114c</TestId>
            <TestName Type="System.String">LogIn</TestName>
            <TestPath Type="System.String">AeroViewr\LogIn.aii</TestPath>
            <TestStepNumber Type="System.Int32">0</TestStepNumber>
            <Order Type="System.Int32">1</Order>
            <LogMessageOnError Type="System.String">
            </LogMessageOnError>
          </Item>
          <Item Type="ArtOfTest.WebAii.Design.Execution.LogicalStepResult" Version="2011.1.729.0">
            <ResultType Type="ArtOfTest.Common.Design.ResultType">Pass</ResultType>
            <StepDescription Type="System.String">IF (Verify Exists 'EditYourImage') THEN</StepDescription>
            <TestId Type="System.String">1717c04f-9fa1-469b-bd54-772018aa114c</TestId>
            <TestName Type="System.String">LogIn</TestName>
            <TestPath Type="System.String">AeroViewr\LogIn.aii</TestPath>
            <TestStepNumber Type="System.Int32">1</TestStepNumber>
            <Order Type="System.Int32">2</Order>
            <LogMessageOnError Type="System.String">
            </LogMessageOnError>
            <TestResult Type="ArtOfTest.WebAii.Design.Execution.TestResult" Version="2011.1.729.0">
              <TestId Type="System.String">1717c04f-9fa1-469b-bd54-772018aa114c</TestId>
              <TestName Type="System.String">LogIn</TestName>
              <TestPath Type="System.String">AeroViewr\LogIn.aii</TestPath>
              <ProjectPath Type="System.String">
              </ProjectPath>
              <ResultType Type="ArtOfTest.Common.Design.ResultType">Pass</ResultType>
              <AutomationStepResults />
              <NotRunStepDescriptions>
                <Item Type="System.String">Navigate to : 'http://www.flickr.com'</Item>
                <Item Type="System.String">IF (Verify Exists 'EditYourImage') THEN</Item>
                <Item Type="System.String">Navigate to : '/aeroviewr/'</Item>
                <Item Type="System.String">Wait for '250' msec.</Item>
                <Item Type="System.String">IF (Verify 'TextContent' 'Contains' 'Sign in' on 'SigninLink') THEN</Item>
              </NotRunStepDescriptions>
              <PerStepMessages Type="System.String">
              </PerStepMessages>
              <TotalNumberOfPassedSteps Type="System.Int32">0</TotalNumberOfPassedSteps>
              <ExecutingTestStepCount Type="System.Int32">0</ExecutingTestStepCount>
              <TotalNumberOfNotRunSteps Type="System.Int32">0</TotalNumberOfNotRunSteps>
              <IsDataDrivenResult Type="System.Boolean">False</IsDataDrivenResult>
              <SeparatorLineCharCount Type="System.Int32">60</SeparatorLineCharCount>
              <ExecutionType Type="ArtOfTest.Common.Design.ExecutionType">QuickExecution</ExecutionType>
              <EndTime Type="System.DateTime">2011-08-18 07:17:32Z</EndTime>
              <StarTime Type="System.DateTime">2011-08-18 07:17:32Z</StarTime>
              <DataIterationResults />
            </TestResult>
            <innerResult Type="ArtOfTest.WebAii.Design.Execution.TestResult" Version="2011.1.729.0">
              <TestId Type="System.String">1717c04f-9fa1-469b-bd54-772018aa114c</TestId>
              <TestName Type="System.String">
              </TestName>
              <ProjectPath Type="System.String">
              </ProjectPath>
              <ResultType Type="ArtOfTest.Common.Design.ResultType">Pass</ResultType>
              <AutomationStepResults>
                <Item Type="ArtOfTest.WebAii.Design.AutomationStepResult" Version="2011.1.729.0">
                  <ResultType Type="ArtOfTest.Common.Design.ResultType">Pass</ResultType>
                  <StepDescription Type="System.String">Navigate to : '/aeroviewr/'</StepDescription>
                  <TestId Type="System.String">1717c04f-9fa1-469b-bd54-772018aa114c</TestId>
                  <TestName Type="System.String">LogIn</TestName>
                  <TestPath Type="System.String">AeroViewr\LogIn.aii</TestPath>
                  <TestStepNumber Type="System.Int32">0</TestStepNumber>
                  <Order Type="System.Int32">3</Order>
                  <LogMessageOnError Type="System.String">
                  </LogMessageOnError>
                </Item>
              </AutomationStepResults>
              <NotRunStepDescriptions />
              <PerStepMessages Type="System.String">'8/18/2011 10:17:33 AM' - 'Pass' : 3. Navigate to : '/aeroviewr/'
</PerStepMessages>
              <TotalNumberOfPassedSteps Type="System.Int32">1</TotalNumberOfPassedSteps>
[...]
            <Order Type="System.Int32">6</Order>
            <LogMessageOnError Type="System.String">
            </LogMessageOnError>
          </Item>
          <Item Type="ArtOfTest.WebAii.Design.AutomationStepResult" Version="2011.1.729.0">
            <ResultType Type="ArtOfTest.Common.Design.ResultType">Pass</ResultType>
            <StepDescription Type="System.String">Click 'Kendo4Image'</StepDescription>
            <TestId Type="System.String">81272445-c191-48a7-9f7e-4efc378d84b1</TestId>
            <TestName Type="System.String">SearchOpenImage</TestName>
            <TestPath Type="System.String">AeroViewr\SearchOpenImage.aii</TestPath>
            <TestStepNumber Type="System.Int32">6</TestStepNumber>
            <Order Type="System.Int32">7</Order>
            <LogMessageOnError Type="System.String">
            </LogMessageOnError>
          </Item>
          <Item Type="ArtOfTest.WebAii.Design.AutomationStepResult" Version="2011.1.729.0">
            <ResultType Type="ArtOfTest.Common.Design.ResultType">Pass</ResultType>
            <StepDescription Type="System.String">Verify element 'BigPhotoImage' 'is' visible.</StepDescription>
            <TestId Type="System.String">81272445-c191-48a7-9f7e-4efc378d84b1</TestId>
            <TestName Type="System.String">SearchOpenImage</TestName>
            <TestPath Type="System.String">AeroViewr\SearchOpenImage.aii</TestPath>
            <TestStepNumber Type="System.Int32">7</TestStepNumber>
            <Order Type="System.Int32">8</Order>
            <LogMessageOnError Type="System.String">
            </LogMessageOnError>
          </Item>
          <Item Type="ArtOfTest.WebAii.Design.AutomationStepResult" Version="2011.1.729.0">
            <ResultType Type="ArtOfTest.Common.Design.ResultType">Pass</ResultType>
            <StepDescription Type="System.String">Click 'PhotoWrapSectionTag'</StepDescription>
            <TestId Type="System.String">81272445-c191-48a7-9f7e-4efc378d84b1</TestId>
            <TestName Type="System.String">SearchOpenImage</TestName>
            <TestPath Type="System.String">AeroViewr\SearchOpenImage.aii</TestPath>
            <TestStepNumber Type="System.Int32">8</TestStepNumber>
            <Order Type="System.Int32">9</Order>
            <LogMessageOnError Type="System.String">
            </LogMessageOnError>
          </Item>
          <Item Type="ArtOfTest.WebAii.Design.AutomationStepResult" Version="2011.1.729.0">
            <ResultType Type="ArtOfTest.Common.Design.ResultType">Pass</ResultType>
            <StepDescription Type="System.String">Wait for '1000' msec.</StepDescription>
            <TestId Type="System.String">81272445-c191-48a7-9f7e-4efc378d84b1</TestId>
            <TestName Type="System.String">SearchOpenImage</TestName>
            <TestPath Type="System.String">AeroViewr\SearchOpenImage.aii</TestPath>
            <TestStepNumber Type="System.Int32">9</TestStepNumber>
            <Order Type="System.Int32">10</Order>
            <LogMessageOnError Type="System.String">
            </LogMessageOnError>
          </Item>
          <Item Type="ArtOfTest.WebAii.Design.AutomationStepResult" Version="2011.1.729.0">
            <ResultType Type="ArtOfTest.Common.Design.ResultType">Pass</ResultType>
            <StepDescription Type="System.String">Verify element 'Kendo4Image' 'is not' visible.</StepDescription>
            <TestId Type="System.String">81272445-c191-48a7-9f7e-4efc378d84b1</TestId>
            <TestName Type="System.String">SearchOpenImage</TestName>
            <TestPath Type="System.String">AeroViewr\SearchOpenImage.aii</TestPath>
            <TestStepNumber Type="System.Int32">10</TestStepNumber>
            <Order Type="System.Int32">11</Order>
            <LogMessageOnError Type="System.String">
            </LogMessageOnError>
          </Item>
          <Item Type="ArtOfTest.WebAii.Design.AutomationStepResult" Version="2011.1.729.0">
            <ResultType Type="ArtOfTest.Common.Design.ResultType">Pass</ResultType>
            <StepDescription Type="System.String">Wait for '2000' msec.</StepDescription>
            <TestId Type="System.String">81272445-c191-48a7-9f7e-4efc378d84b1</TestId>
            <TestName Type="System.String">SearchOpenImage</TestName>
            <TestPath Type="System.String">AeroViewr\SearchOpenImage.aii</TestPath>
            <TestStepNumber Type="System.Int32">11</TestStepNumber>
            <Order Type="System.Int32">12</Order>
            <LogMessageOnError Type="System.String">
            </LogMessageOnError>
          </Item>
          <Item Type="ArtOfTest.WebAii.Design.AutomationStepResult" Version="2011.1.729.0">
            <ResultType Type="ArtOfTest.Common.Design.ResultType">NotRun</ResultType>
            <StepDescription Type="System.String">Desktop command: LeftClick on BackButtonLink</StepDescription>
            <TestId Type="System.String">81272445-c191-48a7-9f7e-4efc378d84b1</TestId>
            <TestName Type="System.String">SearchOpenImage</TestName>
            <TestPath Type="System.String">AeroViewr\SearchOpenImage.aii</TestPath>
            <TestStepNumber Type="System.Int32">12</TestStepNumber>
            <Order Type="System.Int32">13</Order>
            <LogMessageOnError Type="System.String">
            </LogMessageOnError>
          </Item>
          <Item Type="ArtOfTest.WebAii.Design.AutomationStepResult" Version="2011.1.729.0">
            <ResultType Type="ArtOfTest.Common.Design.ResultType">Pass</ResultType>
            <StepDescription Type="System.String">Click 'BackButtonLink'</StepDescription>
            <TestId Type="System.String">81272445-c191-48a7-9f7e-4efc378d84b1</TestId>
            <TestName Type="System.String">SearchOpenImage</TestName>
            <TestPath Type="System.String">AeroViewr\SearchOpenImage.aii</TestPath>
            <TestStepNumber Type="System.Int32">13</TestStepNumber>
            <Order Type="System.Int32">14</Order>
            <LogMessageOnError Type="System.String">
            </LogMessageOnError>
          </Item>
          <Item Type="ArtOfTest.WebAii.Design.AutomationStepResult" Version="2011.1.729.0">
            <ResultType Type="ArtOfTest.Common.Design.ResultType">Pass</ResultType>
            <StepDescription Type="System.String">Wait for '2000' msec.</StepDescription>
            <TestId Type="System.String">81272445-c191-48a7-9f7e-4efc378d84b1</TestId>
            <TestName Type="System.String">SearchOpenImage</TestName>
            <TestPath Type="System.String">AeroViewr\SearchOpenImage.aii</TestPath>
            <TestStepNumber Type="System.Int32">14</TestStepNumber>
            <Order Type="System.Int32">15</Order>
            <LogMessageOnError Type="System.String">
            </LogMessageOnError>
          </Item>
          <Item Type="ArtOfTest.WebAii.Design.AutomationStepResult" Version="2011.1.729.0">
            <ResultType Type="ArtOfTest.Common.Design.ResultType">Pass</ResultType>
            <StepDescription Type="System.String">Wait for element 'Kendo4Image' 'is' visible.</StepDescription>
            <TestId Type="System.String">81272445-c191-48a7-9f7e-4efc378d84b1</TestId>
            <TestName Type="System.String">SearchOpenImage</TestName>
            <TestPath Type="System.String">AeroViewr\SearchOpenImage.aii</TestPath>
            <TestStepNumber Type="System.Int32">15</TestStepNumber>
            <Order Type="System.Int32">16</Order>
            <LogMessageOnError Type="System.String">
            </LogMessageOnError>
          </Item>
          <Item Type="ArtOfTest.WebAii.Design.AutomationStepResult" Version="2011.1.729.0">
            <ResultType Type="ArtOfTest.Common.Design.ResultType">Pass</ResultType>
            <StepDescription Type="System.String">Click 'BackButtonLink'</StepDescription>
            <TestId Type="System.String">81272445-c191-48a7-9f7e-4efc378d84b1</TestId>
            <TestName Type="System.String">SearchOpenImage</TestName>
            <TestPath Type="System.String">AeroViewr\SearchOpenImage.aii</TestPath>
            <TestStepNumber Type="System.Int32">16</TestStepNumber>
            <Order Type="System.Int32">17</Order>
            <LogMessageOnError Type="System.String">
            </LogMessageOnError>
          </Item>
          <Item Type="ArtOfTest.WebAii.Design.AutomationStepResult" Version="2011.1.729.0">
            <ResultType Type="ArtOfTest.Common.Design.ResultType">Pass</ResultType>
            <StepDescription Type="System.String">Wait for '1000' msec.</StepDescription>
            <TestId Type="System.String">81272445-c191-48a7-9f7e-4efc378d84b1</TestId>
            <TestName Type="System.String">SearchOpenImage</TestName>
            <TestPath Type="System.String">AeroViewr\SearchOpenImage.aii</TestPath>
            <TestStepNumber Type="System.Int32">17</TestStepNumber>
            <Order Type="System.Int32">18</Order>
            <LogMessageOnError Type="System.String">
            </LogMessageOnError>
          </Item>
          <Item Type="ArtOfTest.WebAii.Design.AutomationStepResult" Version="2011.1.729.0">
            <ResultType Type="ArtOfTest.Common.Design.ResultType">Pass</ResultType>
            <StepDescription Type="System.String">Verify 'TextContent' 'Contains' 'Back to search results' on 'BackButtonLink'</StepDescription>
            <TestId Type="System.String">81272445-c191-48a7-9f7e-4efc378d84b1</TestId>
            <TestName Type="System.String">SearchOpenImage</TestName>
            <TestPath Type="System.String">AeroViewr\SearchOpenImage.aii</TestPath>
            <TestStepNumber Type="System.Int32">18</TestStepNumber>
            <Order Type="System.Int32">19</Order>
            <LogMessageOnError Type="System.String">
            </LogMessageOnError>
          </Item>
        </AutomationStepResults>
        <NotRunStepDescriptions />
        <PerStepMessages Type="System.String">Overall Result: Pass
------------------------------------------------------------
'8/18/2011 10:21:13 AM' - Starting execution....
------------------------------------------------------------
'8/18/2011 10:21:14 AM' - 'Pass' : 1. Navigate to : '/aeroviewr/'
'8/18/2011 10:21:17 AM' - 'Pass' : 2. Wait for '3000' msec.
'8/18/2011 10:21:17 AM' - 'Pass' : 3. Set 'SearchBoxText' text to 'kendo'
'8/18/2011 10:21:18 AM' - 'Pass' : 4. Click 'SearchLink'
'8/18/2011 10:21:18 AM' - 'Pass' : 5. Click 'MainSectionTag'
'8/18/2011 10:21:22 AM' - 'Pass' : 6. Wait for '3800' msec.
'8/18/2011 10:21:22 AM' - 'Pass' : 7. Click 'Kendo4Image'
'8/18/2011 10:21:23 AM' - 'Pass' : 8. Verify element 'BigPhotoImage' 'is' visible.
'8/18/2011 10:21:23 AM' - 'Pass' : 9. Click 'PhotoWrapSectionTag'
'8/18/2011 10:21:24 AM' - 'Pass' : 10. Wait for '1000' msec.
'8/18/2011 10:21:25 AM' - 'Pass' : 11. Verify element 'Kendo4Image' 'is not' visible.
'8/18/2011 10:21:27 AM' - 'Pass' : 12. Wait for '2000' msec.
'8/18/2011 10:21:27 AM' - 'NotRun' : 13. Desktop command: LeftClick on BackButtonLink
'8/18/2011 10:21:28 AM' - 'Pass' : 14. Click 'BackButtonLink'
'8/18/2011 10:21:30 AM' - 'Pass' : 15. Wait for '2000' msec.
'8/18/2011 10:21:31 AM' - 'Pass' : 16. Wait for element 'Kendo4Image' 'is' visible.
'8/18/2011 10:21:31 AM' - 'Pass' : 17. Click 'BackButtonLink'
'8/18/2011 10:21:32 AM' - 'Pass' : 18. Wait for '1000' msec.
'8/18/2011 10:21:32 AM' - 'Pass' : 19. Verify 'TextContent' 'Contains' 'Back to search results' on 'BackButtonLink'
------------------------------------------------------------
'8/18/2011 10:21:32 AM' - Overall Result: Pass
'8/18/2011 10:21:32 AM' - Duration: [0 min: 18 sec: 546 msec]
------------------------------------------------------------
'8/18/2011 10:21:33 AM' - Test completed!
</PerStepMessages>
        <TotalNumberOfPassedSteps Type="System.Int32">18</TotalNumberOfPassedSteps>
        <ExecutingTestStepCount Type="System.Int32">18</ExecutingTestStepCount>
        <TotalNumberOfNotRunSteps Type="System.Int32">1</TotalNumberOfNotRunSteps>
        <IsDataDrivenResult Type="System.Boolean">False</IsDataDrivenResult>
        <SeparatorLineCharCount Type="System.Int32">60</SeparatorLineCharCount>
        <ExecutionType Type="ArtOfTest.Common.Design.ExecutionType">QuickExecution</ExecutionType>
        <EndTime Type="System.DateTime">2011-08-18 07:21:32Z</EndTime>
        <StarTime Type="System.DateTime">2011-08-18 07:21:14Z</StarTime>
        <DataIterationResults />
      </WebAiiTestResult>
    </WebAiiTestResult>
    <WebAiiTestResult executionId="6a39861a-03b4-4afa-814b-59e0a6f41d45" testId="0983cbaf-ce6d-40bd-8847-34bbae140b4e" testName="UploadNotLogged" computerName="AGGEORGIEV" duration="00:00:12.6894358" startTime="2011-08-18T10:22:05.8420806+03:00" endTime="2011-08-18T10:22:18.5305044+03:00" testType="c4241296-3c6e-46b1-bf92-e0bd3e0eb017" outcome="Passed" testListId="8c84fa94-04c1-424b-9868-57a2d4851a1d" relativeResultsDirectory="6a39861a-03b4-4afa-814b-59e0a6f41d45" xmlns="http://artoftest.com/schemas/WebAiiDesignCanvas/1.0.0">
      <Output xmlns="http://microsoft.com/schemas/VisualStudio/TeamTest/2010">
        <ErrorInfo>
          <Message>Overall Result: Pass
------------------------------------------------------------
'8/18/2011 10:22:05 AM' - Starting execution....
------------------------------------------------------------
'8/18/2011 10:22:07 AM' - 'Pass' : 1. Navigate to : '/aeroviewr/'
'8/18/2011 10:22:09 AM' - 'Pass' : 2. Wait for '1500' msec.
'8/18/2011 10:22:09 AM' - 'Pass' : 3. Click 'Span1'
'8/18/2011 10:22:09 AM' - 'Pass' : 4. Verify 'TextContent' 'Contains' 'You mustto upload photos.' on 'YouMusttoH1Tag'
'8/18/2011 10:22:09 AM' - 'Pass' : 5. Verify 'TextContent' 'Contains' 'sign in' on 'UploadSignInLink'
------------------------------------------------------------
'8/18/2011 10:22:09 AM' - Overall Result: Pass
'8/18/2011 10:22:09 AM' - Duration: [0 min: 2 sec: 344 msec]
------------------------------------------------------------
'8/18/2011 10:22:09 AM' - Test completed!
</Message>
        </ErrorInfo>
      </Output>
      <WebAiiTestResult Type="ArtOfTest.WebAii.Design.Execution.TestResult" Version="2011.1.729.0" xmlns="">
        <TestId Type="System.String">0983cbaf-ce6d-40bd-8847-34bbae140b4e</TestId>
        <TestName Type="System.String">UploadNotLogged</TestName>
        <TestPath Type="System.String">AeroViewr\UploadNotLogged.aii</TestPath>
        <ProjectPath Type="System.String">
        </ProjectPath>
        <ResultType Type="ArtOfTest.Common.Design.ResultType">Pass</ResultType>
        <AutomationStepResults>
          <Item Type="ArtOfTest.WebAii.Design.AutomationStepResult" Version="2011.1.729.0">
            <ResultType Type="ArtOfTest.Common.Design.ResultType">Pass</ResultType>
            <StepDescription Type="System.String">Navigate to : '/aeroviewr/'</StepDescription>
            <TestId Type="System.String">0983cbaf-ce6d-40bd-8847-34bbae140b4e</TestId>
            <TestName Type="System.String">UploadNotLogged</TestName>
            <TestPath Type="System.String">AeroViewr\UploadNotLogged.aii</TestPath>
            <TestStepNumber Type="System.Int32">0</TestStepNumber>
            <Order Type="System.Int32">1</Order>
            <LogMessageOnError Type="System.String">
            </LogMessageOnError>
          </Item>
          <Item Type="ArtOfTest.WebAii.Design.AutomationStepResult" Version="2011.1.729.0">
            <ResultType Type="ArtOfTest.Common.Design.ResultType">Pass</ResultType>
            <StepDescription Type="System.String">Wait for '1500' msec.</StepDescription>
            <TestId Type="System.String">0983cbaf-ce6d-40bd-8847-34bbae140b4e</TestId>
            <TestName Type="System.String">UploadNotLogged</TestName>
            <TestPath Type="System.String">AeroViewr\UploadNotLogged.aii</TestPath>
            <TestStepNumber Type="System.Int32">1</TestStepNumber>
            <Order Type="System.Int32">2</Order>
            <LogMessageOnError Type="System.String">
            </LogMessageOnError>
          </Item>
          <Item Type="ArtOfTest.WebAii.Design.AutomationStepResult" Version="2011.1.729.0">
            <ResultType Type="ArtOfTest.Common.Design.ResultType">Pass</ResultType>
            <StepDescription Type="System.String">Click 'Span1'</StepDescription>
            <TestId Type="System.String">0983cbaf-ce6d-40bd-8847-34bbae140b4e</TestId>
            <TestName Type="System.String">UploadNotLogged</TestName>
            <TestPath Type="System.String">AeroViewr\UploadNotLogged.aii</TestPath>
            <TestStepNumber Type="System.Int32">2</TestStepNumber>
            <Order Type="System.Int32">3</Order>
            <LogMessageOnError Type="System.String">
            </LogMessageOnError>
          </Item>
          <Item Type="ArtOfTest.WebAii.Design.AutomationStepResult" Version="2011.1.729.0">
            <ResultType Type="ArtOfTest.Common.Design.ResultType">Pass</ResultType>
            <StepDescription Type="System.String">Verify 'TextContent' 'Contains' 'You mustto upload photos.' on 'YouMusttoH1Tag'</StepDescription>
            <TestId Type="System.String">0983cbaf-ce6d-40bd-8847-34bbae140b4e</TestId>
            <TestName Type="System.String">UploadNotLogged</TestName>
            <TestPath Type="System.String">AeroViewr\UploadNotLogged.aii</TestPath>
            <TestStepNumber Type="System.Int32">3</TestStepNumber>
            <Order Type="System.Int32">4</Order>
            <LogMessageOnError Type="System.String">
            </LogMessageOnError>
          </Item>
          <Item Type="ArtOfTest.WebAii.Design.AutomationStepResult" Version="2011.1.729.0">
            <ResultType Type="ArtOfTest.Common.Design.ResultType">Pass</ResultType>
            <StepDescription Type="System.String">Verify 'TextContent' 'Contains' 'sign in' on 'UploadSignInLink'</StepDescription>
            <TestId Type="System.String">0983cbaf-ce6d-40bd-8847-34bbae140b4e</TestId>
            <TestName Type="System.String">UploadNotLogged</TestName>
            <TestPath Type="System.String">AeroViewr\UploadNotLogged.aii</TestPath>
            <TestStepNumber Type="System.Int32">4</TestStepNumber>
            <Order Type="System.Int32">5</Order>
            <LogMessageOnError Type="System.String">
            </LogMessageOnError>
          </Item>
        </AutomationStepResults>
        <NotRunStepDescriptions />
        <PerStepMessages Type="System.String">Overall Result: Pass
------------------------------------------------------------
'8/18/2011 10:22:05 AM' - Starting execution....
------------------------------------------------------------
'8/18/2011 10:22:07 AM' - 'Pass' : 1. Navigate to : '/aeroviewr/'
'8/18/2011 10:22:09 AM' - 'Pass' : 2. Wait for '1500' msec.
'8/18/2011 10:22:09 AM' - 'Pass' : 3. Click 'Span1'
'8/18/2011 10:22:09 AM' - 'Pass' : 4. Verify 'TextContent' 'Contains' 'You mustto upload photos.' on 'YouMusttoH1Tag'
'8/18/2011 10:22:09 AM' - 'Pass' : 5. Verify 'TextContent' 'Contains' 'sign in' on 'UploadSignInLink'
------------------------------------------------------------
'8/18/2011 10:22:09 AM' - Overall Result: Pass
'8/18/2011 10:22:09 AM' - Duration: [0 min: 2 sec: 344 msec]
------------------------------------------------------------
'8/18/2011 10:22:09 AM' - Test completed!
</PerStepMessages>
        <TotalNumberOfPassedSteps Type="System.Int32">5</TotalNumberOfPassedSteps>
        <ExecutingTestStepCount Type="System.Int32">5</ExecutingTestStepCount>
        <TotalNumberOfNotRunSteps Type="System.Int32">0</TotalNumberOfNotRunSteps>
        <IsDataDrivenResult Type="System.Boolean">False</IsDataDrivenResult>
        <SeparatorLineCharCount Type="System.Int32">60</SeparatorLineCharCount>
        <ExecutionType Type="ArtOfTest.Common.Design.ExecutionType">QuickExecution</ExecutionType>
        <EndTime Type="System.DateTime">2011-08-18 07:22:09Z</EndTime>
        <StarTime Type="System.DateTime">2011-08-18 07:22:07Z</StarTime>
        <DataIterationResults />
      </WebAiiTestResult>
    </WebAiiTestResult>
  </Results>
</TestRun>